 (NOBRIDGE) LOG  [MetaMask DEBUG]: AccountTreeController state persisted successfully
 (NOBRIDGE) DEBUG  PerpsStreamProvider: Using stream manager: {"isE2EMockManager": false, "isRealManager": true, "isTestManager": false}
 (NOBRIDGE) LOG  [MetaMask DEBUG]: MultichainAssetsController state persisted successfully
 (NOBRIDGE) LOG  [MetaMask DEBUG]: MultichainBalancesController state persisted successfully
 (NOBRIDGE) LOG  [MetaMask DEBUG]: PerpsController state persisted successfully
 (NOBRIDGE) LOG  [MetaMask DEBUG]: PerpsController state persisted successfully
 (NOBRIDGE) WARN  An internal error occurred:  [Error: Queue restoration timeout]
 (NOBRIDGE) WARN  Flush triggered but queue restoration and settings loading not complete. Flush will be retried. [Error: Promise timed out]
 (NOBRIDGE) INFO  Sent 7 events
 (NOBRIDGE) LOG  [MetaMask DEBUG]: PerpsController state persisted successfully
 (NOBRIDGE) LOG  [MetaMask DEBUG]: MultichainBalancesController state persisted successfully
 (NOBRIDGE) LOG  [MetaMask DEBUG]: MultichainAssetsController state persisted successfully
 (NOBRIDGE) LOG  [MetaMask DEBUG]: SnapController state persisted successfully
 (NOBRIDGE) LOG  [MetaMask DEBUG]: PerpsController state persisted successfully
 (NOBRIDGE) LOG  [MetaMask DEBUG]: PerpsController state persisted successfully
 (NOBRIDGE) LOG  [MetaMask DEBUG]: PerpsController state persisted successfully
 (NOBRIDGE) LOG  [MetaMask DEBUG]: MultichainBalancesController state persisted successfully
 (NOBRIDGE) LOG  [MetaMask DEBUG]: MultichainAssetsController state persisted successfully
 (NOBRIDGE) LOG  [MetaMask DEBUG]: MultichainBalancesController state persisted successfully
 (NOBRIDGE) LOG  [MetaMask DEBUG]: PerpsController state persisted successfully
 (NOBRIDGE) LOG  [MetaMask DEBUG]: PerpsController state persisted successfully
 (NOBRIDGE) LOG  [MetaMask DEBUG]: PerpsController state persisted successfully
 (NOBRIDGE) LOG  [MetaMask DEBUG]: PerpsController state persisted successfully
 (NOBRIDGE) LOG  [MetaMask DEBUG]: MultichainAssetsController state persisted successfully
 (NOBRIDGE) LOG  [MetaMask DEBUG]: MultichainBalancesController state persisted successfully
 (NOBRIDGE) LOG  [MetaMask DEBUG]: PerpsController state persisted successfully
 (NOBRIDGE) LOG  [MetaMask DEBUG]: PerpsController state persisted successfully
 (NOBRIDGE) LOG  [MetaMask DEBUG]: PerpsController state persisted successfully
 (NOBRIDGE) LOG  [MetaMask DEBUG]: PerpsController state persisted successfully
 (NOBRIDGE) LOG  [MetaMask DEBUG]: PerpsController state persisted successfully
 (NOBRIDGE) LOG  [MetaMask DEBUG]: PerpsController state persisted successfully
 (NOBRIDGE) LOG  [MetaMask DEBUG]: MultichainBalancesController state persisted successfully
 (NOBRIDGE) LOG  [MetaMask DEBUG]: MultichainAssetsController state persisted successfully
 (NOBRIDGE) LOG  [MetaMask DEBUG]: PerpsController state persisted successfully
 (NOBRIDGE) LOG  [MetaMask DEBUG]: PerpsController state persisted successfully
 (NOBRIDGE) LOG  [MetaMask DEBUG]: PerpsController state persisted successfully
 (NOBRIDGE) LOG  [MetaMask DEBUG]: PerpsController state persisted successfully
 (NOBRIDGE) LOG  [MetaMask DEBUG]: PerpsController state persisted successfully
 (NOBRIDGE) LOG  [MetaMask DEBUG]: MultichainAssetsController state persisted successfully
 (NOBRIDGE) LOG  [MetaMask DEBUG]: MultichainBalancesController state persisted successfully
 (NOBRIDGE) LOG  [MetaMask DEBUG]: PerpsController state persisted successfully
 (NOBRIDGE) LOG  [MetaMask DEBUG]: PerpsController state persisted successfully
 (NOBRIDGE) LOG  [MetaMask DEBUG]: PerpsController state persisted successfully
 (NOBRIDGE) LOG  [MetaMask DEBUG]: PerpsController state persisted successfully
 (NOBRIDGE) LOG  [MetaMask DEBUG]: PerpsController state persisted successfully
 (NOBRIDGE) LOG  [MetaMask DEBUG]: CurrencyRateController state persisted successfully
 (NOBRIDGE) LOG  [MetaMask DEBUG]: PerpsController state persisted successfully
 (NOBRIDGE) LOG  [MetaMask DEBUG]: MultichainAssetsRatesController state persisted successfully
 (NOBRIDGE) LOG  [MetaMask DEBUG]: MultichainAssetsController state persisted successfully
 (NOBRIDGE) LOG  [MetaMask DEBUG]: MultichainBalancesController state persisted successfully
 (NOBRIDGE) LOG  [MetaMask DEBUG]: PerpsController state persisted successfully
 (NOBRIDGE) LOG  [MetaMask DEBUG]: PerpsController state persisted successfully
 (NOBRIDGE) LOG  [MetaMask DEBUG]: PerpsController state persisted successfully
 (NOBRIDGE) LOG  [MetaMask DEBUG]: PerpsController state persisted successfully
 (NOBRIDGE) LOG  [MetaMask DEBUG]: PerpsController state persisted successfully
 (NOBRIDGE) LOG  [MetaMask DEBUG]: PerpsController state persisted successfully
 (NOBRIDGE) LOG  [MetaMask DEBUG]: MultichainAssetsController state persisted successfully
 (NOBRIDGE) LOG  [MetaMask DEBUG]: MultichainBalancesController state persisted successfully
 (NOBRIDGE) LOG  [MetaMask DEBUG]: PerpsController state persisted successfully
 (NOBRIDGE) LOG  [MetaMask DEBUG]: PerpsController state persisted successfully
 (NOBRIDGE) LOG  [MetaMask DEBUG]: PerpsController state persisted successfully
 (NOBRIDGE) LOG  [MetaMask DEBUG]: PerpsController state persisted successfully
 (NOBRIDGE) LOG  [MetaMask DEBUG]: PerpsController state persisted successfully
 (NOBRIDGE) LOG  [MetaMask DEBUG]: MultichainAssetsController state persisted successfully
 (NOBRIDGE) LOG  [MetaMask DEBUG]: MultichainBalancesController state persisted successfully
 (NOBRIDGE) LOG  [MetaMask DEBUG]: PerpsController state persisted successfully
 (NOBRIDGE) LOG  [MetaMask DEBUG]: PerpsController state persisted successfully
 (NOBRIDGE) LOG  [MetaMask DEBUG]: PerpsController state persisted successfully
 (NOBRIDGE) LOG  [MetaMask DEBUG]: PerpsController state persisted successfully
 (NOBRIDGE) LOG  [MetaMask DEBUG]: PerpsController state persisted successfully
 (NOBRIDGE) LOG  [MetaMask DEBUG]: MultichainBalancesController state persisted successfully
 (NOBRIDGE) LOG  [MetaMask DEBUG]: MultichainAssetsController state persisted successfully
 (NOBRIDGE) LOG  [MetaMask DEBUG]: PerpsController state persisted successfully
 (NOBRIDGE) LOG  [MetaMask DEBUG]: PerpsController state persisted successfully
 (NOBRIDGE) LOG  [MetaMask DEBUG]: PerpsController state persisted successfully
 (NOBRIDGE) LOG  [MetaMask DEBUG]: PerpsController state persisted successfully
 (NOBRIDGE) DEBUG  PerpsController: Fetching market data in background
 (NOBRIDGE) DEBUG  PerpsController: rest_preload_start
 (NOBRIDGE) DEBUG  Getting market data with prices via HyperLiquid SDK
 (NOBRIDGE) DEBUG  [ensureReady] Reusing existing initialization promise
 (NOBRIDGE) DEBUG  [getMarketDataWithPrices] Using cached meta for main {"universeSize": 229}
 (NOBRIDGE) DEBUG  [getMarketDataWithPrices] Using cached meta for xyz {"universeSize": 63}
 (NOBRIDGE) DEBUG  [getMarketDataWithPrices] No WS allMids snapshot, falling back to REST {"dexParam": "xyz"}
 (NOBRIDGE) DEBUG  HyperLiquidProvider: Aggregated market data from all DEXs {"dexCount": 2, "hip3Markets": 63, "mainDexMarkets": 229, "totalMarkets": 292}
 (NOBRIDGE) DEBUG  Combined allMids price data: {"allKeys": ["0G", "2Z", "@1", "@10", "@100", "@101", "@102", "@103", "@104", "@105", "@106", "@107", "@108", "@109", "@11", "@110", "@111", "@112", "@113", "@114", "@115", "@116", "@117", "@118", "@119", "@12", "@120", "@121", "@122", "@123", "@124", "@125", "@126", "@127", "@128", "@129", "@13", "@130", "@131", "@132", "@133", "@134", "@135", "@136", "@137", "@138", "@139", "@14", "@140", "@141", "@142", "@143", "@144", "@145", "@146", "@147", "@148", "@149", "@15", "@150", "@151", "@152", "@153", "@154", "@155", "@156", "@157", "@158", "@159", "@16", "@160", "@161", "@162", "@163", "@164", "@165", "@166", "@167", "@168", "@169", "@17", "@170", "@171", "@172", "@173", "@174", "@175", "@176", "@177", "@178", "@179", "@18", "@180", "@181", "@182", "@183", "@184", "@185", "@186", "@187", "@188", "@189", "@19", "@190", "@191", "@192", "@193", "@194", "@195", "@196", "@197", "@198", "@199", "@2", "@20", "@200", "@201", "@202", "@203", "@204", "@205", "@206", "@207", "@208", "@209", "@21", "@210", "@211", "@212", "@213", "@214", "@215", "@216", "@217", "@218", "@219", "@22", "@220", "@221", "@222", "@223", "@224", "@225", "@226", "@227", "@228", "@229", "@23", "@230", "@231", "@232", "@233", "@234", "@235", "@236", "@237", "@238", "@239", "@24", "@240", "@241", "@242", "@243", "@244", "@245", "@246", "@247", "@248", "@249", "@25", "@250", "@251", "@252", "@253", "@254", "@255", "@256", "@257", "@258", "@259", "@26", "@260", "@261", "@262", "@263", "@264", "@265", "@266", "@267", "@268", "@269", "@27", "@270", "@271", "@272", "@273", "@274", "@275", "@276", "@277", "@278", "@279", "@28", "@280", "@281", "@282", "@283", "@284", "@285", "@286", "@287", "@288", "@289", "@29", "@290", "@291", "@292", "@293", "@294", "@295", "@296", "@297", "@298", "@299", "@3", "@30", "@300", "@301", "@302", "@303", "@304", "@305", "@306", "@307", "@308", "@31", "@32", "@33", "@34", "@35", "@36", "@37", "@38", "@39", "@4", "@40", "@41", "@42", "@43", "@44", "@45", "@46", "@47", "@48", "@49", "@5", "@50", "@51", "@52", "@53", "@54", "@55", "@56", "@57", "@58", "@59", "@6", "@60", "@61", "@62", "@63", "@64", "@65", "@66", "@67", "@68", "@69", "@7", "@70", "@71", "@72", "@73", "@74", "@75", "@76", "@77", "@78", "@79", "@8", "@80", "@81", "@82", "@83", "@84", "@85", "@86", "@87", "@88", "@89", "@9", "@90", "@91", "@92", "@93", "@94", "@95", "@96", "@97", "@98", "@99", "AAVE", "ACE", "ADA", "AERO", "AI", "AI16Z", "AIXBT", "ALGO", "ALT", "ANIME", "APE", "APEX", "APT", "AR", "ARB", "ARK", "ASTER", "ATOM", "AVAX", "AVNT", "AXS", "AZTEC", "BABY", "BADGER", "BANANA", "BCH", "BERA", "BIGTIME", "BIO", "BLAST", "BLUR", "BLZ", "BNB", "BNT", "BOME", "BRETT", "BSV", "BTC", "CAKE", "CANTO", "CATI", "CC", "CELO", "CFX", "CHILLGUY", "COMP", "CRV", "CYBER", "DASH", "DOGE", "DOOD", "DOT", "DYDX", "DYM", "EIGEN", "ENA", "ENS", "ETC", "ETH", "ETHFI", "FARTCOIN", "FET", "FIL", "FOGO", "FRIEND", "FTM", "FTT", "FXS", "GALA", "GAS", "GMT", "GMX", "GOAT", "GRASS", "GRIFFAIN", "HBAR", "HEMI", "HMSTR", "HPOS", "HYPE", "HYPER", "ICP", "ILV", "IMX", "INIT", "INJ", "IO", "IOTA", "IP", "JELLY", "JTO", "JUP", "KAITO", "KAS", "LAUNCHCOIN", "LAYER", "LDO", "LINEA", "LINK", "LISTA", "LIT", "LOOM", "LTC", "MANTA", "MATIC", "MAV", "MAVIA", "ME", "MEGA", "MELANIA", "MEME", "MERL", "MET", "MEW", "MINA", "MKR", "MNT", "MON", "MOODENG", "MORPHO", "MOVE", "MYRO", "NEAR", "NEIROETH", "NEO", "NFTI", "NIL", "NOT", "NTRN", "NXPC", "OGN", "OM", "OMNI", "ONDO", "OP", "ORBS", "ORDI", "OX", "PANDORA", "PAXG", "PENDLE", "PENGU", "PEOPLE", "PIXEL", "PNUT", "POL", "POLYX", "POPCAT", "PROMPT", "PROVE", "PUMP", "PURR", "PURR/USDC", "PYTH", "RDNT", "RENDER", "REQ", "RESOLV", "REZ", "RLB", "RNDR", "RSR", "RUNE", "S", "SAGA", "SAND", "SCR", "SEI", "SHIA", "SKR", "SKY", "SNX", "SOL", "SOPH", "SPX", "STABLE", "STBL", "STG", "STRAX", "STRK", "STX", "SUI", "SUPER", "SUSHI", "SYRUP", "TAO", "TIA", "TNSR", "TON", "TRB", "TRUMP", "TRX", "TST", "TURBO", "UMA", "UNI", "UNIBOT", "USTC", "USUAL", "VINE", "VIRTUAL", "VVV", "W", "WCT", "WIF", "WLD", "WLFI", "XAI", "XLM", "XMR", "XPL", "XRP", "YGG", "YZY", "ZEC", "ZEN", "ZEREBRO", "ZETA", "ZK", "ZORA", "ZRO", "kBONK", "kDOGS", "kFLOKI", "kLUNC", "kNEIRO", "kPEPE", "kSHIB", "xyz:AAPL", "xyz:ALUMINIUM", "xyz:AMD", "xyz:AMZN", "xyz:BABA", "xyz:BRENTOIL", "xyz:BX", "xyz:CL", "xyz:COIN", "xyz:COPPER", "xyz:CORN", "xyz:COST", "xyz:CRCL", "xyz:CRWV", "xyz:DKNG", "xyz:DXY", "xyz:EUR", "xyz:EWJ", "xyz:EWY", "xyz:GME", "xyz:GOLD", "xyz:GOOGL", "xyz:HIMS", "xyz:HOOD", "xyz:HYUNDAI", "xyz:INTC", "xyz:JP225", "xyz:JPY", "xyz:KIOXIA", "xyz:KR200", "xyz:LITE", "xyz:LLY", "xyz:META", "xyz:MRVL", "xyz:MSFT", "xyz:MSTR", "xyz:MU", "xyz:NATGAS", "xyz:NFLX", "xyz:NVDA", "xyz:ORCL", "xyz:PALLADIUM", "xyz:PLATINUM", "xyz:PLTR", "xyz:PURRDAT", "xyz:RIVN", "xyz:RKLB", "xyz:SILVER", "xyz:SKHX", "xyz:SMSN", "xyz:SNDK", "xyz:SOFTBANK", "xyz:SP500", "xyz:TSLA", "xyz:TSM", "xyz:TTF", "xyz:URANIUM", "xyz:URNM", "xyz:USAR", "xyz:VIX", "xyz:WHEAT", "xyz:XLE", "xyz:XYZ100"], "hip3Keys": ["xyz:AAPL", "xyz:ALUMINIUM", "xyz:AMD", "xyz:AMZN", "xyz:BABA", "xyz:BRENTOIL", "xyz:BX", "xyz:CL", "xyz:COIN", "xyz:COPPER", "xyz:CORN", "xyz:COST", "xyz:CRCL", "xyz:CRWV", "xyz:DKNG", "xyz:DXY", "xyz:EUR", "xyz:EWJ", "xyz:EWY", "xyz:GME", "xyz:GOLD", "xyz:GOOGL", "xyz:HIMS", "xyz:HOOD", "xyz:HYUNDAI", "xyz:INTC", "xyz:JP225", "xyz:JPY", "xyz:KIOXIA", "xyz:KR200", "xyz:LITE", "xyz:LLY", "xyz:META", "xyz:MRVL", "xyz:MSFT", "xyz:MSTR", "xyz:MU", "xyz:NATGAS", "xyz:NFLX", "xyz:NVDA", "xyz:ORCL", "xyz:PALLADIUM", "xyz:PLATINUM", "xyz:PLTR", "xyz:PURRDAT", "xyz:RIVN", "xyz:RKLB", "xyz:SILVER", "xyz:SKHX", "xyz:SMSN", "xyz:SNDK", "xyz:SOFTBANK", "xyz:SP500", "xyz:TSLA", "xyz:TSM", "xyz:TTF", "xyz:URANIUM", "xyz:URNM", "xyz:USAR", "xyz:VIX", "xyz:WHEAT", "xyz:XLE", "xyz:XYZ100"], "hip3Prices": {"xyz:AAPL": "262.995", "xyz:ALUMINIUM": "3080.0", "xyz:AMD": "256.8", "xyz:AMZN": "247.88", "xyz:BABA": "133.5", "xyz:BRENTOIL": "91.8245", "xyz:BX": "112.0", "xyz:CL": "89.533", "xyz:COIN": "191.855", "xyz:COPPER": "6.1402", "xyz:CORN": "4.61", "xyz:COST": "976.96", "xyz:CRCL": "105.655", "xyz:CRWV": "117.61", "xyz:DKNG": "23.873", "xyz:DXY": "97.15", "xyz:EUR": "1.18055", "xyz:EWJ": "88.98", "xyz:EWY": "145.145", "xyz:GME": "24.2", "xyz:GOLD": "4804.45", "xyz:GOOGL": "332.835", "xyz:HIMS": "21.9805", "xyz:HOOD": "86.459", "xyz:HYUNDAI": "343.88", "xyz:INTC": "65.4445", "xyz:JP225": "58352.5", "xyz:JPY": "158.895", "xyz:KIOXIA": "140.0", "xyz:KR200": "918.12", "xyz:LITE": "702.0", "xyz:LLY": "909.14", "xyz:META": "673.915", "xyz:MRVL": "128.0", "xyz:MSFT": "408.575", "xyz:MSTR": "139.61", "xyz:MU": "450.965", "xyz:NATGAS": "2.76", "xyz:NFLX": "106.02", "xyz:NVDA": "199.7", "xyz:ORCL": "172.24", "xyz:PALLADIUM": "1574.05", "xyz:PLATINUM": "2113.6", "xyz:PLTR": "139.6", "xyz:PURRDAT": "5.3", "xyz:RIVN": "16.348", "xyz:RKLB": "70.0", "xyz:SILVER": "79.4975", "xyz:SKHX": "767.0", "xyz:SMSN": "142.155", "xyz:SNDK": "890.93", "xyz:SOFTBANK": "31.0", "xyz:SP500": "6994.15", "xyz:TSLA": "389.13", "xyz:TSM": "379.93", "xyz:TTF": "57.0", "xyz:URANIUM": "85.0", "xyz:URNM": "69.489", "xyz:USAR": "18.5475", "xyz:VIX": "20.0", "xyz:WHEAT": "6.3", "xyz:XLE": "60.0", "xyz:XYZ100": "26022.5"}, "samplePrices": {"0G": "0.58945", "2Z": "0.079936", "@1": "12.1285", "@10": "0.00013552", "@100": "0.004107"}, "totalKeys": 601}
 (NOBRIDGE) DEBUG  PerpsController: rest_preload_end {"duration_ms": 341, "markets": 292}
 (NOBRIDGE) DEBUG  PerpsController: Market data preloaded {"marketCount": 292}
 (NOBRIDGE) DEBUG  PerpsController: Skipping user data preload — WebSocket connected
 (NOBRIDGE) LOG  [MetaMask DEBUG]: PerpsController state persisted successfully
 (NOBRIDGE) WARN  [Error: premature close]
 (NOBRIDGE) LOG  [MetaMask DEBUG]: SnapController state persisted successfully
 (NOBRIDGE) LOG  [MetaMask DEBUG]: PerpsController state persisted successfully
 (NOBRIDGE) LOG  [MetaMask DEBUG]: MultichainAssetsController state persisted successfully
 (NOBRIDGE) LOG  [MetaMask DEBUG]: MultichainBalancesController state persisted successfully
 (NOBRIDGE) LOG  [MetaMask DEBUG]: PerpsController state persisted successfully
 (NOBRIDGE) LOG  [MetaMask DEBUG]: PerpsController state persisted successfully
 (NOBRIDGE) LOG  [MetaMask DEBUG]: PerpsController state persisted successfully
 (NOBRIDGE) LOG  [MetaMask DEBUG]: PerpsController state persisted successfully
 (NOBRIDGE) LOG  [MetaMask DEBUG]: PerpsController state persisted successfully
 (NOBRIDGE) LOG  [MetaMask DEBUG]: MultichainBalancesController state persisted successfully
 (NOBRIDGE) LOG  [MetaMask DEBUG]: MultichainAssetsController state persisted successfully
 (NOBRIDGE) LOG  [MetaMask DEBUG]: MultichainBalancesController state persisted successfully
 (NOBRIDGE) LOG  [MetaMask DEBUG]: PerpsController state persisted successfully
 (NOBRIDGE) LOG  [MetaMask DEBUG]: PerpsController state persisted successfully
 (NOBRIDGE) LOG  [MetaMask DEBUG]: PerpsController state persisted successfully
 (NOBRIDGE) LOG  [MetaMask DEBUG]: PerpsController state persisted successfully
 (NOBRIDGE) LOG  [MetaMask DEBUG]: CurrencyRateController state persisted successfully
 (NOBRIDGE) LOG  [MetaMask DEBUG]: MultichainAssetsRatesController state persisted successfully
 (NOBRIDGE) LOG  [MetaMask DEBUG]: MultichainAssetsController state persisted successfully
 (NOBRIDGE) LOG  [MetaMask DEBUG]: MultichainBalancesController state persisted successfully
 (NOBRIDGE) LOG  [MetaMask DEBUG]: PerpsController state persisted successfully
 (NOBRIDGE) LOG  [MetaMask DEBUG]: PerpsController state persisted successfully
 (NOBRIDGE) LOG  [MetaMask DEBUG]: MultichainAssetsController state persisted successfully
 (NOBRIDGE) LOG  [MetaMask DEBUG]: MultichainBalancesController state persisted successfully
 (NOBRIDGE) LOG  [MetaMask DEBUG]: PerpsController state persisted successfully
 (NOBRIDGE) LOG  [MetaMask DEBUG]: PerpsController state persisted successfully
 (NOBRIDGE) LOG  [MetaMask DEBUG]: PerpsController state persisted successfully
 (NOBRIDGE) LOG  [MetaMask DEBUG]: PerpsController state persisted successfully
 (NOBRIDGE) LOG  [MetaMask DEBUG]: PerpsController state persisted successfully
 (NOBRIDGE) LOG  [MetaMask DEBUG]: MultichainAssetsController state persisted successfully
 (NOBRIDGE) LOG  [MetaMask DEBUG]: MultichainBalancesController state persisted successfully
 (NOBRIDGE) LOG  [MetaMask DEBUG]: PerpsController state persisted successfully
 (NOBRIDGE) LOG  [MetaMask DEBUG]: PerpsController state persisted successfully
 (NOBRIDGE) LOG  [MetaMask DEBUG]: PerpsController state persisted successfully
 (NOBRIDGE) LOG  [MetaMask DEBUG]: MultichainBalancesController state persisted successfully
 (NOBRIDGE) LOG  [MetaMask DEBUG]: MultichainAssetsController state persisted successfully
 (NOBRIDGE) LOG  [MetaMask DEBUG]: MultichainBalancesController state persisted successfully
 (NOBRIDGE) LOG  [MetaMask DEBUG]: PerpsController state persisted successfully
 (NOBRIDGE) LOG  [MetaMask DEBUG]: PerpsController state persisted successfully
 (NOBRIDGE) LOG  [MetaMask DEBUG]: PerpsController state persisted successfully
 (NOBRIDGE) LOG  [MetaMask DEBUG]: PerpsController state persisted successfully
 (NOBRIDGE) LOG  [MetaMask DEBUG]: PerpsController state persisted successfully
 (NOBRIDGE) LOG  [MetaMask DEBUG]: MultichainAssetsController state persisted successfully
 (NOBRIDGE) LOG  [MetaMask DEBUG]: MultichainBalancesController state persisted successfully
 (NOBRIDGE) LOG  [MetaMask DEBUG]: PerpsController state persisted successfully
 (NOBRIDGE) LOG  [MetaMask DEBUG]: PerpsController state persisted successfully
 (NOBRIDGE) LOG  [MetaMask DEBUG]: PerpsController state persisted successfully
 (NOBRIDGE) LOG  [MetaMask DEBUG]: PerpsController state persisted successfully
 (NOBRIDGE) LOG  [MetaMask DEBUG]: PerpsController state persisted successfully
 (NOBRIDGE) LOG  [MetaMask DEBUG]: MultichainAssetsController state persisted successfully
 (NOBRIDGE) LOG  [MetaMask DEBUG]: MultichainBalancesController state persisted successfully
 (NOBRIDGE) LOG  [MetaMask DEBUG]: PerpsController state persisted successfully
 (NOBRIDGE) LOG  [MetaMask DEBUG]: PerpsController state persisted successfully
 (NOBRIDGE) LOG  [MetaMask DEBUG]: PerpsController state persisted successfully
 (NOBRIDGE) LOG  [MetaMask DEBUG]: PerpsController state persisted successfully
 (NOBRIDGE) LOG  [MetaMask DEBUG]: PerpsController state persisted successfully
 (NOBRIDGE) LOG  [MetaMask DEBUG]: PerpsController state persisted successfully
 (NOBRIDGE) LOG  [MetaMask DEBUG]: CurrencyRateController state persisted successfully
 (NOBRIDGE) LOG  [MetaMask DEBUG]: MultichainAssetsController state persisted successfully
 (NOBRIDGE) LOG  [MetaMask DEBUG]: MultichainBalancesController state persisted successfully
 (NOBRIDGE) LOG  [MetaMask DEBUG]: MultichainAssetsRatesController state persisted successfully
 (NOBRIDGE) LOG  [MetaMask DEBUG]: PerpsController state persisted successfully
 (NOBRIDGE) LOG  [MetaMask DEBUG]: PerpsController state persisted successfully
 (NOBRIDGE) LOG  [MetaMask DEBUG]: PerpsController state persisted successfully
 (NOBRIDGE) LOG  [MetaMask DEBUG]: PerpsController state persisted successfully
 (NOBRIDGE) LOG  [MetaMask DEBUG]: PerpsController state persisted successfully
 (NOBRIDGE) LOG  [MetaMask DEBUG]: PerpsController state persisted successfully
 (NOBRIDGE) LOG  [MetaMask DEBUG]: MultichainAssetsController state persisted successfully
 (NOBRIDGE) LOG  [MetaMask DEBUG]: MultichainBalancesController state persisted successfully
 (NOBRIDGE) LOG  [MetaMask DEBUG]: PerpsController state persisted successfully
 (NOBRIDGE) LOG  [MetaMask DEBUG]: PerpsController state persisted successfully
 (NOBRIDGE) LOG  [MetaMask DEBUG]: PerpsController state persisted successfully
 (NOBRIDGE) LOG  [MetaMask DEBUG]: PerpsController state persisted successfully
 (NOBRIDGE) DEBUG  PerpsController: Fetching market data in background
 (NOBRIDGE) DEBUG  PerpsController: rest_preload_start
 (NOBRIDGE) DEBUG  Getting market data with prices via HyperLiquid SDK
 (NOBRIDGE) DEBUG  [ensureReady] Reusing existing initialization promise
 (NOBRIDGE) DEBUG  [getMarketDataWithPrices] Using cached meta for main {"universeSize": 229}
 (NOBRIDGE) DEBUG  [getMarketDataWithPrices] Using cached meta for xyz {"universeSize": 63}
 (NOBRIDGE) DEBUG  [getMarketDataWithPrices] No WS allMids snapshot, falling back to REST {"dexParam": "xyz"}
 (NOBRIDGE) DEBUG  HyperLiquidProvider: Aggregated market data from all DEXs {"dexCount": 2, "hip3Markets": 63, "mainDexMarkets": 229, "totalMarkets": 292}
 (NOBRIDGE) DEBUG  Combined allMids price data: {"allKeys": ["0G", "2Z", "@1", "@10", "@100", "@101", "@102", "@103", "@104", "@105", "@106", "@107", "@108", "@109", "@11", "@110", "@111", "@112", "@113", "@114", "@115", "@116", "@117", "@118", "@119", "@12", "@120", "@121", "@122", "@123", "@124", "@125", "@126", "@127", "@128", "@129", "@13", "@130", "@131", "@132", "@133", "@134", "@135", "@136", "@137", "@138", "@139", "@14", "@140", "@141", "@142", "@143", "@144", "@145", "@146", "@147", "@148", "@149", "@15", "@150", "@151", "@152", "@153", "@154", "@155", "@156", "@157", "@158", "@159", "@16", "@160", "@161", "@162", "@163", "@164", "@165", "@166", "@167", "@168", "@169", "@17", "@170", "@171", "@172", "@173", "@174", "@175", "@176", "@177", "@178", "@179", "@18", "@180", "@181", "@182", "@183", "@184", "@185", "@186", "@187", "@188", "@189", "@19", "@190", "@191", "@192", "@193", "@194", "@195", "@196", "@197", "@198", "@199", "@2", "@20", "@200", "@201", "@202", "@203", "@204", "@205", "@206", "@207", "@208", "@209", "@21", "@210", "@211", "@212", "@213", "@214", "@215", "@216", "@217", "@218", "@219", "@22", "@220", "@221", "@222", "@223", "@224", "@225", "@226", "@227", "@228", "@229", "@23", "@230", "@231", "@232", "@233", "@234", "@235", "@236", "@237", "@238", "@239", "@24", "@240", "@241", "@242", "@243", "@244", "@245", "@246", "@247", "@248", "@249", "@25", "@250", "@251", "@252", "@253", "@254", "@255", "@256", "@257", "@258", "@259", "@26", "@260", "@261", "@262", "@263", "@264", "@265", "@266", "@267", "@268", "@269", "@27", "@270", "@271", "@272", "@273", "@274", "@275", "@276", "@277", "@278", "@279", "@28", "@280", "@281", "@282", "@283", "@284", "@285", "@286", "@287", "@288", "@289", "@29", "@290", "@291", "@292", "@293", "@294", "@295", "@296", "@297", "@298", "@299", "@3", "@30", "@300", "@301", "@302", "@303", "@304", "@305", "@306", "@307", "@308", "@31", "@32", "@33", "@34", "@35", "@36", "@37", "@38", "@39", "@4", "@40", "@41", "@42", "@43", "@44", "@45", "@46", "@47", "@48", "@49", "@5", "@50", "@51", "@52", "@53", "@54", "@55", "@56", "@57", "@58", "@59", "@6", "@60", "@61", "@62", "@63", "@64", "@65", "@66", "@67", "@68", "@69", "@7", "@70", "@71", "@72", "@73", "@74", "@75", "@76", "@77", "@78", "@79", "@8", "@80", "@81", "@82", "@83", "@84", "@85", "@86", "@87", "@88", "@89", "@9", "@90", "@91", "@92", "@93", "@94", "@95", "@96", "@97", "@98", "@99", "AAVE", "ACE", "ADA", "AERO", "AI", "AI16Z", "AIXBT", "ALGO", "ALT", "ANIME", "APE", "APEX", "APT", "AR", "ARB", "ARK", "ASTER", "ATOM", "AVAX", "AVNT", "AXS", "AZTEC", "BABY", "BADGER", "BANANA", "BCH", "BERA", "BIGTIME", "BIO", "BLAST", "BLUR", "BLZ", "BNB", "BNT", "BOME", "BRETT", "BSV", "BTC", "CAKE", "CANTO", "CATI", "CC", "CELO", "CFX", "CHILLGUY", "COMP", "CRV", "CYBER", "DASH", "DOGE", "DOOD", "DOT", "DYDX", "DYM", "EIGEN", "ENA", "ENS", "ETC", "ETH", "ETHFI", "FARTCOIN", "FET", "FIL", "FOGO", "FRIEND", "FTM", "FTT", "FXS", "GALA", "GAS", "GMT", "GMX", "GOAT", "GRASS", "GRIFFAIN", "HBAR", "HEMI", "HMSTR", "HPOS", "HYPE", "HYPER", "ICP", "ILV", "IMX", "INIT", "INJ", "IO", "IOTA", "IP", "JELLY", "JTO", "JUP", "KAITO", "KAS", "LAUNCHCOIN", "LAYER", "LDO", "LINEA", "LINK", "LISTA", "LIT", "LOOM", "LTC", "MANTA", "MATIC", "MAV", "MAVIA", "ME", "MEGA", "MELANIA", "MEME", "MERL", "MET", "MEW", "MINA", "MKR", "MNT", "MON", "MOODENG", "MORPHO", "MOVE", "MYRO", "NEAR", "NEIROETH", "NEO", "NFTI", "NIL", "NOT", "NTRN", "NXPC", "OGN", "OM", "OMNI", "ONDO", "OP", "ORBS", "ORDI", "OX", "PANDORA", "PAXG", "PENDLE", "PENGU", "PEOPLE", "PIXEL", "PNUT", "POL", "POLYX", "POPCAT", "PROMPT", "PROVE", "PUMP", "PURR", "PURR/USDC", "PYTH", "RDNT", "RENDER", "REQ", "RESOLV", "REZ", "RLB", "RNDR", "RSR", "RUNE", "S", "SAGA", "SAND", "SCR", "SEI", "SHIA", "SKR", "SKY", "SNX", "SOL", "SOPH", "SPX", "STABLE", "STBL", "STG", "STRAX", "STRK", "STX", "SUI", "SUPER", "SUSHI", "SYRUP", "TAO", "TIA", "TNSR", "TON", "TRB", "TRUMP", "TRX", "TST", "TURBO", "UMA", "UNI", "UNIBOT", "USTC", "USUAL", "VINE", "VIRTUAL", "VVV", "W", "WCT", "WIF", "WLD", "WLFI", "XAI", "XLM", "XMR", "XPL", "XRP", "YGG", "YZY", "ZEC", "ZEN", "ZEREBRO", "ZETA", "ZK", "ZORA", "ZRO", "kBONK", "kDOGS", "kFLOKI", "kLUNC", "kNEIRO", "kPEPE", "kSHIB", "xyz:AAPL", "xyz:ALUMINIUM", "xyz:AMD", "xyz:AMZN", "xyz:BABA", "xyz:BRENTOIL", "xyz:BX", "xyz:CL", "xyz:COIN", "xyz:COPPER", "xyz:CORN", "xyz:COST", "xyz:CRCL", "xyz:CRWV", "xyz:DKNG", "xyz:DXY", "xyz:EUR", "xyz:EWJ", "xyz:EWY", "xyz:GME", "xyz:GOLD", "xyz:GOOGL", "xyz:HIMS", "xyz:HOOD", "xyz:HYUNDAI", "xyz:INTC", "xyz:JP225", "xyz:JPY", "xyz:KIOXIA", "xyz:KR200", "xyz:LITE", "xyz:LLY", "xyz:META", "xyz:MRVL", "xyz:MSFT", "xyz:MSTR", "xyz:MU", "xyz:NATGAS", "xyz:NFLX", "xyz:NVDA", "xyz:ORCL", "xyz:PALLADIUM", "xyz:PLATINUM", "xyz:PLTR", "xyz:PURRDAT", "xyz:RIVN", "xyz:RKLB", "xyz:SILVER", "xyz:SKHX", "xyz:SMSN", "xyz:SNDK", "xyz:SOFTBANK", "xyz:SP500", "xyz:TSLA", "xyz:TSM", "xyz:TTF", "xyz:URANIUM", "xyz:URNM", "xyz:USAR", "xyz:VIX", "xyz:WHEAT", "xyz:XLE", "xyz:XYZ100"], "hip3Keys": ["xyz:AAPL", "xyz:ALUMINIUM", "xyz:AMD", "xyz:AMZN", "xyz:BABA", "xyz:BRENTOIL", "xyz:BX", "xyz:CL", "xyz:COIN", "xyz:COPPER", "xyz:CORN", "xyz:COST", "xyz:CRCL", "xyz:CRWV", "xyz:DKNG", "xyz:DXY", "xyz:EUR", "xyz:EWJ", "xyz:EWY", "xyz:GME", "xyz:GOLD", "xyz:GOOGL", "xyz:HIMS", "xyz:HOOD", "xyz:HYUNDAI", "xyz:INTC", "xyz:JP225", "xyz:JPY", "xyz:KIOXIA", "xyz:KR200", "xyz:LITE", "xyz:LLY", "xyz:META", "xyz:MRVL", "xyz:MSFT", "xyz:MSTR", "xyz:MU", "xyz:NATGAS", "xyz:NFLX", "xyz:NVDA", "xyz:ORCL", "xyz:PALLADIUM", "xyz:PLATINUM", "xyz:PLTR", "xyz:PURRDAT", "xyz:RIVN", "xyz:RKLB", "xyz:SILVER", "xyz:SKHX", "xyz:SMSN", "xyz:SNDK", "xyz:SOFTBANK", "xyz:SP500", "xyz:TSLA", "xyz:TSM", "xyz:TTF", "xyz:URANIUM", "xyz:URNM", "xyz:USAR", "xyz:VIX", "xyz:WHEAT", "xyz:XLE", "xyz:XYZ100"], "hip3Prices": {"xyz:AAPL": "263.18", "xyz:ALUMINIUM": "3080.0", "xyz:AMD": "256.595", "xyz:AMZN": "247.68", "xyz:BABA": "133.185", "xyz:BRENTOIL": "91.9025", "xyz:BX": "112.0", "xyz:CL": "89.65", "xyz:COIN": "190.1", "xyz:COPPER": "6.127", "xyz:CORN": "4.61", "xyz:COST": "977.09", "xyz:CRCL": "104.705", "xyz:CRWV": "116.22", "xyz:DKNG": "23.75", "xyz:DXY": "97.15", "xyz:EUR": "1.17975", "xyz:EWJ": "88.916", "xyz:EWY": "144.83", "xyz:GME": "24.2", "xyz:GOLD": "4792.55", "xyz:GOOGL": "332.825", "xyz:HIMS": "21.891", "xyz:HOOD": "86.12", "xyz:HYUNDAI": "343.88", "xyz:INTC": "65.2755", "xyz:JP225": "58364.5", "xyz:JPY": "158.97", "xyz:KIOXIA": "140.0", "xyz:KR200": "918.12", "xyz:LITE": "702.0", "xyz:LLY": "909.86", "xyz:META": "672.875", "xyz:MRVL": "128.0", "xyz:MSFT": "407.67", "xyz:MSTR": "138.255", "xyz:MU": "450.095", "xyz:NATGAS": "2.7592", "xyz:NFLX": "105.76", "xyz:NVDA": "199.635", "xyz:ORCL": "171.89", "xyz:PALLADIUM": "1571.0", "xyz:PLATINUM": "2104.2", "xyz:PLTR": "139.445", "xyz:PURRDAT": "5.3", "xyz:RIVN": "16.338", "xyz:RKLB": "70.0", "xyz:SILVER": "78.942", "xyz:SKHX": "767.0", "xyz:SMSN": "142.155", "xyz:SNDK": "887.505", "xyz:SOFTBANK": "31.0", "xyz:SP500": "6990.95", "xyz:TSLA": "387.99", "xyz:TSM": "379.37", "xyz:TTF": "57.0", "xyz:URANIUM": "85.0", "xyz:URNM": "69.194", "xyz:USAR": "18.533", "xyz:VIX": "20.0", "xyz:WHEAT": "6.3", "xyz:XLE": "60.0", "xyz:XYZ100": "26006.5"}, "samplePrices": {"0G": "0.5896", "2Z": "0.079612", "@1": "12.118", "@10": "0.00013552", "@100": "0.004107"}, "totalKeys": 601}
 (NOBRIDGE) DEBUG  PerpsController: rest_preload_end {"duration_ms": 336, "markets": 292}
 (NOBRIDGE) DEBUG  PerpsController: Market data preloaded {"marketCount": 292}
 (NOBRIDGE) DEBUG  PerpsController: Skipping user data preload — WebSocket connected
 (NOBRIDGE) LOG  [MetaMask DEBUG]: PerpsController state persisted successfully
 (NOBRIDGE) LOG  [MetaMask DEBUG]: PerpsController state persisted successfully
 (NOBRIDGE) LOG  [MetaMask DEBUG]: MultichainAssetsController state persisted successfully
 (NOBRIDGE) LOG  [MetaMask DEBUG]: MultichainBalancesController state persisted successfully
 (NOBRIDGE) LOG  [MetaMask DEBUG]: PerpsController state persisted successfully
 (NOBRIDGE) LOG  [MetaMask DEBUG]: PerpsController state persisted successfully
 (NOBRIDGE) LOG  [MetaMask DEBUG]: PerpsController state persisted successfully
 (NOBRIDGE) LOG  [MetaMask DEBUG]: PerpsController state persisted successfully
 (NOBRIDGE) LOG  [MetaMask DEBUG]: PerpsController state persisted successfully
 (NOBRIDGE) LOG  [MetaMask DEBUG]: MultichainAssetsController state persisted successfully
 (NOBRIDGE) LOG  [MetaMask DEBUG]: MultichainBalancesController state persisted successfully
 (NOBRIDGE) LOG  [MetaMask DEBUG]: PerpsController state persisted successfully
 (NOBRIDGE) LOG  [MetaMask DEBUG]: PerpsController state persisted successfully
 (NOBRIDGE) LOG  [MetaMask DEBUG]: PerpsController state persisted successfully
 (NOBRIDGE) LOG  [MetaMask DEBUG]: PerpsController state persisted successfully
 (NOBRIDGE) LOG  [MetaMask DEBUG]: PerpsController state persisted successfully
 (NOBRIDGE) LOG  [MetaMask DEBUG]: PerpsController state persisted successfully
 (NOBRIDGE) LOG  [MetaMask DEBUG]: MultichainAssetsController state persisted successfully
 (NOBRIDGE) LOG  [MetaMask DEBUG]: MultichainBalancesController state persisted successfully
 (NOBRIDGE) LOG  [MetaMask DEBUG]: PerpsController state persisted successfully
 (NOBRIDGE) LOG  [MetaMask DEBUG]: PerpsController state persisted successfully
 (NOBRIDGE) LOG  [MetaMask DEBUG]: PerpsController state persisted successfully
 (NOBRIDGE) DEBUG  Using cached positions from WebSocket {"count": 1}
 (NOBRIDGE) LOG  [MetaMask DEBUG]: PerpsController state persisted successfully
 (NOBRIDGE) LOG  [MetaMask DEBUG]: PerpsController state persisted successfully
 (NOBRIDGE) LOG  [MetaMask DEBUG]: PerpsController state persisted successfully
 (NOBRIDGE) LOG  [MetaMask DEBUG]: MultichainAssetsController state persisted successfully
 (NOBRIDGE) LOG  [MetaMask DEBUG]: MultichainBalancesController state persisted successfully
 (NOBRIDGE) LOG  [MetaMask DEBUG]: PerpsController state persisted successfully
 (NOBRIDGE) LOG  [MetaMask DEBUG]: PerpsController state persisted successfully
 (NOBRIDGE) LOG  [MetaMask DEBUG]: PerpsController state persisted successfully
 (NOBRIDGE) LOG  [MetaMask DEBUG]: PerpsController state persisted successfully
 (NOBRIDGE) LOG  [MetaMask DEBUG]: PerpsController state persisted successfully
 (NOBRIDGE) LOG  [MetaMask DEBUG]: CurrencyRateController state persisted successfully
 (NOBRIDGE) LOG  [MetaMask DEBUG]: MultichainBalancesController state persisted successfully
 (NOBRIDGE) LOG  [MetaMask DEBUG]: MultichainAssetsController state persisted successfully
 (NOBRIDGE) LOG  [MetaMask DEBUG]: MultichainBalancesController state persisted successfully
 (NOBRIDGE) LOG  [MetaMask DEBUG]: MultichainAssetsRatesController state persisted successfully
 (NOBRIDGE) LOG  [MetaMask DEBUG]: PerpsController state persisted successfully
 (NOBRIDGE) LOG  [MetaMask DEBUG]: PerpsController state persisted successfully
 (NOBRIDGE) LOG  [MetaMask DEBUG]: PerpsController state persisted successfully
 (NOBRIDGE) LOG  [MetaMask DEBUG]: PerpsController state persisted successfully
 (NOBRIDGE) LOG  [MetaMask DEBUG]: PerpsController state persisted successfully
 (NOBRIDGE) LOG  [MetaMask DEBUG]: PerpsController state persisted successfully
 (NOBRIDGE) LOG  [MetaMask DEBUG]: MultichainAssetsController state persisted successfully
 (NOBRIDGE) LOG  [MetaMask DEBUG]: MultichainBalancesController state persisted successfully
 (NOBRIDGE) LOG  [MetaMask DEBUG]: SnapController state persisted successfully
 (NOBRIDGE) LOG  [MetaMask DEBUG]: PerpsController state persisted successfully
 (NOBRIDGE) LOG  [MetaMask DEBUG]: PerpsController state persisted successfully
 (NOBRIDGE) LOG  [MetaMask DEBUG]: PerpsController state persisted successfully
 (NOBRIDGE) LOG  [MetaMask DEBUG]: PerpsController state persisted successfully
 (NOBRIDGE) LOG  [MetaMask DEBUG]: PerpsController state persisted successfully
 (NOBRIDGE) LOG  [MetaMask DEBUG]: PerpsController state persisted successfully
 (NOBRIDGE) LOG  [MetaMask DEBUG]: MultichainAssetsController state persisted successfully
 (NOBRIDGE) LOG  [MetaMask DEBUG]: MultichainBalancesController state persisted successfully
 (NOBRIDGE) LOG  [MetaMask DEBUG]: PerpsController state persisted successfully
 (NOBRIDGE) LOG  [MetaMask DEBUG]: PerpsController state persisted successfully
 (NOBRIDGE) LOG  [MetaMask DEBUG]: PerpsController state persisted successfully
 (NOBRIDGE) LOG  [MetaMask DEBUG]: PerpsController state persisted successfully
 (NOBRIDGE) LOG  [MetaMask DEBUG]: PerpsController state persisted successfully
 (NOBRIDGE) LOG  [MetaMask DEBUG]: PerpsController state persisted successfully
 (NOBRIDGE) LOG  [MetaMask DEBUG]: MultichainAssetsController state persisted successfully
 (NOBRIDGE) LOG  [MetaMask DEBUG]: MultichainBalancesController state persisted successfully
 (NOBRIDGE) LOG  [MetaMask DEBUG]: PerpsController state persisted successfully
 (NOBRIDGE) LOG  [MetaMask DEBUG]: PerpsController state persisted successfully
 (NOBRIDGE) LOG  [MetaMask DEBUG]: PerpsController state persisted successfully
 (NOBRIDGE) LOG  [MetaMask DEBUG]: PerpsController state persisted successfully
 (NOBRIDGE) LOG  [MetaMask DEBUG]: PerpsController state persisted successfully
 (NOBRIDGE) LOG  [MetaMask DEBUG]: PerpsController state persisted successfully
 (NOBRIDGE) LOG  [MetaMask DEBUG]: MultichainAssetsController state persisted successfully
 (NOBRIDGE) LOG  [MetaMask DEBUG]: MultichainBalancesController state persisted successfully
 (NOBRIDGE) LOG  [MetaMask DEBUG]: PerpsController state persisted successfully
 (NOBRIDGE) LOG  [MetaMask DEBUG]: PerpsController state persisted successfully
 (NOBRIDGE) LOG  [MetaMask DEBUG]: PerpsController state persisted successfully
 (NOBRIDGE) LOG  [MetaMask DEBUG]: PerpsController state persisted successfully
 (NOBRIDGE) LOG  [MetaMask DEBUG]: PerpsController state persisted successfully
 (NOBRIDGE) LOG  [MetaMask DEBUG]: PerpsController state persisted successfully
 (NOBRIDGE) LOG  [MetaMask DEBUG]: MultichainBalancesController state persisted successfully
 (NOBRIDGE) LOG  [MetaMask DEBUG]: MultichainAssetsController state persisted successfully
 (NOBRIDGE) LOG  [MetaMask DEBUG]: MultichainBalancesController state persisted successfully
 (NOBRIDGE) LOG  [MetaMask DEBUG]: PerpsController state persisted successfully
 (NOBRIDGE) LOG  [MetaMask DEBUG]: PerpsController state persisted successfully
 (NOBRIDGE) LOG  [MetaMask DEBUG]: PerpsController state persisted successfully
 (NOBRIDGE) LOG  [MetaMask DEBUG]: PerpsController state persisted successfully
 (NOBRIDGE) LOG  [MetaMask DEBUG]: PerpsController state persisted successfully
 (NOBRIDGE) DEBUG  PerpsController: Fetching market data in background
 (NOBRIDGE) DEBUG  PerpsController: rest_preload_start
 (NOBRIDGE) DEBUG  Getting market data with prices via HyperLiquid SDK
 (NOBRIDGE) DEBUG  [ensureReady] Reusing existing initialization promise
 (NOBRIDGE) DEBUG  [getMarketDataWithPrices] Using cached meta for main {"universeSize": 229}
 (NOBRIDGE) DEBUG  [getMarketDataWithPrices] Using cached meta for xyz {"universeSize": 63}
 (NOBRIDGE) DEBUG  [getMarketDataWithPrices] No WS allMids snapshot, falling back to REST {"dexParam": "xyz"}
 (NOBRIDGE) DEBUG  HyperLiquidProvider: Aggregated market data from all DEXs {"dexCount": 2, "hip3Markets": 63, "mainDexMarkets": 229, "totalMarkets": 292}
 (NOBRIDGE) DEBUG  Combined allMids price data: {"allKeys": ["0G", "2Z", "@1", "@10", "@100", "@101", "@102", "@103", "@104", "@105", "@106", "@107", "@108", "@109", "@11", "@110", "@111", "@112", "@113", "@114", "@115", "@116", "@117", "@118", "@119", "@12", "@120", "@121", "@122", "@123", "@124", "@125", "@126", "@127", "@128", "@129", "@13", "@130", "@131", "@132", "@133", "@134", "@135", "@136", "@137", "@138", "@139", "@14", "@140", "@141", "@142", "@143", "@144", "@145", "@146", "@147", "@148", "@149", "@15", "@150", "@151", "@152", "@153", "@154", "@155", "@156", "@157", "@158", "@159", "@16", "@160", "@161", "@162", "@163", "@164", "@165", "@166", "@167", "@168", "@169", "@17", "@170", "@171", "@172", "@173", "@174", "@175", "@176", "@177", "@178", "@179", "@18", "@180", "@181", "@182", "@183", "@184", "@185", "@186", "@187", "@188", "@189", "@19", "@190", "@191", "@192", "@193", "@194", "@195", "@196", "@197", "@198", "@199", "@2", "@20", "@200", "@201", "@202", "@203", "@204", "@205", "@206", "@207", "@208", "@209", "@21", "@210", "@211", "@212", "@213", "@214", "@215", "@216", "@217", "@218", "@219", "@22", "@220", "@221", "@222", "@223", "@224", "@225", "@226", "@227", "@228", "@229", "@23", "@230", "@231", "@232", "@233", "@234", "@235", "@236", "@237", "@238", "@239", "@24", "@240", "@241", "@242", "@243", "@244", "@245", "@246", "@247", "@248", "@249", "@25", "@250", "@251", "@252", "@253", "@254", "@255", "@256", "@257", "@258", "@259", "@26", "@260", "@261", "@262", "@263", "@264", "@265", "@266", "@267", "@268", "@269", "@27", "@270", "@271", "@272", "@273", "@274", "@275", "@276", "@277", "@278", "@279", "@28", "@280", "@281", "@282", "@283", "@284", "@285", "@286", "@287", "@288", "@289", "@29", "@290", "@291", "@292", "@293", "@294", "@295", "@296", "@297", "@298", "@299", "@3", "@30", "@300", "@301", "@302", "@303", "@304", "@305", "@306", "@307", "@308", "@31", "@32", "@33", "@34", "@35", "@36", "@37", "@38", "@39", "@4", "@40", "@41", "@42", "@43", "@44", "@45", "@46", "@47", "@48", "@49", "@5", "@50", "@51", "@52", "@53", "@54", "@55", "@56", "@57", "@58", "@59", "@6", "@60", "@61", "@62", "@63", "@64", "@65", "@66", "@67", "@68", "@69", "@7", "@70", "@71", "@72", "@73", "@74", "@75", "@76", "@77", "@78", "@79", "@8", "@80", "@81", "@82", "@83", "@84", "@85", "@86", "@87", "@88", "@89", "@9", "@90", "@91", "@92", "@93", "@94", "@95", "@96", "@97", "@98", "@99", "AAVE", "ACE", "ADA", "AERO", "AI", "AI16Z", "AIXBT", "ALGO", "ALT", "ANIME", "APE", "APEX", "APT", "AR", "ARB", "ARK", "ASTER", "ATOM", "AVAX", "AVNT", "AXS", "AZTEC", "BABY", "BADGER", "BANANA", "BCH", "BERA", "BIGTIME", "BIO", "BLAST", "BLUR", "BLZ", "BNB", "BNT", "BOME", "BRETT", "BSV", "BTC", "CAKE", "CANTO", "CATI", "CC", "CELO", "CFX", "CHILLGUY", "COMP", "CRV", "CYBER", "DASH", "DOGE", "DOOD", "DOT", "DYDX", "DYM", "EIGEN", "ENA", "ENS", "ETC", "ETH", "ETHFI", "FARTCOIN", "FET", "FIL", "FOGO", "FRIEND", "FTM", "FTT", "FXS", "GALA", "GAS", "GMT", "GMX", "GOAT", "GRASS", "GRIFFAIN", "HBAR", "HEMI", "HMSTR", "HPOS", "HYPE", "HYPER", "ICP", "ILV", "IMX", "INIT", "INJ", "IO", "IOTA", "IP", "JELLY", "JTO", "JUP", "KAITO", "KAS", "LAUNCHCOIN", "LAYER", "LDO", "LINEA", "LINK", "LISTA", "LIT", "LOOM", "LTC", "MANTA", "MATIC", "MAV", "MAVIA", "ME", "MEGA", "MELANIA", "MEME", "MERL", "MET", "MEW", "MINA", "MKR", "MNT", "MON", "MOODENG", "MORPHO", "MOVE", "MYRO", "NEAR", "NEIROETH", "NEO", "NFTI", "NIL", "NOT", "NTRN", "NXPC", "OGN", "OM", "OMNI", "ONDO", "OP", "ORBS", "ORDI", "OX", "PANDORA", "PAXG", "PENDLE", "PENGU", "PEOPLE", "PIXEL", "PNUT", "POL", "POLYX", "POPCAT", "PROMPT", "PROVE", "PUMP", "PURR", "PURR/USDC", "PYTH", "RDNT", "RENDER", "REQ", "RESOLV", "REZ", "RLB", "RNDR", "RSR", "RUNE", "S", "SAGA", "SAND", "SCR", "SEI", "SHIA", "SKR", "SKY", "SNX", "SOL", "SOPH", "SPX", "STABLE", "STBL", "STG", "STRAX", "STRK", "STX", "SUI", "SUPER", "SUSHI", "SYRUP", "TAO", "TIA", "TNSR", "TON", "TRB", "TRUMP", "TRX", "TST", "TURBO", "UMA", "UNI", "UNIBOT", "USTC", "USUAL", "VINE", "VIRTUAL", "VVV", "W", "WCT", "WIF", "WLD", "WLFI", "XAI", "XLM", "XMR", "XPL", "XRP", "YGG", "YZY", "ZEC", "ZEN", "ZEREBRO", "ZETA", "ZK", "ZORA", "ZRO", "kBONK", "kDOGS", "kFLOKI", "kLUNC", "kNEIRO", "kPEPE", "kSHIB", "xyz:AAPL", "xyz:ALUMINIUM", "xyz:AMD", "xyz:AMZN", "xyz:BABA", "xyz:BRENTOIL", "xyz:BX", "xyz:CL", "xyz:COIN", "xyz:COPPER", "xyz:CORN", "xyz:COST", "xyz:CRCL", "xyz:CRWV", "xyz:DKNG", "xyz:DXY", "xyz:EUR", "xyz:EWJ", "xyz:EWY", "xyz:GME", "xyz:GOLD", "xyz:GOOGL", "xyz:HIMS", "xyz:HOOD", "xyz:HYUNDAI", "xyz:INTC", "xyz:JP225", "xyz:JPY", "xyz:KIOXIA", "xyz:KR200", "xyz:LITE", "xyz:LLY", "xyz:META", "xyz:MRVL", "xyz:MSFT", "xyz:MSTR", "xyz:MU", "xyz:NATGAS", "xyz:NFLX", "xyz:NVDA", "xyz:ORCL", "xyz:PALLADIUM", "xyz:PLATINUM", "xyz:PLTR", "xyz:PURRDAT", "xyz:RIVN", "xyz:RKLB", "xyz:SILVER", "xyz:SKHX", "xyz:SMSN", "xyz:SNDK", "xyz:SOFTBANK", "xyz:SP500", "xyz:TSLA", "xyz:TSM", "xyz:TTF", "xyz:URANIUM", "xyz:URNM", "xyz:USAR", "xyz:VIX", "xyz:WHEAT", "xyz:XLE", "xyz:XYZ100"], "hip3Keys": ["xyz:AAPL", "xyz:ALUMINIUM", "xyz:AMD", "xyz:AMZN", "xyz:BABA", "xyz:BRENTOIL", "xyz:BX", "xyz:CL", "xyz:COIN", "xyz:COPPER", "xyz:CORN", "xyz:COST", "xyz:CRCL", "xyz:CRWV", "xyz:DKNG", "xyz:DXY", "xyz:EUR", "xyz:EWJ", "xyz:EWY", "xyz:GME", "xyz:GOLD", "xyz:GOOGL", "xyz:HIMS", "xyz:HOOD", "xyz:HYUNDAI", "xyz:INTC", "xyz:JP225", "xyz:JPY", "xyz:KIOXIA", "xyz:KR200", "xyz:LITE", "xyz:LLY", "xyz:META", "xyz:MRVL", "xyz:MSFT", "xyz:MSTR", "xyz:MU", "xyz:NATGAS", "xyz:NFLX", "xyz:NVDA", "xyz:ORCL", "xyz:PALLADIUM", "xyz:PLATINUM", "xyz:PLTR", "xyz:PURRDAT", "xyz:RIVN", "xyz:RKLB", "xyz:SILVER", "xyz:SKHX", "xyz:SMSN", "xyz:SNDK", "xyz:SOFTBANK", "xyz:SP500", "xyz:TSLA", "xyz:TSM", "xyz:TTF", "xyz:URANIUM", "xyz:URNM", "xyz:USAR", "xyz:VIX", "xyz:WHEAT", "xyz:XLE", "xyz:XYZ100"], "hip3Prices": {"xyz:AAPL": "263.685", "xyz:ALUMINIUM": "3080.0", "xyz:AMD": "256.205", "xyz:AMZN": "247.755", "xyz:BABA": "133.03", "xyz:BRENTOIL": "91.851", "xyz:BX": "112.0", "xyz:CL": "89.692", "xyz:COIN": "189.575", "xyz:COPPER": "6.1369", "xyz:CORN": "4.61", "xyz:COST": "978.08", "xyz:CRCL": "104.24", "xyz:CRWV": "116.355", "xyz:DKNG": "23.7785", "xyz:DXY": "97.15", "xyz:EUR": "1.17965", "xyz:EWJ": "88.899", "xyz:EWY": "144.705", "xyz:GME": "24.2", "xyz:GOLD": "4800.25", "xyz:GOOGL": "332.815", "xyz:HIMS": "21.869", "xyz:HOOD": "85.888", "xyz:HYUNDAI": "344.915", "xyz:INTC": "65.137", "xyz:JP225": "58367.5", "xyz:JPY": "158.965", "xyz:KIOXIA": "140.0", "xyz:KR200": "918.12", "xyz:LITE": "702.0", "xyz:LLY": "910.87", "xyz:META": "673.375", "xyz:MRVL": "128.0", "xyz:MSFT": "407.49", "xyz:MSTR": "138.43", "xyz:MU": "449.315", "xyz:NATGAS": "2.7502", "xyz:NFLX": "105.885", "xyz:NVDA": "199.465", "xyz:ORCL": "170.95", "xyz:PALLADIUM": "1572.65", "xyz:PLATINUM": "2107.95", "xyz:PLTR": "139.17", "xyz:PURRDAT": "5.3", "xyz:RIVN": "16.2685", "xyz:RKLB": "70.0", "xyz:SILVER": "79.2895", "xyz:SKHX": "767.0", "xyz:SMSN": "142.155", "xyz:SNDK": "884.945", "xyz:SOFTBANK": "31.0", "xyz:SP500": "6990.25", "xyz:TSLA": "389.805", "xyz:TSM": "378.83", "xyz:TTF": "57.0", "xyz:URANIUM": "85.0", "xyz:URNM": "68.598", "xyz:USAR": "18.31", "xyz:VIX": "20.0", "xyz:WHEAT": "6.3", "xyz:XLE": "60.0", "xyz:XYZ100": "26005.5"}, "samplePrices": {"0G": "0.59095", "2Z": "0.07967", "@1": "12.1175", "@10": "0.00013552", "@100": "0.004107"}, "totalKeys": 601}
 (NOBRIDGE) DEBUG  PerpsController: rest_preload_end {"duration_ms": 743, "markets": 292}
 (NOBRIDGE) DEBUG  PerpsController: Market data preloaded {"marketCount": 292}
 (NOBRIDGE) DEBUG  PerpsController: Skipping user data preload — WebSocket connected
 (NOBRIDGE) LOG  [MetaMask DEBUG]: PerpsController state persisted successfully
 (NOBRIDGE) LOG  [MetaMask DEBUG]: CurrencyRateController state persisted successfully
 (NOBRIDGE) LOG  [MetaMask DEBUG]: PerpsController state persisted successfully
 (NOBRIDGE) LOG  [MetaMask DEBUG]: MultichainAssetsController state persisted successfully
 (NOBRIDGE) LOG  [MetaMask DEBUG]: MultichainBalancesController state persisted successfully
 (NOBRIDGE) LOG  [MetaMask DEBUG]: MultichainAssetsRatesController state persisted successfully
 (NOBRIDGE) LOG  [MetaMask DEBUG]: PerpsController state persisted successfully
 (NOBRIDGE) LOG  [MetaMask DEBUG]: PerpsController state persisted successfully
 (NOBRIDGE) LOG  [MetaMask DEBUG]: PerpsController state persisted successfully
 (NOBRIDGE) LOG  [MetaMask DEBUG]: PerpsController state persisted successfully
 (NOBRIDGE) LOG  [MetaMask DEBUG]: MultichainAssetsController state persisted successfully
 (NOBRIDGE) LOG  [MetaMask DEBUG]: MultichainBalancesController state persisted successfully
 (NOBRIDGE) LOG  [MetaMask DEBUG]: PerpsController state persisted successfully
 (NOBRIDGE) LOG  [MetaMask DEBUG]: PerpsController state persisted successfully
 (NOBRIDGE) LOG  [MetaMask DEBUG]: PerpsController state persisted successfully
 (NOBRIDGE) LOG  [MetaMask DEBUG]: PerpsController state persisted successfully
 (NOBRIDGE) LOG  [MetaMask DEBUG]: MultichainBalancesController state persisted successfully
 (NOBRIDGE) LOG  [MetaMask DEBUG]: MultichainAssetsController state persisted successfully
 (NOBRIDGE) LOG  [MetaMask DEBUG]: MultichainBalancesController state persisted successfully
 (NOBRIDGE) LOG  [MetaMask DEBUG]: PerpsController state persisted successfully
 (NOBRIDGE) LOG  [MetaMask DEBUG]: PerpsController state persisted successfully
 (NOBRIDGE) LOG  [MetaMask DEBUG]: PerpsController state persisted successfully
 (NOBRIDGE) LOG  [MetaMask DEBUG]: PerpsController state persisted successfully
 (NOBRIDGE) LOG  [MetaMask DEBUG]: PerpsController state persisted successfully
 (NOBRIDGE) LOG  [MetaMask DEBUG]: MultichainBalancesController state persisted successfully
 (NOBRIDGE) LOG  [MetaMask DEBUG]: MultichainAssetsController state persisted successfully
 (NOBRIDGE) LOG  [MetaMask DEBUG]: MultichainBalancesController state persisted successfully
 (NOBRIDGE) LOG  [MetaMask DEBUG]: PerpsController state persisted successfully
 (NOBRIDGE) LOG  [MetaMask DEBUG]: PerpsController state persisted successfully
 (NOBRIDGE) LOG  [MetaMask DEBUG]: PerpsController state persisted successfully
 (NOBRIDGE) LOG  [MetaMask DEBUG]: PerpsController state persisted successfully
 (NOBRIDGE) LOG  [MetaMask DEBUG]: PerpsController state persisted successfully
 (NOBRIDGE) LOG  [MetaMask DEBUG]: MultichainAssetsController state persisted successfully
 (NOBRIDGE) LOG  [MetaMask DEBUG]: MultichainBalancesController state persisted successfully
 (NOBRIDGE) LOG  [MetaMask DEBUG]: PerpsController state persisted successfully
 (NOBRIDGE) LOG  [MetaMask DEBUG]: PerpsController state persisted successfully
 (NOBRIDGE) LOG  [MetaMask DEBUG]: MultichainBalancesController state persisted successfully
 (NOBRIDGE) LOG  [MetaMask DEBUG]: MultichainAssetsController state persisted successfully
 (NOBRIDGE) LOG  [MetaMask DEBUG]: MultichainBalancesController state persisted successfully
 (NOBRIDGE) LOG  [MetaMask DEBUG]: PerpsController state persisted successfully
 (NOBRIDGE) LOG  [MetaMask DEBUG]: PerpsController state persisted successfully
 (NOBRIDGE) LOG  [MetaMask DEBUG]: PerpsController state persisted successfully
 (NOBRIDGE) LOG  [MetaMask DEBUG]: PerpsController state persisted successfully
 (NOBRIDGE) LOG  [MetaMask DEBUG]: PerpsController state persisted successfully
 (NOBRIDGE) LOG  [MetaMask DEBUG]: CurrencyRateController state persisted successfully
 (NOBRIDGE) LOG  [MetaMask DEBUG]: PerpsController state persisted successfully
 (NOBRIDGE) LOG  [MetaMask DEBUG]: MultichainBalancesController state persisted successfully
 (NOBRIDGE) LOG  [MetaMask DEBUG]: MultichainAssetsRatesController state persisted successfully
 (NOBRIDGE) LOG  [MetaMask DEBUG]: MultichainAssetsController state persisted successfully
 (NOBRIDGE) LOG  [MetaMask DEBUG]: MultichainBalancesController state persisted successfully
 (NOBRIDGE) LOG  [MetaMask DEBUG]: PerpsController state persisted successfully
 (NOBRIDGE) LOG  [MetaMask DEBUG]: PerpsController state persisted successfully
 (NOBRIDGE) LOG  [MetaMask DEBUG]: PerpsController state persisted successfully
 (NOBRIDGE) LOG  [MetaMask DEBUG]: PerpsController state persisted successfully
 (NOBRIDGE) LOG  [MetaMask DEBUG]: MultichainBalancesController state persisted successfully
 (NOBRIDGE) LOG  [MetaMask DEBUG]: MultichainAssetsController state persisted successfully
 (NOBRIDGE) LOG  [MetaMask DEBUG]: PerpsController state persisted successfully
 (NOBRIDGE) LOG  [MetaMask DEBUG]: PerpsController state persisted successfully
 (NOBRIDGE) LOG  [MetaMask DEBUG]: PerpsController state persisted successfully
 (NOBRIDGE) LOG  [MetaMask DEBUG]: MultichainBalancesController state persisted successfully
 (NOBRIDGE) LOG  [MetaMask DEBUG]: MultichainAssetsController state persisted successfully
 (NOBRIDGE) LOG  [MetaMask DEBUG]: MultichainBalancesController state persisted successfully
 (NOBRIDGE) LOG  [MetaMask DEBUG]: PerpsController state persisted successfully
 (NOBRIDGE) LOG  [MetaMask DEBUG]: PerpsController state persisted successfully
 (NOBRIDGE) LOG  [MetaMask DEBUG]: PerpsController state persisted successfully
 (NOBRIDGE) LOG  [MetaMask DEBUG]: MultichainBalancesController state persisted successfully
 (NOBRIDGE) LOG  [MetaMask DEBUG]: PerpsController state persisted successfully
 (NOBRIDGE) LOG  [MetaMask DEBUG]: MultichainAssetsController state persisted successfully
 (NOBRIDGE) LOG  [MetaMask DEBUG]: MultichainBalancesController state persisted successfully
 (NOBRIDGE) LOG  [MetaMask DEBUG]: PerpsController state persisted successfully
 (NOBRIDGE) LOG  [MetaMask DEBUG]: PerpsController state persisted successfully
 (NOBRIDGE) LOG  [MetaMask DEBUG]: PerpsController state persisted successfully
 (NOBRIDGE) LOG  [MetaMask DEBUG]: PerpsController state persisted successfully
 (NOBRIDGE) DEBUG  PerpsController: Fetching market data in background
 (NOBRIDGE) DEBUG  PerpsController: rest_preload_start
 (NOBRIDGE) DEBUG  Getting market data with prices via HyperLiquid SDK
 (NOBRIDGE) DEBUG  [ensureReady] Reusing existing initialization promise
 (NOBRIDGE) DEBUG  [getMarketDataWithPrices] Using cached meta for main {"universeSize": 229}
 (NOBRIDGE) DEBUG  [getMarketDataWithPrices] Using cached meta for xyz {"universeSize": 63}
 (NOBRIDGE) DEBUG  [getMarketDataWithPrices] No WS allMids snapshot, falling back to REST {"dexParam": "xyz"}
 (NOBRIDGE) LOG  [MetaMask DEBUG]: PerpsController state persisted successfully
 (NOBRIDGE) DEBUG  HyperLiquidProvider: Aggregated market data from all DEXs {"dexCount": 2, "hip3Markets": 63, "mainDexMarkets": 229, "totalMarkets": 292}
 (NOBRIDGE) DEBUG  Combined allMids price data: {"allKeys": ["0G", "2Z", "@1", "@10", "@100", "@101", "@102", "@103", "@104", "@105", "@106", "@107", "@108", "@109", "@11", "@110", "@111", "@112", "@113", "@114", "@115", "@116", "@117", "@118", "@119", "@12", "@120", "@121", "@122", "@123", "@124", "@125", "@126", "@127", "@128", "@129", "@13", "@130", "@131", "@132", "@133", "@134", "@135", "@136", "@137", "@138", "@139", "@14", "@140", "@141", "@142", "@143", "@144", "@145", "@146", "@147", "@148", "@149", "@15", "@150", "@151", "@152", "@153", "@154", "@155", "@156", "@157", "@158", "@159", "@16", "@160", "@161", "@162", "@163", "@164", "@165", "@166", "@167", "@168", "@169", "@17", "@170", "@171", "@172", "@173", "@174", "@175", "@176", "@177", "@178", "@179", "@18", "@180", "@181", "@182", "@183", "@184", "@185", "@186", "@187", "@188", "@189", "@19", "@190", "@191", "@192", "@193", "@194", "@195", "@196", "@197", "@198", "@199", "@2", "@20", "@200", "@201", "@202", "@203", "@204", "@205", "@206", "@207", "@208", "@209", "@21", "@210", "@211", "@212", "@213", "@214", "@215", "@216", "@217", "@218", "@219", "@22", "@220", "@221", "@222", "@223", "@224", "@225", "@226", "@227", "@228", "@229", "@23", "@230", "@231", "@232", "@233", "@234", "@235", "@236", "@237", "@238", "@239", "@24", "@240", "@241", "@242", "@243", "@244", "@245", "@246", "@247", "@248", "@249", "@25", "@250", "@251", "@252", "@253", "@254", "@255", "@256", "@257", "@258", "@259", "@26", "@260", "@261", "@262", "@263", "@264", "@265", "@266", "@267", "@268", "@269", "@27", "@270", "@271", "@272", "@273", "@274", "@275", "@276", "@277", "@278", "@279", "@28", "@280", "@281", "@282", "@283", "@284", "@285", "@286", "@287", "@288", "@289", "@29", "@290", "@291", "@292", "@293", "@294", "@295", "@296", "@297", "@298", "@299", "@3", "@30", "@300", "@301", "@302", "@303", "@304", "@305", "@306", "@307", "@308", "@31", "@32", "@33", "@34", "@35", "@36", "@37", "@38", "@39", "@4", "@40", "@41", "@42", "@43", "@44", "@45", "@46", "@47", "@48", "@49", "@5", "@50", "@51", "@52", "@53", "@54", "@55", "@56", "@57", "@58", "@59", "@6", "@60", "@61", "@62", "@63", "@64", "@65", "@66", "@67", "@68", "@69", "@7", "@70", "@71", "@72", "@73", "@74", "@75", "@76", "@77", "@78", "@79", "@8", "@80", "@81", "@82", "@83", "@84", "@85", "@86", "@87", "@88", "@89", "@9", "@90", "@91", "@92", "@93", "@94", "@95", "@96", "@97", "@98", "@99", "AAVE", "ACE", "ADA", "AERO", "AI", "AI16Z", "AIXBT", "ALGO", "ALT", "ANIME", "APE", "APEX", "APT", "AR", "ARB", "ARK", "ASTER", "ATOM", "AVAX", "AVNT", "AXS", "AZTEC", "BABY", "BADGER", "BANANA", "BCH", "BERA", "BIGTIME", "BIO", "BLAST", "BLUR", "BLZ", "BNB", "BNT", "BOME", "BRETT", "BSV", "BTC", "CAKE", "CANTO", "CATI", "CC", "CELO", "CFX", "CHILLGUY", "COMP", "CRV", "CYBER", "DASH", "DOGE", "DOOD", "DOT", "DYDX", "DYM", "EIGEN", "ENA", "ENS", "ETC", "ETH", "ETHFI", "FARTCOIN", "FET", "FIL", "FOGO", "FRIEND", "FTM", "FTT", "FXS", "GALA", "GAS", "GMT", "GMX", "GOAT", "GRASS", "GRIFFAIN", "HBAR", "HEMI", "HMSTR", "HPOS", "HYPE", "HYPER", "ICP", "ILV", "IMX", "INIT", "INJ", "IO", "IOTA", "IP", "JELLY", "JTO", "JUP", "KAITO", "KAS", "LAUNCHCOIN", "LAYER", "LDO", "LINEA", "LINK", "LISTA", "LIT", "LOOM", "LTC", "MANTA", "MATIC", "MAV", "MAVIA", "ME", "MEGA", "MELANIA", "MEME", "MERL", "MET", "MEW", "MINA", "MKR", "MNT", "MON", "MOODENG", "MORPHO", "MOVE", "MYRO", "NEAR", "NEIROETH", "NEO", "NFTI", "NIL", "NOT", "NTRN", "NXPC", "OGN", "OM", "OMNI", "ONDO", "OP", "ORBS", "ORDI", "OX", "PANDORA", "PAXG", "PENDLE", "PENGU", "PEOPLE", "PIXEL", "PNUT", "POL", "POLYX", "POPCAT", "PROMPT", "PROVE", "PUMP", "PURR", "PURR/USDC", "PYTH", "RDNT", "RENDER", "REQ", "RESOLV", "REZ", "RLB", "RNDR", "RSR", "RUNE", "S", "SAGA", "SAND", "SCR", "SEI", "SHIA", "SKR", "SKY", "SNX", "SOL", "SOPH", "SPX", "STABLE", "STBL", "STG", "STRAX", "STRK", "STX", "SUI", "SUPER", "SUSHI", "SYRUP", "TAO", "TIA", "TNSR", "TON", "TRB", "TRUMP", "TRX", "TST", "TURBO", "UMA", "UNI", "UNIBOT", "USTC", "USUAL", "VINE", "VIRTUAL", "VVV", "W", "WCT", "WIF", "WLD", "WLFI", "XAI", "XLM", "XMR", "XPL", "XRP", "YGG", "YZY", "ZEC", "ZEN", "ZEREBRO", "ZETA", "ZK", "ZORA", "ZRO", "kBONK", "kDOGS", "kFLOKI", "kLUNC", "kNEIRO", "kPEPE", "kSHIB", "xyz:AAPL", "xyz:ALUMINIUM", "xyz:AMD", "xyz:AMZN", "xyz:BABA", "xyz:BRENTOIL", "xyz:BX", "xyz:CL", "xyz:COIN", "xyz:COPPER", "xyz:CORN", "xyz:COST", "xyz:CRCL", "xyz:CRWV", "xyz:DKNG", "xyz:DXY", "xyz:EUR", "xyz:EWJ", "xyz:EWY", "xyz:GME", "xyz:GOLD", "xyz:GOOGL", "xyz:HIMS", "xyz:HOOD", "xyz:HYUNDAI", "xyz:INTC", "xyz:JP225", "xyz:JPY", "xyz:KIOXIA", "xyz:KR200", "xyz:LITE", "xyz:LLY", "xyz:META", "xyz:MRVL", "xyz:MSFT", "xyz:MSTR", "xyz:MU", "xyz:NATGAS", "xyz:NFLX", "xyz:NVDA", "xyz:ORCL", "xyz:PALLADIUM", "xyz:PLATINUM", "xyz:PLTR", "xyz:PURRDAT", "xyz:RIVN", "xyz:RKLB", "xyz:SILVER", "xyz:SKHX", "xyz:SMSN", "xyz:SNDK", "xyz:SOFTBANK", "xyz:SP500", "xyz:TSLA", "xyz:TSM", "xyz:TTF", "xyz:URANIUM", "xyz:URNM", "xyz:USAR", "xyz:VIX", "xyz:WHEAT", "xyz:XLE", "xyz:XYZ100"], "hip3Keys": ["xyz:AAPL", "xyz:ALUMINIUM", "xyz:AMD", "xyz:AMZN", "xyz:BABA", "xyz:BRENTOIL", "xyz:BX", "xyz:CL", "xyz:COIN", "xyz:COPPER", "xyz:CORN", "xyz:COST", "xyz:CRCL", "xyz:CRWV", "xyz:DKNG", "xyz:DXY", "xyz:EUR", "xyz:EWJ", "xyz:EWY", "xyz:GME", "xyz:GOLD", "xyz:GOOGL", "xyz:HIMS", "xyz:HOOD", "xyz:HYUNDAI", "xyz:INTC", "xyz:JP225", "xyz:JPY", "xyz:KIOXIA", "xyz:KR200", "xyz:LITE", "xyz:LLY", "xyz:META", "xyz:MRVL", "xyz:MSFT", "xyz:MSTR", "xyz:MU", "xyz:NATGAS", "xyz:NFLX", "xyz:NVDA", "xyz:ORCL", "xyz:PALLADIUM", "xyz:PLATINUM", "xyz:PLTR", "xyz:PURRDAT", "xyz:RIVN", "xyz:RKLB", "xyz:SILVER", "xyz:SKHX", "xyz:SMSN", "xyz:SNDK", "xyz:SOFTBANK", "xyz:SP500", "xyz:TSLA", "xyz:TSM", "xyz:TTF", "xyz:URANIUM", "xyz:URNM", "xyz:USAR", "xyz:VIX", "xyz:WHEAT", "xyz:XLE", "xyz:XYZ100"], "hip3Prices": {"xyz:AAPL": "263.655", "xyz:ALUMINIUM": "3080.0", "xyz:AMD": "256.9", "xyz:AMZN": "248.105", "xyz:BABA": "133.045", "xyz:BRENTOIL": "91.6805", "xyz:BX": "112.0", "xyz:CL": "89.289", "xyz:COIN": "190.135", "xyz:COPPER": "6.1411", "xyz:CORN": "4.61", "xyz:COST": "978.0", "xyz:CRCL": "104.885", "xyz:CRWV": "117.0", "xyz:DKNG": "23.7335", "xyz:DXY": "97.15", "xyz:EUR": "1.17995", "xyz:EWJ": "88.927", "xyz:EWY": "144.745", "xyz:GME": "24.2", "xyz:GOLD": "4805.95", "xyz:GOOGL": "332.96", "xyz:HIMS": "21.856", "xyz:HOOD": "85.944", "xyz:HYUNDAI": "344.915", "xyz:INTC": "65.3675", "xyz:JP225": "58372.0", "xyz:JPY": "158.945", "xyz:KIOXIA": "140.0", "xyz:KR200": "918.12", "xyz:LITE": "702.0", "xyz:LLY": "913.21", "xyz:META": "674.28", "xyz:MRVL": "128.0", "xyz:MSFT": "407.115", "xyz:MSTR": "138.985", "xyz:MU": "449.54", "xyz:NATGAS": "2.74715", "xyz:NFLX": "106.04", "xyz:NVDA": "199.66", "xyz:ORCL": "170.99", "xyz:PALLADIUM": "1574.25", "xyz:PLATINUM": "2112.95", "xyz:PLTR": "139.22", "xyz:PURRDAT": "5.3", "xyz:RIVN": "16.2685", "xyz:RKLB": "70.0", "xyz:SILVER": "79.4915", "xyz:SKHX": "767.32", "xyz:SMSN": "142.155", "xyz:SNDK": "887.21", "xyz:SOFTBANK": "31.0", "xyz:SP500": "6993.25", "xyz:TSLA": "392.46", "xyz:TSM": "378.795", "xyz:TTF": "57.0", "xyz:URANIUM": "85.0", "xyz:URNM": "68.6585", "xyz:USAR": "18.4155", "xyz:VIX": "20.0", "xyz:WHEAT": "6.3", "xyz:XLE": "60.0", "xyz:XYZ100": "26021.5"}, "samplePrices": {"0G": "0.59099", "2Z": "0.079853", "@1": "12.118", "@10": "0.00013552", "@100": "0.004107"}, "totalKeys": 601}
 (NOBRIDGE) DEBUG  PerpsController: rest_preload_end {"duration_ms": 638, "markets": 292}
 (NOBRIDGE) DEBUG  PerpsController: Market data preloaded {"marketCount": 292}
 (NOBRIDGE) DEBUG  PerpsController: Skipping user data preload — WebSocket connected
 (NOBRIDGE) LOG  [MetaMask DEBUG]: PerpsController state persisted successfully
 (NOBRIDGE) LOG  [MetaMask DEBUG]: MultichainBalancesController state persisted successfully
 (NOBRIDGE) LOG  [MetaMask DEBUG]: PerpsController state persisted successfully
 (NOBRIDGE) LOG  [MetaMask DEBUG]: MultichainAssetsController state persisted successfully
 (NOBRIDGE) LOG  [MetaMask DEBUG]: MultichainBalancesController state persisted successfully
 (NOBRIDGE) LOG  [MetaMask DEBUG]: PerpsController state persisted successfully
 (NOBRIDGE) LOG  [MetaMask DEBUG]: PerpsController state persisted successfully
 (NOBRIDGE) LOG  [MetaMask DEBUG]: PerpsController state persisted successfully
 (NOBRIDGE) LOG  [MetaMask DEBUG]: MultichainBalancesController state persisted successfully
 (NOBRIDGE) LOG  [MetaMask DEBUG]: MultichainAssetsController state persisted successfully
 (NOBRIDGE) LOG  [MetaMask DEBUG]: MultichainBalancesController state persisted successfully
 (NOBRIDGE) LOG  [MetaMask DEBUG]: PerpsController state persisted successfully
 (NOBRIDGE) LOG  [MetaMask DEBUG]: PerpsController state persisted successfully
 (NOBRIDGE) LOG  [MetaMask DEBUG]: PerpsController state persisted successfully
 (NOBRIDGE) LOG  [MetaMask DEBUG]: PerpsController state persisted successfully
 (NOBRIDGE) LOG  [MetaMask DEBUG]: CurrencyRateController state persisted successfully
 (NOBRIDGE) LOG  [MetaMask DEBUG]: MultichainAssetsController state persisted successfully
 (NOBRIDGE) LOG  [MetaMask DEBUG]: MultichainBalancesController state persisted successfully
 (NOBRIDGE) LOG  [MetaMask DEBUG]: PerpsController state persisted successfully
 (NOBRIDGE) LOG  [MetaMask DEBUG]: MultichainAssetsRatesController state persisted successfully
 (NOBRIDGE) LOG  [MetaMask DEBUG]: PerpsController state persisted successfully
 (NOBRIDGE) LOG  [MetaMask DEBUG]: PerpsController state persisted successfully
 (NOBRIDGE) LOG  [MetaMask DEBUG]: PerpsController state persisted successfully
 (NOBRIDGE) LOG  [MetaMask DEBUG]: PerpsController state persisted successfully
 (NOBRIDGE) LOG  [MetaMask DEBUG]: PerpsController state persisted successfully
 (NOBRIDGE) LOG  [MetaMask DEBUG]: MultichainBalancesController state persisted successfully
 (NOBRIDGE) LOG  [MetaMask DEBUG]: MultichainAssetsController state persisted successfully
 (NOBRIDGE) LOG  [MetaMask DEBUG]: MultichainBalancesController state persisted successfully
 (NOBRIDGE) LOG  [MetaMask DEBUG]: PerpsController state persisted successfully
 (NOBRIDGE) LOG  [MetaMask DEBUG]: PerpsController state persisted successfully
 (NOBRIDGE) LOG  [MetaMask DEBUG]: PerpsController state persisted successfully
 (NOBRIDGE) LOG  [MetaMask DEBUG]: PerpsController state persisted successfully
 (NOBRIDGE) LOG  [MetaMask DEBUG]: PerpsController state persisted successfully
 (NOBRIDGE) LOG  [MetaMask DEBUG]: MultichainAssetsController state persisted successfully
 (NOBRIDGE) LOG  [MetaMask DEBUG]: MultichainBalancesController state persisted successfully
 (NOBRIDGE) LOG  [MetaMask DEBUG]: PerpsController state persisted successfully
 (NOBRIDGE) LOG  [MetaMask DEBUG]: PerpsController state persisted successfully
 (NOBRIDGE) LOG  [MetaMask DEBUG]: PerpsController state persisted successfully
 (NOBRIDGE) LOG  [MetaMask DEBUG]: PerpsController state persisted successfully
 (NOBRIDGE) LOG  [MetaMask DEBUG]: PerpsController state persisted successfully
 (NOBRIDGE) LOG  [MetaMask DEBUG]: PerpsController state persisted successfully

