 (NOBRIDGE) LOG  [MetaMask DEBUG]: TransactionController state persisted successfully
 (NOBRIDGE) DEBUG  usePerpsOrderValidation: Validating order params {"currentPrice": 2369.15, "existingPositionLeverage": undefined, "isBuy": true, "leverage": 3, "orderType": "market", "price": undefined, "size": "0.0043", "symbol": "ETH", "usdAmount": "10"}
 (NOBRIDGE) DEBUG  Validating USD amount (source of truth): {"minimumRequired": 10, "usdAmount": 10}
 (NOBRIDGE) DEBUG  usePerpsOrderValidation: Validation result {"isValid": true}
 (NOBRIDGE) DEBUG  usePerpsOrderValidation: Validating order params {"currentPrice": 2368.95, "existingPositionLeverage": undefined, "isBuy": true, "leverage": 3, "orderType": "market", "price": undefined, "size": "0.0043", "symbol": "ETH", "usdAmount": "10"}
 (NOBRIDGE) DEBUG  Validating USD amount (source of truth): {"minimumRequired": 10, "usdAmount": 10}
 (NOBRIDGE) DEBUG  usePerpsOrderValidation: Validation result {"isValid": true}
 (NOBRIDGE) DEBUG  usePerpsOrderValidation: Validating order params {"currentPrice": 2368.85, "existingPositionLeverage": undefined, "isBuy": true, "leverage": 3, "orderType": "market", "price": undefined, "size": "0.0043", "symbol": "ETH", "usdAmount": "10"}
 (NOBRIDGE) DEBUG  Validating USD amount (source of truth): {"minimumRequired": 10, "usdAmount": 10}
 (NOBRIDGE) DEBUG  usePerpsOrderValidation: Validation result {"isValid": true}
 (NOBRIDGE) LOG  [MetaMask DEBUG]: PerpsController state persisted successfully
 (NOBRIDGE) DEBUG  usePerpsOrderValidation: Validating order params {"currentPrice": 2368.75, "existingPositionLeverage": undefined, "isBuy": true, "leverage": 3, "orderType": "market", "price": undefined, "size": "0.0043", "symbol": "ETH", "usdAmount": "10"}
 (NOBRIDGE) DEBUG  Validating USD amount (source of truth): {"minimumRequired": 10, "usdAmount": 10}
 (NOBRIDGE) DEBUG  usePerpsOrderValidation: Validation result {"isValid": true}
 (NOBRIDGE) DEBUG  usePerpsOrderValidation: Validating order params {"currentPrice": 2368.65, "existingPositionLeverage": undefined, "isBuy": true, "leverage": 3, "orderType": "market", "price": undefined, "size": "0.0043", "symbol": "ETH", "usdAmount": "10"}
 (NOBRIDGE) DEBUG  Validating USD amount (source of truth): {"minimumRequired": 10, "usdAmount": 10}
 (NOBRIDGE) DEBUG  usePerpsOrderValidation: Validation result {"isValid": true}
 (NOBRIDGE) LOG  [MetaMask DEBUG]: GasFeeController state persisted successfully
 (NOBRIDGE) LOG  [MetaMask DEBUG]: PerpsController state persisted successfully
 (NOBRIDGE) LOG  [MetaMask DEBUG]: GasFeeController state persisted successfully
 (NOBRIDGE) LOG  [MetaMask DEBUG]: TransactionController state persisted successfully
 (NOBRIDGE) DEBUG  usePerpsOrderValidation: Validating order params {"currentPrice": 2368.5, "existingPositionLeverage": undefined, "isBuy": true, "leverage": 3, "orderType": "market", "price": undefined, "size": "0.0043", "symbol": "ETH", "usdAmount": "10"}
 (NOBRIDGE) DEBUG  Validating USD amount (source of truth): {"minimumRequired": 10, "usdAmount": 10}
 (NOBRIDGE) DEBUG  usePerpsOrderValidation: Validation result {"isValid": true}
 (NOBRIDGE) DEBUG  usePerpsOrderValidation: Validating order params {"currentPrice": 2368.45, "existingPositionLeverage": undefined, "isBuy": true, "leverage": 3, "orderType": "market", "price": undefined, "size": "0.0043", "symbol": "ETH", "usdAmount": "10"}
 (NOBRIDGE) DEBUG  Validating USD amount (source of truth): {"minimumRequired": 10, "usdAmount": 10}
 (NOBRIDGE) DEBUG  usePerpsOrderValidation: Validation result {"isValid": true}
 (NOBRIDGE) LOG  [MetaMask DEBUG]: PerpsController state persisted successfully
 (NOBRIDGE) DEBUG  usePerpsOrderValidation: Validating order params {"currentPrice": 2368.6, "existingPositionLeverage": undefined, "isBuy": true, "leverage": 3, "orderType": "market", "price": undefined, "size": "0.0043", "symbol": "ETH", "usdAmount": "10"}
 (NOBRIDGE) DEBUG  Validating USD amount (source of truth): {"minimumRequired": 10, "usdAmount": 10}
 (NOBRIDGE) DEBUG  usePerpsOrderValidation: Validation result {"isValid": true}
 (NOBRIDGE) DEBUG  usePerpsOrderValidation: Validating order params {"currentPrice": 2369.2, "existingPositionLeverage": undefined, "isBuy": true, "leverage": 3, "orderType": "market", "price": undefined, "size": "0.0043", "symbol": "ETH", "usdAmount": "10"}
 (NOBRIDGE) DEBUG  Validating USD amount (source of truth): {"minimumRequired": 10, "usdAmount": 10}
 (NOBRIDGE) DEBUG  usePerpsOrderValidation: Validation result {"isValid": true}
 (NOBRIDGE) DEBUG  usePerpsOrderValidation: Validating order params {"currentPrice": 2368.4, "existingPositionLeverage": undefined, "isBuy": true, "leverage": 3, "orderType": "market", "price": undefined, "size": "0.0043", "symbol": "ETH", "usdAmount": "10"}
 (NOBRIDGE) DEBUG  Validating USD amount (source of truth): {"minimumRequired": 10, "usdAmount": 10}
 (NOBRIDGE) DEBUG  usePerpsOrderValidation: Validation result {"isValid": true}
 (NOBRIDGE) LOG  [MetaMask DEBUG]: PerpsController state persisted successfully
 (NOBRIDGE) LOG  [MetaMask DEBUG]: GasFeeController state persisted successfully
 (NOBRIDGE) LOG  [MetaMask DEBUG]: TransactionController state persisted successfully
 (NOBRIDGE) DEBUG  usePerpsOrderValidation: Validating order params {"currentPrice": 2368.5, "existingPositionLeverage": undefined, "isBuy": true, "leverage": 3, "orderType": "market", "price": undefined, "size": "0.0043", "symbol": "ETH", "usdAmount": "10"}
 (NOBRIDGE) DEBUG  Validating USD amount (source of truth): {"minimumRequired": 10, "usdAmount": 10}
 (NOBRIDGE) DEBUG  usePerpsOrderValidation: Validation result {"isValid": true}
 (NOBRIDGE) LOG  [MetaMask DEBUG]: GasFeeController state persisted successfully
 (NOBRIDGE) LOG  [MetaMask DEBUG]: MultichainBalancesController state persisted successfully
 (NOBRIDGE) DEBUG  usePerpsOrderValidation: Validating order params {"currentPrice": 2368.6, "existingPositionLeverage": undefined, "isBuy": true, "leverage": 3, "orderType": "market", "price": undefined, "size": "0.0043", "symbol": "ETH", "usdAmount": "10"}
 (NOBRIDGE) DEBUG  Validating USD amount (source of truth): {"minimumRequired": 10, "usdAmount": 10}
 (NOBRIDGE) DEBUG  usePerpsOrderValidation: Validation result {"isValid": true}
 (NOBRIDGE) LOG  [MetaMask DEBUG]: SnapController state persisted successfully
 (NOBRIDGE) LOG  [MetaMask DEBUG]: MultichainAssetsController state persisted successfully
 (NOBRIDGE) LOG  [MetaMask DEBUG]: MultichainBalancesController state persisted successfully
 (NOBRIDGE) LOG  [MetaMask DEBUG]: PerpsController state persisted successfully
 (NOBRIDGE) LOG  [MetaMask DEBUG]: PerpsController state persisted successfully
 (NOBRIDGE) DEBUG  usePerpsOrderValidation: Validating order params {"currentPrice": 2368.5, "existingPositionLeverage": undefined, "isBuy": true, "leverage": 3, "orderType": "market", "price": undefined, "size": "0.0043", "symbol": "ETH", "usdAmount": "10"}
 (NOBRIDGE) DEBUG  Validating USD amount (source of truth): {"minimumRequired": 10, "usdAmount": 10}
 (NOBRIDGE) DEBUG  usePerpsOrderValidation: Validation result {"isValid": true}
 (NOBRIDGE) LOG  [MetaMask DEBUG]: GasFeeController state persisted successfully
 (NOBRIDGE) LOG  [MetaMask DEBUG]: TransactionController state persisted successfully
 (NOBRIDGE) DEBUG  usePerpsOrderValidation: Validating order params {"currentPrice": 2368.4, "existingPositionLeverage": undefined, "isBuy": true, "leverage": 3, "orderType": "market", "price": undefined, "size": "0.0043", "symbol": "ETH", "usdAmount": "10"}
 (NOBRIDGE) DEBUG  Validating USD amount (source of truth): {"minimumRequired": 10, "usdAmount": 10}
 (NOBRIDGE) DEBUG  usePerpsOrderValidation: Validation result {"isValid": true}
 (NOBRIDGE) DEBUG  usePerpsOrderValidation: Validating order params {"currentPrice": 2368.6, "existingPositionLeverage": undefined, "isBuy": true, "leverage": 3, "orderType": "market", "price": undefined, "size": "0.0043", "symbol": "ETH", "usdAmount": "10"}
 (NOBRIDGE) DEBUG  Validating USD amount (source of truth): {"minimumRequired": 10, "usdAmount": 10}
 (NOBRIDGE) DEBUG  usePerpsOrderValidation: Validation result {"isValid": true}
 (NOBRIDGE) LOG  [MetaMask DEBUG]: GasFeeController state persisted successfully
 (NOBRIDGE) LOG  [MetaMask DEBUG]: GasFeeController state persisted successfully
 (NOBRIDGE) LOG  [MetaMask DEBUG]: TransactionController state persisted successfully
 (NOBRIDGE) DEBUG  usePerpsOrderValidation: Validating order params {"currentPrice": 2368.45, "existingPositionLeverage": undefined, "isBuy": true, "leverage": 3, "orderType": "market", "price": undefined, "size": "0.0043", "symbol": "ETH", "usdAmount": "10"}
 (NOBRIDGE) DEBUG  Validating USD amount (source of truth): {"minimumRequired": 10, "usdAmount": 10}
 (NOBRIDGE) DEBUG  usePerpsOrderValidation: Validation result {"isValid": true}
 (NOBRIDGE) LOG  [MetaMask DEBUG]: PerpsController state persisted successfully
 (NOBRIDGE) DEBUG  usePerpsOrderValidation: Validating order params {"currentPrice": 2368.25, "existingPositionLeverage": undefined, "isBuy": true, "leverage": 3, "orderType": "market", "price": undefined, "size": "0.0043", "symbol": "ETH", "usdAmount": "10"}
 (NOBRIDGE) DEBUG  Validating USD amount (source of truth): {"minimumRequired": 10, "usdAmount": 10}
 (NOBRIDGE) DEBUG  usePerpsOrderValidation: Validation result {"isValid": true}
 (NOBRIDGE) LOG  [MetaMask DEBUG]: GasFeeController state persisted successfully
 (NOBRIDGE) LOG  [MetaMask DEBUG]: MultichainBalancesController state persisted successfully
 (NOBRIDGE) LOG  [MetaMask DEBUG]: TransactionController state persisted successfully
 (NOBRIDGE) LOG  [MetaMask DEBUG]: GasFeeController state persisted successfully
 (NOBRIDGE) LOG  [MetaMask DEBUG]: MultichainAssetsController state persisted successfully
 (NOBRIDGE) LOG  [MetaMask DEBUG]: MultichainBalancesController state persisted successfully
 (NOBRIDGE) DEBUG  usePerpsOrderValidation: Validating order params {"currentPrice": 2368.25, "existingPositionLeverage": undefined, "isBuy": true, "leverage": 3, "orderType": "market", "price": undefined, "size": "0.0043", "symbol": "ETH", "usdAmount": "10"}
 (NOBRIDGE) DEBUG  Validating USD amount (source of truth): {"minimumRequired": 10, "usdAmount": 10}
 (NOBRIDGE) DEBUG  usePerpsOrderValidation: Validation result {"isValid": true}
 (NOBRIDGE) LOG  [MetaMask DEBUG]: TransactionController state persisted successfully
 (NOBRIDGE) LOG  [MetaMask DEBUG]: PerpsController state persisted successfully
 (NOBRIDGE) LOG  [MetaMask DEBUG]: TransactionController state persisted successfully
 (NOBRIDGE) DEBUG  usePerpsOrderValidation: Validating order params {"currentPrice": 2368.15, "existingPositionLeverage": undefined, "isBuy": true, "leverage": 3, "orderType": "market", "price": undefined, "size": "0.0043", "symbol": "ETH", "usdAmount": "10"}
 (NOBRIDGE) DEBUG  Validating USD amount (source of truth): {"minimumRequired": 10, "usdAmount": 10}
 (NOBRIDGE) DEBUG  usePerpsOrderValidation: Validation result {"isValid": true}
 (NOBRIDGE) DEBUG  usePerpsOrderValidation: Validating order params {"currentPrice": 2368.3, "existingPositionLeverage": undefined, "isBuy": true, "leverage": 3, "orderType": "market", "price": undefined, "size": "0.0043", "symbol": "ETH", "usdAmount": "10"}
 (NOBRIDGE) DEBUG  Validating USD amount (source of truth): {"minimumRequired": 10, "usdAmount": 10}
 (NOBRIDGE) DEBUG  usePerpsOrderValidation: Validation result {"isValid": true}
 (NOBRIDGE) DEBUG  PerpsStreamProvider: Using stream manager: {"isE2EMockManager": false, "isRealManager": true, "isTestManager": false}
 (NOBRIDGE) DEBUG  CandleStreamChannel: Disconnecting WebSocket (no subscribers) {"cacheKey": "ETH-1h"}
 (NOBRIDGE) DEBUG  CandleStreamChannel: Disconnecting WebSocket (no subscribers) {"cacheKey": "ETH-15m"}
 (NOBRIDGE) DEBUG  TradingViewChart: Ignoring mismatched candleData Expected: BTC, Got: ETH
 (NOBRIDGE) DEBUG  [ensureReady] Reusing existing initialization promise
 (NOBRIDGE) DEBUG  PerpsController: Saving pending trade configuration {"config": {"amount": "10", "leverage": 3, "limitPrice": undefined, "orderType": "market", "selectedPaymentToken": null, "stopLossPrice": undefined, "takeProfitPrice": undefined}, "network": "testnet", "symbol": "ETH", "timestamp": "2026-04-16T00:53:25.068Z"}
 (NOBRIDGE) DEBUG  PerpsStreamProvider: Using stream manager: {"isE2EMockManager": false, "isRealManager": true, "isTestManager": false}
 (NOBRIDGE) DEBUG  HyperLiquidProvider: Getting markets with symbol filter {"symbolCount": 1}
 (NOBRIDGE) DEBUG  [getCachedMeta] Using cached meta response {"dex": "main", "universeSize": 207}
 (NOBRIDGE) DEBUG  HyperLiquidProvider: Fetched markets for DEX {"dex": "main", "marketCount": 207, "skipCache": false, "skipFilters": false}
 (NOBRIDGE) DEBUG  HyperLiquid: Market data subscription established for BTC
 (NOBRIDGE) DEBUG  PerpsController: Saving pending trade configuration {"config": {"amount": "10", "leverage": 3, "limitPrice": undefined, "orderType": "market", "selectedPaymentToken": null, "stopLossPrice": undefined, "takeProfitPrice": undefined}, "network": "testnet", "symbol": "ETH", "timestamp": "2026-04-16T00:53:25.338Z"}
 (NOBRIDGE) DEBUG  usePerpsLiveFills: Unsubscribing
 (NOBRIDGE) INFO  TRACK event saved {"event": "Transaction Rejected", "properties": {"account_hardware_type": null, "account_type": "MetaMask", "chain_id": "0xa4b1", "dapp_host_name": "metamask", "eip7702_upgrade_rejection": false, "eip7702_upgrade_transaction": false, "error": "User rejected the request.", "gas_estimation_failed": false, "gas_fee_presented": "medium", "gas_insufficient_native_asset": false, "gas_payment_tokens_available": [], "is_smart_transaction": true, "is_smart_transactions_available": true, "is_smart_transactions_user_opt_in": true, "mm_pay_amount_input_type": "manual", "source": "MetaMask Mobile", "status": "rejected", "transaction_contract_method": ["transfer"], "transaction_envelope_type": "0x2", "transaction_internal_id": "a8bdab30-392d-11f1-bc6d-f7a60e9b24ac", "transaction_type": "perps_deposit_and_order"}, "type": "track"}
 (NOBRIDGE) DEBUG  CandleStreamChannel: WebSocket subscription established {"cacheKey": "BTC-1h", "interval": "1h", "symbol": "BTC"}
 (NOBRIDGE) DEBUG  CandleStreamChannel: WebSocket subscription established {"cacheKey": "BTC-15m", "interval": "15m", "symbol": "BTC"}
 (NOBRIDGE) LOG  [MetaMask DEBUG]: TransactionController state persisted successfully
 (NOBRIDGE) LOG  [MetaMask DEBUG]: PerpsController state persisted successfully
 (NOBRIDGE) DEBUG  [useComplianceGate] Wallet not blocked, proceeding
 (NOBRIDGE) DEBUG  DepositService: Preparing deposit transaction
 (NOBRIDGE) DEBUG  DepositService: Deposit transaction prepared {"assetChainId": "0xa4b1", "depositId": "deposit-d827862c-5272-49bd-b4f2-b8e13e2d41dc", "from": "0x8dc623e964475d4d669da601fd15ea9125469003", "to": "0xaf88d065e77c8cC2239327C5EDb3A432268e5831"}
 (NOBRIDGE) INFO  TRACK event saved {"event": "Perp UI Interaction", "properties": {"ab_test_button_color": "monochrome", "asset": "BTC", "direction": "long", "interaction_type": "tap", "timestamp": 1776300807063}, "type": "track"}
 (NOBRIDGE) INFO  TRACK event saved {"event": "Transaction Added", "properties": {"account_hardware_type": null, "account_type": "MetaMask", "chain_id": "0xa4b1", "dapp_host_name": "metamask", "eip7702_upgrade_transaction": false, "gas_estimation_failed": true, "gas_fee_presented": "not_loaded", "gas_insufficient_native_asset": false, "is_smart_transaction": true, "is_smart_transactions_available": true, "is_smart_transactions_user_opt_in": true, "source": "MetaMask Mobile", "status": "unapproved", "transaction_contract_method": ["transfer"], "transaction_envelope_type": "0x2", "transaction_internal_id": "adb2efa0-392e-11f1-bc6d-f7a60e9b24ac", "transaction_type": "perps_deposit_and_order"}, "type": "track"}
 (NOBRIDGE) DEBUG  PerpsStreamProvider: Using stream manager: {"isE2EMockManager": false, "isRealManager": true, "isTestManager": false}
 (NOBRIDGE) DEBUG  Generating leverage options for maxLeverage: 40
 (NOBRIDGE) DEBUG  Available leverage options: 2, 5, 10, 20, 40
 (NOBRIDGE) DEBUG  usePerpsLivePositions: Received first WebSocket update {"positionsCount": 1}
 (NOBRIDGE) DEBUG  usePerpsLiveFills: Subscribing with no throttle (instant updates)
 (NOBRIDGE) DEBUG  usePerpsLiveFills: Received first WebSocket update {"count": 30}
 (NOBRIDGE) DEBUG  usePerpsLiveFills: Received fill update {"count": 30}
 (NOBRIDGE) DEBUG  Perps: Market data received (first load) {"cacheHit": true, "marketCount": 253, "source": "cache", "timeToDataMs": 0}
 (NOBRIDGE) DEBUG  PerpsStreamManager: Cache miss or stale {"cacheAgeMs": 849389, "cacheDurationMs": 300000, "cacheExpired": true, "hasCached": true, "providerId": "hyperliquid"}
 (NOBRIDGE) DEBUG  HyperLiquid Fee Calculation Started {"amount": "10", "baseFeeRate": 0.00045, "baseMakerRate": 0.00015, "baseTakerRate": 0.00045, "hip3Multiplier": 1, "isHip3Asset": false, "isMaker": false, "orderType": "market", "symbol": "BTC"}
 (NOBRIDGE) LOG  [MetaMask DEBUG]: RewardsController: Fetching fresh season metadata via API call for type current
 (NOBRIDGE) DEBUG  [ensureReady] Reusing existing initialization promise
 (NOBRIDGE) DEBUG  usePerpsLivePositions: Received first WebSocket update {"positionsCount": 1}
 (NOBRIDGE) DEBUG  [ensureReady] Reusing existing initialization promise
 (NOBRIDGE) LOG  [MetaMask DEBUG]: Failed to resolve IPFS URL for http://127.0.0.1:8061/assets/?unstable_path=.%2Fapp%2Fimages/perps-pay-token-icon.png?platform=ios&hash=e3c84351c35359caf8f88111c397b318
 (NOBRIDGE) DEBUG  User Address Retrieved {"network": "testnet", "userAddress": "0x8dc623e964475d4d669da601fd15ea9125469003"}
 (NOBRIDGE) DEBUG  Fetching Fresh Fee Rates from HyperLiquid API {"cacheHit": false, "userAddress": "0x8dc623e964475d4d669da601fd15ea9125469003"}
 (NOBRIDGE) DEBUG  HyperLiquidProvider: Getting markets with symbol filter {"symbolCount": 1}
 (NOBRIDGE) DEBUG  [getCachedMeta] Using cached meta response {"dex": "main", "universeSize": 207}
 (NOBRIDGE) DEBUG  HyperLiquidProvider: Getting markets with symbol filter {"symbolCount": 1}
 (NOBRIDGE) DEBUG  [getCachedMeta] Using cached meta response {"dex": "main", "universeSize": 207}
 (NOBRIDGE) DEBUG  HyperLiquidProvider: Fetched markets for DEX {"dex": "main", "marketCount": 207, "skipCache": false, "skipFilters": false}
 (NOBRIDGE) DEBUG  HyperLiquidProvider: Fetched markets for DEX {"dex": "main", "marketCount": 207, "skipCache": false, "skipFilters": false}
 (NOBRIDGE) INFO  TRACK event saved {"event": "Perp Screen Viewed", "properties": {"ab_test_button_color": "monochrome", "asset": "BTC", "direction": "long", "open_position": 0, "screen_type": "trading", "source": "perp_asset_screen", "timestamp": 1776300807703}, "type": "track"}
 (NOBRIDGE) INFO  TRACK event saved {"event": "Perp UI Interaction", "properties": {"asset": "BTC", "direction": "long", "interaction_type": "order_type_viewed", "leverage_used": 3, "order_size": 10, "order_type": "market", "timestamp": 1776300807706}, "type": "track"}
 (NOBRIDGE) DEBUG  HyperLiquid userFees API Response {"activeReferralDiscount": "0.04", "activeStakingDiscount": {"bpsOfMaxSupply": "0.0", "discount": "0.0"}, "userAddRate": "0.00015", "userCrossRate": "0.00045"}
 (NOBRIDGE) DEBUG  Fee Discount Calculation {"discounts": {"referral": "4.0%", "staking": "0.0%", "total": "4.0%"}, "rates": {"after": {"maker": "0.0144%", "taker": "0.0432%"}, "before": {"maker": "0.0150%", "taker": "0.0450%"}}}
 (NOBRIDGE) DEBUG  Fee Rates Validated and Cached {"cacheExpiry": "2026-04-16T00:58:28.163Z", "discountApplied": true, "hip3Multiplier": 1, "isHip3Asset": false, "selectedRate": 0.000432, "selectedRatePercentage": "0.0432%"}
 (NOBRIDGE) DEBUG  Final Fee Calculation Result {"amount": "10", "fees": {"metamaskRate": "0.1000%", "protocolRate": "0.0432%", "totalAmount": 0.014320000000000001, "totalRate": "0.1432%"}, "orderType": "market", "usingFallbackRates": false}
 (NOBRIDGE) DEBUG  Rewards: Fetching fee discount via controller {"address": "0x8Dc623E964475D4d669da601Fd15ea9125469003", "caipAccountId": "eip155:1:0x8Dc623E964475D4d669da601Fd15ea9125469003"}
 (NOBRIDGE) LOG  [MetaMask DEBUG]: RewardsController: Fetching fresh perps discount data via API call for eip155:1:0x8Dc623E964475D4d669da601Fd15ea9125469003
 (NOBRIDGE) LOG  [MetaMask DEBUG]: PerpsController state persisted successfully
 (NOBRIDGE) LOG  [MetaMask DEBUG]: TransactionController state persisted successfully
 (NOBRIDGE) DEBUG  [ensureReady] Reusing existing initialization promise
 (NOBRIDGE) DEBUG  TopOfBookStreamChannel: Subscribing to top of book {"symbol": "BTC"}
 (NOBRIDGE) DEBUG  HyperLiquidProvider: Getting markets with symbol filter {"symbolCount": 1}
 (NOBRIDGE) DEBUG  [getCachedMeta] Using cached meta response {"dex": "main", "universeSize": 207}
 (NOBRIDGE) DEBUG  HyperLiquidProvider: Fetched markets for DEX {"dex": "main", "marketCount": 207, "skipCache": false, "skipFilters": false}
 (NOBRIDGE) DEBUG  PERPSMARK_SENTRY PerpsScreen: Perps Order View completed {"context": {}, "endConditions": 3, "metric": "Perps Order View"}
 (NOBRIDGE) DEBUG  usePerpsOrderValidation: Validating order params {"currentPrice": 75044, "existingPositionLeverage": undefined, "isBuy": true, "leverage": 3, "orderType": "market", "price": undefined, "size": "0.00014", "symbol": "BTC", "usdAmount": "10"}
 (NOBRIDGE) DEBUG  Validating USD amount (source of truth): {"minimumRequired": 10, "usdAmount": 10}
 (NOBRIDGE) DEBUG  [getCachedMeta] Using cached meta response {"dex": "main", "universeSize": 207}
 (NOBRIDGE) DEBUG  usePerpsOrderValidation: Validation result {"isValid": true}
 (NOBRIDGE) DEBUG  HyperLiquid: BBO subscription established for BTC
 (NOBRIDGE) LOG  [MetaMask DEBUG]: RewardsController: Failed to check active season: No valid season metadata could be found for type: current
 (NOBRIDGE) LOG  [MetaMask DEBUG]: GasFeeController state persisted successfully
 (NOBRIDGE) LOG  [MetaMask DEBUG]: TransactionController state persisted successfully
 (NOBRIDGE) LOG  [MetaMask DEBUG]: PerpsController state persisted successfully
 (NOBRIDGE) DEBUG  Rewards: Fee discount bips fetched via controller {"address": "0x8Dc623E964475D4d669da601Fd15ea9125469003", "discountBips": 0, "duration": "1386ms"}
 (NOBRIDGE) DEBUG  Rewards: Calculating points with discounted fee {"actualFeeUSD": 0.01, "adjustedRate": 0.001, "amount": 10, "discountPercentage": 0, "originalRate": 0.001}
 (NOBRIDGE) DEBUG  Rewards: Points estimation request via controller {"estimatePointsDto": {"account": "eip155:1:0x8Dc623E964475D4d669da601Fd15ea9125469003", "activityContext": {"perpsContext": [Object]}, "activityType": "PERPS"}, "isClose": false, "size": 10, "symbol": "BTC"}
 (NOBRIDGE) LOG  [MetaMask DEBUG]: RewardsController: Fetching fresh season metadata via API call for type current
 (NOBRIDGE) LOG  [MetaMask DEBUG]: CurrencyRateController state persisted successfully
 (NOBRIDGE) LOG  [MetaMask DEBUG]: GasFeeController state persisted successfully
 (NOBRIDGE) LOG  [MetaMask DEBUG]: TokenRatesController state persisted successfully
 (NOBRIDGE) LOG  [MetaMask DEBUG]: TransactionController state persisted successfully
 (NOBRIDGE) DEBUG  usePredictBalance: Loaded balance {"balance": 0}
 (NOBRIDGE) LOG  [MetaMask DEBUG]: RewardsController state persisted successfully
 (NOBRIDGE) LOG  [MetaMask DEBUG]: MultichainAssetsRatesController state persisted successfully
 (NOBRIDGE) LOG  [MetaMask DEBUG]: RewardsController: Failed to check active season: No valid season metadata could be found for type: current
 (NOBRIDGE) DEBUG  Rewards: Points estimated via controller {"bonusBips": 0, "duration": "1458ms", "isClose": false, "pointsEstimate": 0, "size": 10, "symbol": "BTC"}
 (NOBRIDGE) DEBUG  Rewards: Cached points calculation parameters {"address": "0x8Dc623E964475D4d669da601Fd15ea9125469003", "basePointsPerDollar": 0, "bonusBips": 0, "cacheExpiry": "2026-04-16T00:58:29.550Z"}
 (NOBRIDGE) LOG  [MetaMask DEBUG]: RewardsController: Fetching fresh season metadata via API call for type current
 (NOBRIDGE) LOG  [MetaMask DEBUG]: PredictController state persisted successfully
 (NOBRIDGE) LOG  [MetaMask DEBUG]: RewardsController: Failed to check active season: No valid season metadata could be found for type: current
 (NOBRIDGE) DEBUG  PerpsStreamProvider: Using stream manager: {"isE2EMockManager": false, "isRealManager": true, "isTestManager": false}
 (NOBRIDGE) DEBUG  CandleStreamChannel: Disconnecting WebSocket (no subscribers) {"cacheKey": "BTC-1h"}
 (NOBRIDGE) DEBUG  CandleStreamChannel: Disconnecting WebSocket (no subscribers) {"cacheKey": "BTC-15m"}
 (NOBRIDGE) DEBUG  TradingViewChart: Ignoring mismatched candleData Expected: ETH, Got: BTC
 (NOBRIDGE) DEBUG  [ensureReady] Reusing existing initialization promise
 (NOBRIDGE) DEBUG  PerpsController: Saving pending trade configuration {"config": {"amount": "10", "leverage": 3, "limitPrice": undefined, "orderType": "market", "selectedPaymentToken": null, "stopLossPrice": undefined, "takeProfitPrice": undefined}, "network": "testnet", "symbol": "BTC", "timestamp": "2026-04-16T00:53:32.809Z"}
 (NOBRIDGE) DEBUG  PerpsStreamProvider: Using stream manager: {"isE2EMockManager": false, "isRealManager": true, "isTestManager": false}
 (NOBRIDGE) DEBUG  HyperLiquidProvider: Getting markets with symbol filter {"symbolCount": 1}
 (NOBRIDGE) DEBUG  [getCachedMeta] Using cached meta response {"dex": "main", "universeSize": 207}
 (NOBRIDGE) DEBUG  HyperLiquidProvider: Fetched markets for DEX {"dex": "main", "marketCount": 207, "skipCache": false, "skipFilters": false}
 (NOBRIDGE) LOG  [MetaMask DEBUG]: TransactionController state persisted successfully
 (NOBRIDGE) DEBUG  HyperLiquid: Market data subscription established for ETH
 (NOBRIDGE) DEBUG  PerpsController: Saving pending trade configuration {"config": {"amount": "10", "leverage": 3, "limitPrice": undefined, "orderType": "market", "selectedPaymentToken": null, "stopLossPrice": undefined, "takeProfitPrice": undefined}, "network": "testnet", "symbol": "BTC", "timestamp": "2026-04-16T00:53:33.220Z"}
 (NOBRIDGE) DEBUG  usePerpsLiveFills: Unsubscribing
 (NOBRIDGE) INFO  TRACK event saved {"event": "Transaction Rejected", "properties": {"account_hardware_type": null, "account_type": "MetaMask", "chain_id": "0xa4b1", "dapp_host_name": "metamask", "eip7702_upgrade_rejection": false, "eip7702_upgrade_transaction": false, "error": "User rejected the request.", "gas_estimation_failed": true, "gas_fee_presented": "not_loaded", "gas_insufficient_native_asset": false, "gas_payment_tokens_available": [], "is_smart_transaction": true, "is_smart_transactions_available": true, "is_smart_transactions_user_opt_in": true, "mm_pay_amount_input_type": "manual", "source": "MetaMask Mobile", "status": "rejected", "transaction_contract_method": ["transfer"], "transaction_envelope_type": "0x2", "transaction_internal_id": "adb2efa0-392e-11f1-bc6d-f7a60e9b24ac", "transaction_type": "perps_deposit_and_order"}, "type": "track"}
 (NOBRIDGE) DEBUG  CandleStreamChannel: WebSocket subscription established {"cacheKey": "ETH-1h", "interval": "1h", "symbol": "ETH"}
 (NOBRIDGE) DEBUG  CandleStreamChannel: WebSocket subscription established {"cacheKey": "ETH-15m", "interval": "15m", "symbol": "ETH"}
 (NOBRIDGE) LOG  [MetaMask DEBUG]: TransactionController state persisted successfully
 (NOBRIDGE) LOG  [MetaMask DEBUG]: PerpsController state persisted successfully
 (NOBRIDGE) DEBUG  [useComplianceGate] Wallet not blocked, proceeding
 (NOBRIDGE) DEBUG  DepositService: Preparing deposit transaction
 (NOBRIDGE) DEBUG  DepositService: Deposit transaction prepared {"assetChainId": "0xa4b1", "depositId": "deposit-660d18a4-3d54-4bde-9f35-9875071efc64", "from": "0x8dc623e964475d4d669da601fd15ea9125469003", "to": "0xaf88d065e77c8cC2239327C5EDb3A432268e5831"}
 (NOBRIDGE) INFO  TRACK event saved {"event": "Perp UI Interaction", "properties": {"ab_test_button_color": "monochrome", "asset": "ETH", "direction": "long", "interaction_type": "tap", "timestamp": 1776300814913}, "type": "track"}
 (NOBRIDGE) INFO  TRACK event saved {"event": "Transaction Added", "properties": {"account_hardware_type": null, "account_type": "MetaMask", "chain_id": "0xa4b1", "dapp_host_name": "metamask", "eip7702_upgrade_transaction": false, "gas_estimation_failed": true, "gas_fee_presented": "not_loaded", "gas_insufficient_native_asset": false, "is_smart_transaction": true, "is_smart_transactions_available": true, "is_smart_transactions_user_opt_in": true, "source": "MetaMask Mobile", "status": "unapproved", "transaction_contract_method": ["transfer"], "transaction_envelope_type": "0x2", "transaction_internal_id": "b2621fd0-392e-11f1-bc6d-f7a60e9b24ac", "transaction_type": "perps_deposit_and_order"}, "type": "track"}
 (NOBRIDGE) DEBUG  PerpsStreamProvider: Using stream manager: {"isE2EMockManager": false, "isRealManager": true, "isTestManager": false}
 (NOBRIDGE) DEBUG  Generating leverage options for maxLeverage: 25
 (NOBRIDGE) DEBUG  Available leverage options: 2, 5, 10, 20
 (NOBRIDGE) DEBUG  usePerpsLivePositions: Received first WebSocket update {"positionsCount": 1}
 (NOBRIDGE) DEBUG  usePerpsLiveFills: Subscribing with no throttle (instant updates)
 (NOBRIDGE) DEBUG  usePerpsLiveFills: Received first WebSocket update {"count": 30}
 (NOBRIDGE) DEBUG  usePerpsLiveFills: Received fill update {"count": 30}
 (NOBRIDGE) DEBUG  Perps: Market data received (first load) {"cacheHit": true, "marketCount": 253, "source": "cache", "timeToDataMs": 0}
 (NOBRIDGE) DEBUG  PerpsStreamManager: Cache miss or stale {"cacheAgeMs": 857289, "cacheDurationMs": 300000, "cacheExpired": true, "hasCached": true, "providerId": "hyperliquid"}
 (NOBRIDGE) DEBUG  HyperLiquid Fee Calculation Started {"amount": "10", "baseFeeRate": 0.00045, "baseMakerRate": 0.00015, "baseTakerRate": 0.00045, "hip3Multiplier": 1, "isHip3Asset": false, "isMaker": false, "orderType": "market", "symbol": "ETH"}
 (NOBRIDGE) LOG  [MetaMask DEBUG]: RewardsController: Fetching fresh season metadata via API call for type current
 (NOBRIDGE) DEBUG  [ensureReady] Reusing existing initialization promise
 (NOBRIDGE) DEBUG  usePerpsLivePositions: Received first WebSocket update {"positionsCount": 1}
 (NOBRIDGE) DEBUG  [ensureReady] Reusing existing initialization promise
 (NOBRIDGE) LOG  [MetaMask DEBUG]: Failed to resolve IPFS URL for http://127.0.0.1:8061/assets/?unstable_path=.%2Fapp%2Fimages/perps-pay-token-icon.png?platform=ios&hash=e3c84351c35359caf8f88111c397b318
 (NOBRIDGE) DEBUG  User Address Retrieved {"network": "testnet", "userAddress": "0x8dc623e964475d4d669da601fd15ea9125469003"}
 (NOBRIDGE) DEBUG  📦 Using Cached Fee Rates {"cacheAge": "8s", "cacheExpiry": "2026-04-16T00:58:28.163Z", "cacheHit": true, "hip3Multiplier": 1, "isHip3Asset": false, "perpsMakerRate": 0.00014399999999999998, "perpsTakerRate": 0.000432, "selectedRate": 0.000432, "spotMakerRate": 0.000384, "spotTakerRate": 0.000672}
 (NOBRIDGE) DEBUG  Final Fee Calculation Result {"amount": "10", "fees": {"metamaskRate": "0.1000%", "protocolRate": "0.0432%", "totalAmount": 0.014320000000000001, "totalRate": "0.1432%"}, "orderType": "market", "usingFallbackRates": false}
 (NOBRIDGE) DEBUG  HyperLiquidProvider: Getting markets with symbol filter {"symbolCount": 1}
 (NOBRIDGE) DEBUG  [getCachedMeta] Using cached meta response {"dex": "main", "universeSize": 207}
 (NOBRIDGE) DEBUG  HyperLiquidProvider: Getting markets with symbol filter {"symbolCount": 1}
 (NOBRIDGE) DEBUG  [getCachedMeta] Using cached meta response {"dex": "main", "universeSize": 207}
 (NOBRIDGE) DEBUG  HyperLiquidProvider: Fetched markets for DEX {"dex": "main", "marketCount": 207, "skipCache": false, "skipFilters": false}
 (NOBRIDGE) DEBUG  HyperLiquidProvider: Fetched markets for DEX {"dex": "main", "marketCount": 207, "skipCache": false, "skipFilters": false}
 (NOBRIDGE) DEBUG  Rewards: Using cached fee discount {"address": "0x8Dc623E964475D4d669da601Fd15ea9125469003", "cacheAge": "6s", "discountBips": 0}
 (NOBRIDGE) DEBUG  Rewards: Calculating points with discounted fee {"actualFeeUSD": 0.01, "adjustedRate": 0.001, "amount": 10, "discountPercentage": 0, "originalRate": 0.001}
 (NOBRIDGE) DEBUG  Rewards: Points estimation request via controller {"estimatePointsDto": {"account": "eip155:1:0x8Dc623E964475D4d669da601Fd15ea9125469003", "activityContext": {"perpsContext": [Object]}, "activityType": "PERPS"}, "isClose": false, "size": 10, "symbol": "ETH"}
 (NOBRIDGE) LOG  [MetaMask DEBUG]: RewardsController: Fetching fresh season metadata via API call for type current
 (NOBRIDGE) INFO  TRACK event saved {"event": "Perp Screen Viewed", "properties": {"ab_test_button_color": "monochrome", "asset": "ETH", "direction": "long", "open_position": 0, "screen_type": "trading", "source": "perp_asset_screen", "timestamp": 1776300815602}, "type": "track"}
 (NOBRIDGE) INFO  TRACK event saved {"event": "Perp UI Interaction", "properties": {"asset": "ETH", "direction": "long", "interaction_type": "order_type_viewed", "leverage_used": 3, "order_size": 10, "order_type": "market", "timestamp": 1776300815605}, "type": "track"}
 (NOBRIDGE) LOG  [MetaMask DEBUG]: PerpsController state persisted successfully
 (NOBRIDGE) LOG  [MetaMask DEBUG]: TransactionController state persisted successfully
 (NOBRIDGE) LOG  [MetaMask DEBUG]: RewardsController: Failed to check active season: No valid season metadata could be found for type: current
 (NOBRIDGE) LOG  [MetaMask DEBUG]: RewardsController: Failed to check active season: No valid season metadata could be found for type: current
 (NOBRIDGE) DEBUG  Rewards: Points estimated via controller {"bonusBips": 0, "duration": "599ms", "isClose": false, "pointsEstimate": 0, "size": 10, "symbol": "ETH"}
 (NOBRIDGE) DEBUG  Rewards: Cached points calculation parameters {"address": "0x8Dc623E964475D4d669da601Fd15ea9125469003", "basePointsPerDollar": 0, "bonusBips": 0, "cacheExpiry": "2026-04-16T00:58:35.865Z"}
 (NOBRIDGE) DEBUG  [ensureReady] Reusing existing initialization promise
 (NOBRIDGE) DEBUG  TopOfBookStreamChannel: Subscribing to top of book {"symbol": "ETH"}
 (NOBRIDGE) LOG  [MetaMask DEBUG]: RewardsController: Fetching fresh season metadata via API call for type current
 (NOBRIDGE) DEBUG  HyperLiquidProvider: Getting markets with symbol filter {"symbolCount": 1}
 (NOBRIDGE) DEBUG  [getCachedMeta] Using cached meta response {"dex": "main", "universeSize": 207}
 (NOBRIDGE) DEBUG  HyperLiquidProvider: Fetched markets for DEX {"dex": "main", "marketCount": 207, "skipCache": false, "skipFilters": false}
 (NOBRIDGE) DEBUG  PERPSMARK_SENTRY PerpsScreen: Perps Order View completed {"context": {}, "endConditions": 3, "metric": "Perps Order View"}
 (NOBRIDGE) DEBUG  usePerpsOrderValidation: Validating order params {"currentPrice": 2368.25, "existingPositionLeverage": undefined, "isBuy": true, "leverage": 3, "orderType": "market", "price": undefined, "size": "0.0043", "symbol": "ETH", "usdAmount": "10"}
 (NOBRIDGE) DEBUG  Validating USD amount (source of truth): {"minimumRequired": 10, "usdAmount": 10}
 (NOBRIDGE) DEBUG  usePerpsOrderValidation: Validation result {"isValid": true}
 (NOBRIDGE) DEBUG  HyperLiquid: BBO subscription established for ETH
 (NOBRIDGE) LOG  [MetaMask DEBUG]: RewardsController: Failed to check active season: No valid season metadata could be found for type: current
 (NOBRIDGE) LOG  [MetaMask DEBUG]: GasFeeController state persisted successfully
 (NOBRIDGE) LOG  [MetaMask DEBUG]: TransactionController state persisted successfully
 (NOBRIDGE) LOG  [MetaMask DEBUG]: PerpsController state persisted successfully
 (NOBRIDGE) LOG  [MetaMask DEBUG]: GasFeeController state persisted successfully
 (NOBRIDGE) LOG  [MetaMask DEBUG]: CurrencyRateController state persisted successfully
 (NOBRIDGE) LOG  [MetaMask DEBUG]: TokenRatesController state persisted successfully
 (NOBRIDGE) LOG  [MetaMask DEBUG]: TransactionController state persisted successfully
 (NOBRIDGE) LOG  [MetaMask DEBUG]: MultichainAssetsRatesController state persisted successfully
 (NOBRIDGE) LOG  [MetaMask DEBUG]: TransactionController state persisted successfully
 (NOBRIDGE) DEBUG  PerpsStreamProvider: Using stream manager: {"isE2EMockManager": false, "isRealManager": true, "isTestManager": false}
 (NOBRIDGE) DEBUG  CandleStreamChannel: Disconnecting WebSocket (no subscribers) {"cacheKey": "ETH-1h"}
 (NOBRIDGE) DEBUG  CandleStreamChannel: Disconnecting WebSocket (no subscribers) {"cacheKey": "ETH-15m"}
 (NOBRIDGE) DEBUG  TradingViewChart: Ignoring mismatched candleData Expected: SOL, Got: ETH
 (NOBRIDGE) DEBUG  Getting user fills via HyperLiquid SDK: {"startTime": 1768524820034}
 (NOBRIDGE) DEBUG  [ensureReady] Reusing existing initialization promise
 (NOBRIDGE) DEBUG  PerpsController: Saving pending trade configuration {"config": {"amount": "10", "leverage": 3, "limitPrice": undefined, "orderType": "market", "selectedPaymentToken": null, "stopLossPrice": undefined, "takeProfitPrice": undefined}, "network": "testnet", "symbol": "ETH", "timestamp": "2026-04-16T00:53:40.036Z"}
 (NOBRIDGE) DEBUG  PerpsStreamProvider: Using stream manager: {"isE2EMockManager": false, "isRealManager": true, "isTestManager": false}
 (NOBRIDGE) DEBUG  HyperLiquidProvider: Getting markets with symbol filter {"symbolCount": 1}
 (NOBRIDGE) DEBUG  [getCachedMeta] Using cached meta response {"dex": "main", "universeSize": 207}
 (NOBRIDGE) DEBUG  HyperLiquidProvider: Fetched markets for DEX {"dex": "main", "marketCount": 207, "skipCache": false, "skipFilters": false}
 (NOBRIDGE) DEBUG  HyperLiquid: Market data subscription established for SOL
 (NOBRIDGE) DEBUG  PerpsController: Saving pending trade configuration {"config": {"amount": "10", "leverage": 3, "limitPrice": undefined, "orderType": "market", "selectedPaymentToken": null, "stopLossPrice": undefined, "takeProfitPrice": undefined}, "network": "testnet", "symbol": "ETH", "timestamp": "2026-04-16T00:53:40.312Z"}
 (NOBRIDGE) DEBUG  usePerpsLiveFills: Unsubscribing
 (NOBRIDGE) INFO  TRACK event saved {"event": "Transaction Rejected", "properties": {"account_hardware_type": null, "account_type": "MetaMask", "chain_id": "0xa4b1", "dapp_host_name": "metamask", "eip7702_upgrade_rejection": false, "eip7702_upgrade_transaction": false, "error": "User rejected the request.", "gas_estimation_failed": true, "gas_fee_presented": "not_loaded", "gas_insufficient_native_asset": false, "gas_payment_tokens_available": [], "is_smart_transaction": true, "is_smart_transactions_available": true, "is_smart_transactions_user_opt_in": true, "mm_pay_amount_input_type": "manual", "source": "MetaMask Mobile", "status": "rejected", "transaction_contract_method": ["transfer"], "transaction_envelope_type": "0x2", "transaction_internal_id": "b2621fd0-392e-11f1-bc6d-f7a60e9b24ac", "transaction_type": "perps_deposit_and_order"}, "type": "track"}
 (NOBRIDGE) DEBUG  User fills received: {"count": 129}
 (NOBRIDGE) DEBUG  CandleStreamChannel: WebSocket subscription established {"cacheKey": "SOL-1h", "interval": "1h", "symbol": "SOL"}
 (NOBRIDGE) DEBUG  CandleStreamChannel: WebSocket subscription established {"cacheKey": "SOL-15m", "interval": "15m", "symbol": "SOL"}
 (NOBRIDGE) LOG  [MetaMask DEBUG]: TransactionController state persisted successfully
 (NOBRIDGE) LOG  [MetaMask DEBUG]: PerpsController state persisted successfully
 (NOBRIDGE) LOG  [MetaMask DEBUG]: MultichainBalancesController state persisted successfully
 (NOBRIDGE) LOG  [MetaMask DEBUG]: MultichainAssetsController state persisted successfully
 (NOBRIDGE) LOG  [MetaMask DEBUG]: MultichainBalancesController state persisted successfully
 (NOBRIDGE) LOG  [MetaMask DEBUG]: PerpsController state persisted successfully
 (NOBRIDGE) LOG  [MetaMask DEBUG]: PerpsController state persisted successfully
 (NOBRIDGE) INFO  Sent 11 events
 (NOBRIDGE) LOG  [MetaMask DEBUG]: PerpsController state persisted successfully
 (NOBRIDGE) DEBUG  PerpsStreamProvider: Using stream manager: {"isE2EMockManager": false, "isRealManager": true, "isTestManager": false}
 (NOBRIDGE) DEBUG  PerpsController: Fetching market data in background
 (NOBRIDGE) DEBUG  PerpsController: rest_preload_start
 (NOBRIDGE) DEBUG  Getting market data with prices via HyperLiquid SDK
 (NOBRIDGE) DEBUG  [ensureReady] Reusing existing initialization promise
 (NOBRIDGE) DEBUG  [getMarketDataWithPrices] Using cached meta for main {"universeSize": 207}
 (NOBRIDGE) DEBUG  [getMarketDataWithPrices] Using cached meta for xyz {"universeSize": 46}
 (NOBRIDGE) DEBUG  [getMarketDataWithPrices] No WS allMids snapshot, falling back to REST {"dexParam": "xyz"}
 (NOBRIDGE) DEBUG  HyperLiquidProvider: Aggregated market data from all DEXs {"dexCount": 2, "hip3Markets": 46, "mainDexMarkets": 207, "totalMarkets": 253}
 (NOBRIDGE) DEBUG  Combined allMids price data: {"allKeys": ["#100", "#101", "#110", "#111", "#120", "#121", "#130", "#131", "#41830", "#41831", "#42400", "#42401", "#42410", "#42411", "#42570", "#42571", "#90", "#91", "0G", "2Z", "@1", "@10", "@100", "@1000", "@1001", "@1002", "@1003", "@1004", "@1005", "@1006", "@1007", "@1008", "@1009", "@101", "@1010", "@1011", "@1012", "@1013", "@1014", "@1015", "@1016", "@1017", "@1018", "@1019", "@102", "@1020", "@1021", "@1022", "@1023", "@1024", "@1025", "@1026", "@1027", "@1028", "@1029", "@103", "@1030", "@1031", "@1032", "@1033", "@1034", "@1035", "@1036", "@1037", "@1038", "@1039", "@104", "@1040", "@1041", "@1042", "@1043", "@1044", "@1045", "@1046", "@1047", "@1048", "@1049", "@105", "@1050", "@1051", "@1052", "@1053", "@1054", "@1055", "@1056", "@1057", "@1058", "@1059", "@106", "@1060", "@1061", "@1062", "@1063", "@1064", "@1065", "@1066", "@1067", "@1068", "@1069", "@107", "@1070", "@1071", "@1072", "@1073", "@1074", "@1075", "@1076", "@1077", "@1078", "@1079", "@108", "@1080", "@1081", "@1082", "@1083", "@1084", "@1085", "@1086", "@1087", "@1088", "@1089", "@109", "@1090", "@1091", "@1092", "@1093", "@1094", "@1095", "@1096", "@1097", "@1098", "@1099", "@11", "@110", "@1100", "@1101", "@1102", "@1103", "@1104", "@1105", "@1106", "@1107", "@1108", "@1109", "@111", "@1110", "@1111", "@1112", "@1113", "@1114", "@1115", "@1116", "@1117", "@1118", "@1119", "@112", "@1120", "@1121", "@1122", "@1123", "@1124", "@1125", "@1126", "@1127", "@1128", "@1129", "@113", "@1130", "@1131", "@1132", "@1133", "@1134", "@1135", "@1136", "@1137", "@1138", "@1139", "@114", "@1140", "@1141", "@1142", "@1143", "@1144", "@1145", "@1146", "@1147", "@1148", "@1149", "@115", "@1150", "@1151", "@1152", "@1153", "@1154", "@1155", "@1156", "@1157", "@1158", "@1159", "@116", "@1160", "@1161", "@1162", "@1163", "@1164", "@1165", "@1166", "@1167", "@1168", "@1169", "@117", "@1170", "@1171", "@1172", "@1173", "@1174", "@1175", "@1176", "@1177", "@1178", "@1179", "@118", "@1180", "@1181", "@1182", "@1183", "@1184", "@1185", "@1186", "@1187", "@1188", "@1189", "@119", "@1190", "@1191", "@1192", "@1193", "@1194", "@1195", "@1196", "@1197", "@1198", "@1199", "@12", "@120", "@1200", "@1201", "@1202", "@1203", "@1204", "@1205", "@1206", "@1207", "@1208", "@1209", "@121", "@1210", "@1211", "@1212", "@1213", "@1214", "@1215", "@1216", "@1217", "@1218", "@1219", "@122", "@1220", "@1221", "@1222", "@1223", "@1224", "@1225", "@1226", "@1227", "@1228", "@1229", "@123", "@1230", "@1231", "@1232", "@1233", "@1234", "@1235", "@1236", "@1237", "@1238", "@1239", "@124", "@1240", "@1241", "@1242", "@1243", "@1244", "@1245", "@1246", "@1247", "@1248", "@1249", "@125", "@1250", "@1251", "@1252", "@1253", "@1254", "@1255", "@1256", "@1257", "@1258", "@1259", "@126", "@1260", "@1261", "@1262", "@1263", "@1264", "@1265", "@1266", "@1267", "@1268", "@1269", "@127", "@1270", "@1271", "@1272", "@1273", "@1274", "@1275", "@1276", "@1277", "@1278", "@1279", "@128", "@1280", "@1281", "@1282", "@1283", "@1284", "@1285", "@1286", "@1287", "@1288", "@1289", "@129", "@1290", "@1291", "@1292", "@1293", "@1294", "@1295", "@1296", "@1297", "@1298", "@1299", "@13", "@130", "@1300", "@1301", "@1302", "@1303", "@1304", "@1305", "@1306", "@1307", "@1308", "@1309", "@131", "@1310", "@1311", "@1312", "@1313", "@1314", "@1315", "@1316", "@1317", "@1318", "@1319", "@132", "@1320", "@1321", "@1322", "@1323", "@1324", "@1325", "@1326", "@1327", "@1328", "@1329", "@133", "@1330", "@1331", "@1332", "@1333", "@1334", "@1335", "@1336", "@1337", "@1338", "@1339", "@134", "@1340", "@1341", "@1342", "@1343", "@1344", "@1345", "@1346", "@1347", "@1348", "@1349", "@135", "@1350", "@1351", "@1352", "@1353", "@1354", "@1355", "@1356", "@1357", "@1358", "@1359", "@136", "@1360", "@1361", "@1362", "@1363", "@1364", "@1365", "@1366", "@1367", "@1368", "@1369", "@137", "@1370", "@1371", "@1372", "@1373", "@1374", "@1375", "@1376", "@1377", "@1378", "@1379", "@138", "@1380", "@1381", "@1382", "@1383", "@1384", "@1385", "@1386", "@1387", "@1388", "@1389", "@139", "@1390", "@1391", "@1392", "@1393", "@1394", "@1395", "@1396", "@1397", "@1398", "@1399", "@14", "@140", "@1400", "@1401", "@1402", "@1403", "@1404", "@1405", "@1406", "@1407", "@1408", "@1409", "@141", "@1412", "@1413", "@1414", "@1415", "@1416", "@1417", "@1418", "@1419", "@142", "@1420", "@1421", "@1422", "@1423", "@1426", "@1427", "@1428", "@1429", "@143", "@1430", "@1431", "@1432", "@1433", "@1434", "@1435", "@1436", "@1437", "@1438", "@144", "@1441", "@145", "@1450", "@1451", "@1452", "@1453", "@1454", "@1455", "@1456", "@1457", "@1458", "@1459", "@146", "@1460", "@1461", "@1462", "@1463", "@1464", "@1465", "@1466", "@1467", "@1468", "@1469", "@147", "@1470", "@1471", "@1472", "@1473", "@1474", "@1475", "@1476", "@1477", "@1478", "@1479", "@148", "@1480", "@1481", "@1482", "@1483", "@1484", "@1485", "@1486", "@1487", "@1488", "@1489", "@149", "@1490", "@1491", "@1492", "@1493", "@1494", "@1495", "@1496", "@1497", "@1498", "@1499", "@15", "@150", "@1500", "@1501", "@1502", "@1503", "@1504", "@1505", "@1506", "@1507", "@1508", "@1509", "@151", "@1510", "@1511", "@1512", "@1513", "@1514", "@1515", "@1516", "@1517", "@1518", "@1519", "@152", "@1520", "@1521", "@1522", "@1523", "@1524", "@1525", "@1526", "@1527", "@1528", "@1529", "@153", "@1530", "@1531", "@1532", "@1533", "@1534", "@1535", "@1536", "@1537", "@1538", "@1539", "@154", "@1540", "@1541", "@1542", "@1543", "@1544", "@1545", "@1546", "@1547", "@1548", "@1549", "@155", "@1550", "@1551", "@1552", "@1553", "@1554", "@1555", "@1556", "@1557", "@1558", "@1559", "@156", "@1560", "@1561", "@1562", "@1563", "@1564", "@1565", "@1566", "@1567", "@1568", "@1569", "@157", "@1570", "@1571", "@1572", "@1573", "@1574", "@1575", "@1576", "@1577", "@1578", "@1579", "@158", "@1580", "@1581", "@1582", "@1583", "@1584", "@1585", "@1586", "@1587", "@1588", "@1589", "@159", "@1590", "@1591", "@1592", "@1593", "@1594", "@1595", "@1596", "@1597", "@1598", "@1599", "@16", "@160", "@1600", "@1601", "@1602", "@1603", "@1604", "@1605", "@1606", "@1607", "@1608", "@1609", "@161", "@1610", "@1611", "@1612", "@1613", "@1614", "@1615", "@1616", "@1617", "@1618", "@1619", "@162", "@1620", "@1621", "@1622", "@1623", "@1624", "@1625", "@1626", "@1627", "@1628", "@1629", "@163", "@1630", "@1631", "@1632", "@1633", "@1634", "@1635", "@1636", "@1637", "@1638", "@1639", "@164", "@1640", "@1641", "@1642", "@1643", "@1644", "@1645", "@1646", "@1647", "@1648", "@1649", "@165", "@1650", "@1651", "@1652", "@1653", "@1654", "@1655", "@1656", "@1657", "@1658", "@1659", "@166", "@1660", "@1661", "@1662", "@1663", "@1664", "@1665", "@1666", "@1667", "@1668", "@1669", "@167", "@1670", "@1671", "@1672", "@1673", "@1674", "@1675", "@1676", "@1677", "@1678", "@1679", "@168", "@1680", "@1681", "@1682", "@1683", "@1684", "@1685", "@1686", "@1687", "@1688", "@1689", "@169", "@1690", "@1691", "@1692", "@1693", "@1694", "@1695", "@1696", "@1697", "@1698", "@1699", "@17", "@170", "@1700", "@1701", "@1702", "@1703", "@1704", "@1705", "@1706", "@1707", "@1708", "@1709", "@171", "@1710", "@1711", "@1712", "@1713", "@1714", "@1715", "@1716", "@1717", "@1718", "@172", "@173", "@174", "@175", "@176", "@177", "@178", "@179", "@18", "@180", "@181", "@182", "@183", "@184", "@185", "@186", "@187", "@188", "@189", "@19", "@190", "@191", "@192", "@193", "@194", "@195", "@196", "@197", "@198", "@199", "@2", "@20", "@200", "@201", "@202", "@203", "@204", "@205", "@206", "@207", "@208", "@209", "@21", "@210", "@211", "@212", "@213", "@214", "@215", "@216", "@217", "@218", "@219", "@22", "@220", "@221", "@222", "@223", "@224", "@225", "@226", "@227", "@228", "@229", "@23", "@230", "@231", "@232", "@233", "@234", "@235", "@236", "@237", "@238", "@239", "@24", "@240", "@241", "@242", "@243", "@244", "@245", "@246", "@247", "@248", "@249", "@25", "@250", "@251", "@252", "@253", "@254", "@255", "@256", "@257", "@258", "@259", "@26", "@260", "@261", "@262", "@263", "@264", "@265", "@266", "@267", "@268", "@269", "@27", "@270", "@271", "@272", "@273", "@274", "@275", "@276", "@277", "@278", "@279", "@28", "@280", "@281", "@282", "@283", "@284", "@285", "@286", "@287", "@288", "@289", "@29", "@290", "@291", "@292", "@293", "@294", "@295", "@296", "@297", "@298", "@299", "@3", "@30", "@300", "@301", "@302", "@303", "@304", "@305", "@306", "@307", "@308", "@309", "@31", "@310", "@311", "@312", "@313", "@314", "@315", "@316", "@317", "@318", "@319", "@32", "@320", "@321", "@322", "@323", "@324", "@325", "@326", "@327", "@328", "@329", "@33", "@330", "@331", "@332", "@333", "@334", "@335", "@336", "@337", "@338", "@339", "@34", "@340", "@341", "@342", "@343", "@344", "@345", "@346", "@347", "@348", "@349", "@35", "@350", "@351", "@352", "@353", "@354", "@355", "@356", "@357", "@358", "@359", "@36", "@360", "@361", "@362", "@363", "@364", "@365", "@366", "@367", "@368", "@369", "@37", "@370", "@371", "@372", "@373", "@374", "@375", "@376", "@377", "@378", "@379", "@38", "@380", "@381", "@382", "@383", "@384", "@385", "@386", "@387", "@388", "@389", "@39", "@390", "@391", "@392", "@393", "@394", "@395", "@396", "@397", "@398", "@399", "@4", "@40", "@400", "@401", "@402", "@403", "@404", "@405", "@406", "@407", "@408", "@409", "@41", "@410", "@411", "@412", "@413", "@414", "@415", "@416", "@417", "@418", "@419", "@42", "@420", "@421", "@422", "@423", "@424", "@425", "@426", "@427", "@428", "@429", "@43", "@430", "@431", "@432", "@433", "@434", "@435", "@436", "@437", "@438", "@439", "@44", "@440", "@441", "@442", "@443", "@444", "@445", "@446", "@447", "@448", "@449", "@45", "@450", "@451", "@452", "@453", "@454", "@455", "@456", "@457", "@458", "@459", "@46", "@460", "@461", "@462", "@463", "@464", "@465", "@466", "@467", "@468", "@469", "@47", "@470", "@471", "@472", "@473", "@474", "@475", "@476", "@477", "@478", "@479", "@48", "@480", "@481", "@482", "@483", "@484", "@485", "@486", "@487", "@488", "@489", "@49", "@490", "@491", "@492", "@493", "@494", "@495", "@496", "@497", "@498", "@499", "@5", "@50", "@500", "@501", "@502", "@503", "@504", "@505", "@506", "@507", "@508", "@509", "@51", "@510", "@511", "@512", "@513", "@514", "@515", "@516", "@517", "@518", "@519", "@52", "@520", "@521", "@522", "@523", "@524", "@525", "@526", "@527", "@528", "@529", "@53", "@530", "@531", "@532", "@533", "@534", "@535", "@536", "@537", "@538", "@539", "@54", "@540", "@541", "@542", "@543", "@544", "@545", "@546", "@547", "@548", "@549", "@55", "@550", "@551", "@552", "@553", "@554", "@555", "@556", "@557", "@558", "@559", "@56", "@560", "@561", "@562", "@563", "@564", "@565", "@566", "@567", "@568", "@569", "@57", "@570", "@571", "@572", "@573", "@574", "@575", "@576", "@577", "@578", "@579", "@58", "@580", "@581", "@582", "@583", "@584", "@585", "@586", "@587", "@588", "@589", "@59", "@590", "@591", "@592", "@593", "@594", "@595", "@596", "@597", "@598", "@599", "@6", "@60", "@600", "@601", "@602", "@603", "@604", "@605", "@606", "@607", "@608", "@609", "@61", "@610", "@611", "@612", "@613", "@614", "@615", "@616", "@617", "@618", "@619", "@62", "@620", "@621", "@622", "@623", "@624", "@625", "@626", "@627", "@628", "@629", "@63", "@630", "@631", "@632", "@633", "@634", "@635", "@636", "@637", "@638", "@639", "@64", "@640", "@641", "@642", "@643", "@644", "@645", "@646", "@647", "@648", "@649", "@65", "@650", "@651", "@652", "@653", "@654", "@655", "@656", "@657", "@658", "@659", "@66", "@660", "@661", "@662", "@663", "@664", "@665", "@666", "@667", "@668", "@669", "@67", "@670", "@671", "@672", "@673", "@674", "@675", "@676", "@677", "@678", "@679", "@68", "@680", "@681", "@682", "@683", "@684", "@685", "@686", "@687", "@688", "@689", "@69", "@690", "@691", "@692", "@693", "@694", "@695", "@696", "@697", "@698", "@699", "@7", "@70", "@700", "@701", "@702", "@703", "@704", "@705", "@706", "@707", "@708", "@709", "@71", "@710", "@711", "@712", "@713", "@714", "@715", "@716", "@717", "@718", "@719", "@72", "@720", "@721", "@722", "@723", "@724", "@725", "@726", "@727", "@728", "@729", "@73", "@730", "@731", "@732", "@733", "@734", "@735", "@736", "@737", "@738", "@739", "@74", "@740", "@741", "@742", "@743", "@744", "@745", "@746", "@747", "@748", "@749", "@75", "@750", "@751", "@752", "@753", "@754", "@755", "@756", "@757", "@758", "@759", "@76", "@760", "@761", "@762", "@763", "@764", "@765", "@766", "@767", "@768", "@769", "@77", "@770", "@771", "@772", "@773", "@774", "@775", "@776", "@777", "@778", "@779", "@78", "@780", "@781", "@782", "@783", "@784", "@785", "@786", "@787", "@788", "@789", "@79", "@790", "@791", "@792", "@793", "@794", "@795", "@796", "@797", "@798", "@799", "@8", "@80", "@800", "@801", "@802", "@803", "@804", "@805", "@806", "@807", "@808", "@809", "@81", "@810", "@811", "@812", "@813", "@814", "@815", "@816", "@817", "@818", "@819", "@82", "@820", "@821", "@822", "@823", "@824", "@825", "@826", "@827", "@828", "@829", "@83", "@830", "@831", "@832", "@833", "@834", "@835", "@836", "@837", "@838", "@839", "@84", "@840", "@841", "@842", "@843", "@844", "@845", "@846", "@847", "@848", "@849", "@85", "@850", "@851", "@852", "@853", "@854", "@855", "@856", "@857", "@858", "@859", "@86", "@860", "@861", "@862", "@863", "@864", "@865", "@866", "@867", "@868", "@869", "@87", "@870", "@871", "@872", "@873", "@874", "@875", "@876", "@877", "@878", "@879", "@88", "@880", "@881", "@882", "@883", "@884", "@885", "@886", "@887", "@888", "@889", "@89", "@890", "@891", "@892", "@893", "@894", "@895", "@896", "@897", "@898", "@899", "@9", "@90", "@900", "@901", "@902", "@903", "@904", "@905", "@906", "@907", "@908", "@909", "@91", "@910", "@911", "@912", "@913", "@914", "@915", "@916", "@917", "@918", "@919", "@92", "@920", "@921", "@922", "@923", "@924", "@925", "@926", "@927", "@928", "@929", "@93", "@930", "@931", "@932", "@933", "@934", "@935", "@936", "@937", "@938", "@939", "@94", "@940", "@941", "@942", "@943", "@944", "@945", "@946", "@947", "@948", "@949", "@95", "@950", "@951", "@952", "@953", "@954", "@955", "@956", "@957", "@958", "@959", "@96", "@960", "@961", "@962", "@963", "@964", "@965", "@966", "@967", "@968", "@969", "@97", "@970", "@971", "@972", "@973", "@974", "@975", "@976", "@977", "@978", "@979", "@98", "@980", "@981", "@982", "@983", "@984", "@985", "@986", "@987", "@988", "@989", "@99", "@990", "@991", "@992", "@993", "@994", "@995", "@996", "@997", "@998", "@999", "AAVE", "ACE", "ADA", "AERO", "AI", "AI16Z", "AIXBT", "ALGO", "ALT", "ANIME", "APE", "APEX", "APT", "AR", "ARB", "ASTER", "ATOM", "AVAX", "AVNT", "AXL", "AXS", "AZTEC", "BABY", "BADGER", "BANANA", "BERA", "BIGTIME", "BIO", "BLAST", "BLUR", "BLZ", "BNB", "BRETT", "BSV", "BTC", "CAKE", "CANTO", "CATI", "CC", "CELO", "CHILLGUY", "CHZ", "COMP", "DASH", "DOGE", "DOOD", "DYDX", "DYM", "EIGEN", "ENS", "ETC", "ETH", "FARTCOIN", "FET", "FIL", "FOGO", "FRIEND", "FTM", "FTT", "FXS", "GALA", "GAS", "GMT", "GOAT", "GRASS", "GRIFFAIN", "HBAR", "HEMI", "HMSTR", "HPOS", "HYPE", "HYPER", "ICP", "ILV", "IMX", "INIT", "INJ", "IO", "IOTA", "IP", "JELLY", "JELLYJELLY", "JOE", "JTO", "JUP", "KAITO", "KAS", "LAUNCHCOIN", "LAYER", "LDO", "LINEA", "LISTA", "LIT", "MANTA", "MATIC", "MAV", "MAVIA", "ME", "MEGA", "MELANIA", "MEME", "MERL", "MET", "MEW", "MINA", "MKR", "MON", "MOODENG", "MORPHO", "MOVE", "NEAR", "NEIROETH", "NEO", "NFTI", "NIL", "NOT", "NTRN", "NXPC", "OM", "OMNI", "ONDO", "OP", "ORDI", "OX", "PANDORA", "PAXG", "PENDLE", "PENGU", "PEOPLE", "PIXEL", "PNUT", "POL", "POLYX", "POPCAT", "PROMPT", "PROVE", "PUMP", "PURR", "PURR/USDC", "PYTH", "RENDER", "REQ", "RESOLV", "REZ", "RLB", "RNDR", "RSR", "RUNE", "S", "SAGA", "SAND", "SCR", "SKR", "SKY", "SNX", "SOL", "SOPH", "SPX", "STABLE", "STBL", "STG", "STRAX", "STX", "SUI", "SUPER", "SUSHI", "SYRUP", "TAO", "TIA", "TNSR", "TON", "TRB", "TRUMP", "TST", "TURBO", "UMA", "UNIBOT", "USTC", "USUAL", "VET", "VINE", "VIRTUAL", "VVV", "W", "WCT", "WIF", "WLD", "WLFI", "XAI", "XLM", "XMR", "XPL", "YZY", "ZEC", "ZEN", "ZEREBRO", "ZETA", "ZK", "ZORA", "ZRO", "kBONK", "kDOGS", "kLUNC", "kNEIRO", "kPEPE", "kSHIB", "xyz:AAPL", "xyz:ALUMINIUM", "xyz:AMD", "xyz:AMZN", "xyz:BABA", "xyz:CL", "xyz:COIN", "xyz:COPPER", "xyz:COST", "xyz:CRCL", "xyz:CRWV", "xyz:DXY", "xyz:EUR", "xyz:GME", "xyz:GOLD", "xyz:GOOGL", "xyz:HOOD", "xyz:HYUNDAI", "xyz:INTC", "xyz:JP225", "xyz:JPY", "xyz:KR200", "xyz:LLY", "xyz:META", "xyz:MSFT", "xyz:MSTR", "xyz:MU", "xyz:NATGAS", "xyz:NFLX", "xyz:NVDA", "xyz:ORCL", "xyz:PALLADIUM", "xyz:PLATINUM", "xyz:PLTR", "xyz:RIVN", "xyz:SILVER", "xyz:SKHX", "xyz:SMSN", "xyz:SNDK", "xyz:SOFTBANK", "xyz:TSLA", "xyz:TSM", "xyz:URANIUM", "xyz:URNM", "xyz:USAR", "xyz:XYZ100"], "hip3Keys": ["xyz:AAPL", "xyz:ALUMINIUM", "xyz:AMD", "xyz:AMZN", "xyz:BABA", "xyz:CL", "xyz:COIN", "xyz:COPPER", "xyz:COST", "xyz:CRCL", "xyz:CRWV", "xyz:DXY", "xyz:EUR", "xyz:GME", "xyz:GOLD", "xyz:GOOGL", "xyz:HOOD", "xyz:HYUNDAI", "xyz:INTC", "xyz:JP225", "xyz:JPY", "xyz:KR200", "xyz:LLY", "xyz:META", "xyz:MSFT", "xyz:MSTR", "xyz:MU", "xyz:NATGAS", "xyz:NFLX", "xyz:NVDA", "xyz:ORCL", "xyz:PALLADIUM", "xyz:PLATINUM", "xyz:PLTR", "xyz:RIVN", "xyz:SILVER", "xyz:SKHX", "xyz:SMSN", "xyz:SNDK", "xyz:SOFTBANK", "xyz:TSLA", "xyz:TSM", "xyz:URANIUM", "xyz:URNM", "xyz:USAR", "xyz:XYZ100"], "hip3Prices": {"xyz:AAPL": "278.0", "xyz:ALUMINIUM": "3192.3", "xyz:AMD": "220.8", "xyz:AMZN": "233.75", "xyz:BABA": "155.0", "xyz:CL": "95.685", "xyz:COIN": "254.0", "xyz:COPPER": "5.85", "xyz:COST": "982.0", "xyz:CRCL": "80.0", "xyz:CRWV": "83.0", "xyz:DXY": "100.0", "xyz:EUR": "1.19", "xyz:GME": "23.0", "xyz:GOLD": "4699.5", "xyz:GOOGL": "306.0", "xyz:HOOD": "120.0", "xyz:HYUNDAI": "343.0", "xyz:INTC": "40.5", "xyz:JP225": "57000.0", "xyz:JPY": "156.0", "xyz:KR200": "800.0", "xyz:LLY": "1076.0", "xyz:META": "644.0", "xyz:MSFT": "475.0", "xyz:MSTR": "177.0", "xyz:MU": "330.0", "xyz:NATGAS": "2.88", "xyz:NFLX": "88.0", "xyz:NVDA": "198.0", "xyz:ORCL": "180.0", "xyz:PALLADIUM": "1390.0", "xyz:PLATINUM": "2026.5", "xyz:PLTR": "143.0", "xyz:RIVN": "14.04", "xyz:SILVER": "82.19", "xyz:SKHX": "400.6", "xyz:SMSN": "113.0", "xyz:SNDK": "370.0", "xyz:SOFTBANK": "31.0", "xyz:TSLA": "246.0", "xyz:TSM": "335.0", "xyz:URANIUM": "85.0", "xyz:URNM": "63.0", "xyz:USAR": "19.76", "xyz:XYZ100": "25547.0"}, "samplePrices": {"#100": "0.6895", "#101": "0.3105", "#110": "0.15", "#111": "0.85", "#120": "0.6"}, "totalKeys": 1976}
 (NOBRIDGE) DEBUG  PerpsController: rest_preload_end {"duration_ms": 340, "markets": 253}
 (NOBRIDGE) DEBUG  PerpsController: Market data preloaded {"marketCount": 253}
 (NOBRIDGE) DEBUG  PerpsController: Skipping user data preload — WebSocket connected
 (NOBRIDGE) LOG  [MetaMask DEBUG]: PerpsController state persisted successfully
 (NOBRIDGE) LOG  [MetaMask DEBUG]: MultichainBalancesController state persisted successfully
 (NOBRIDGE) LOG  [MetaMask DEBUG]: MultichainAssetsController state persisted successfully
 (NOBRIDGE) LOG  [MetaMask DEBUG]: MultichainBalancesController state persisted successfully
 (NOBRIDGE) LOG  [MetaMask DEBUG]: PerpsController state persisted successfully
 (NOBRIDGE) LOG  [MetaMask DEBUG]: PerpsController state persisted successfully
 (NOBRIDGE) LOG  [MetaMask DEBUG]: PerpsController state persisted successfully
 (NOBRIDGE) LOG  [MetaMask DEBUG]: PerpsController state persisted successfully
 (NOBRIDGE) DEBUG  PerpsStreamProvider: Using stream manager: {"isE2EMockManager": false, "isRealManager": true, "isTestManager": false}
 (NOBRIDGE) DEBUG  CandleStreamChannel: Disconnecting WebSocket (no subscribers) {"cacheKey": "SOL-1h"}
 (NOBRIDGE) DEBUG  Cleaned up assetCtxs subscription for main DEX
 (NOBRIDGE) DEBUG  CandleStreamChannel: Disconnecting WebSocket (no subscribers) {"cacheKey": "SOL-15m"}
 (NOBRIDGE) DEBUG  TradingViewChart: Ignoring mismatched candleData Expected: BTC, Got: SOL
 (NOBRIDGE) DEBUG  [ensureReady] Reusing existing initialization promise
 (NOBRIDGE) DEBUG  PerpsStreamProvider: Using stream manager: {"isE2EMockManager": false, "isRealManager": true, "isTestManager": false}
 (NOBRIDGE) DEBUG  Using cached meta for  {"dex": "", "firstAssetSample": "SOL", "universeCount": 207}
 (NOBRIDGE) DEBUG  HyperLiquidProvider: Getting markets with symbol filter {"symbolCount": 1}
 (NOBRIDGE) DEBUG  [getCachedMeta] Using cached meta response {"dex": "main", "universeSize": 207}
 (NOBRIDGE) DEBUG  HyperLiquidProvider: Fetched markets for DEX {"dex": "main", "marketCount": 207, "skipCache": false, "skipFilters": false}
 (NOBRIDGE) DEBUG  HyperLiquid: Market data subscription established for BTC
 (NOBRIDGE) DEBUG  assetCtxs subscription established for main DEX
 (NOBRIDGE) LOG  [MetaMask DEBUG]: PerpsController state persisted successfully
 (NOBRIDGE) DEBUG  CandleStreamChannel: WebSocket subscription established {"cacheKey": "BTC-1h", "interval": "1h", "symbol": "BTC"}
 (NOBRIDGE) DEBUG  CandleStreamChannel: WebSocket subscription established {"cacheKey": "BTC-15m", "interval": "15m", "symbol": "BTC"}
 (NOBRIDGE) LOG  [MetaMask DEBUG]: PerpsController state persisted successfully
 (NOBRIDGE) DEBUG  PerpsStreamProvider: Using stream manager: {"isE2EMockManager": false, "isRealManager": true, "isTestManager": false}
 (NOBRIDGE) LOG  [MetaMask DEBUG]: MultichainBalancesController state persisted successfully
 (NOBRIDGE) LOG  [MetaMask DEBUG]: MultichainAssetsController state persisted successfully
 (NOBRIDGE) LOG  [MetaMask DEBUG]: MultichainBalancesController state persisted successfully
 (NOBRIDGE) LOG  [MetaMask DEBUG]: PerpsController state persisted successfully
 (NOBRIDGE) LOG  [MetaMask DEBUG]: PerpsController state persisted successfully
 (NOBRIDGE) LOG  [MetaMask DEBUG]: PerpsController state persisted successfully
 (NOBRIDGE) LOG  [MetaMask DEBUG]: PerpsController state persisted successfully
 (NOBRIDGE) LOG  [MetaMask DEBUG]: PerpsController state persisted successfully
 (NOBRIDGE) LOG  [MetaMask DEBUG]: PerpsController state persisted successfully
 (NOBRIDGE) LOG  [MetaMask DEBUG]: MultichainBalancesController state persisted successfully
 (NOBRIDGE) LOG  [MetaMask DEBUG]: MultichainAssetsController state persisted successfully
 (NOBRIDGE) LOG  [MetaMask DEBUG]: MultichainBalancesController state persisted successfully
 (NOBRIDGE) LOG  [MetaMask DEBUG]: PerpsController state persisted successfully
 (NOBRIDGE) LOG  [MetaMask DEBUG]: PerpsController state persisted successfully
 (NOBRIDGE) LOG  [MetaMask DEBUG]: PerpsController state persisted successfully
 (NOBRIDGE) LOG  [MetaMask DEBUG]: PerpsController state persisted successfully
 (NOBRIDGE) LOG  [MetaMask DEBUG]: PerpsController state persisted successfully
 (NOBRIDGE) LOG  [MetaMask DEBUG]: MultichainBalancesController state persisted successfully
 (NOBRIDGE) LOG  [MetaMask DEBUG]: MultichainAssetsController state persisted successfully
 (NOBRIDGE) LOG  [MetaMask DEBUG]: MultichainBalancesController state persisted successfully
 (NOBRIDGE) LOG  [MetaMask DEBUG]: PerpsController state persisted successfully
 (NOBRIDGE) DEBUG  PerpsStreamProvider: Using stream manager: {"isE2EMockManager": false, "isRealManager": true, "isTestManager": false}
 (NOBRIDGE) DEBUG  PerpsStreamProvider: Using stream manager: {"isE2EMockManager": false, "isRealManager": true, "isTestManager": false}
 (NOBRIDGE) DEBUG  PerpsStreamProvider: Using stream manager: {"isE2EMockManager": false, "isRealManager": true, "isTestManager": false}
 (NOBRIDGE) LOG  [MetaMask DEBUG]: PerpsController state persisted successfully
 (NOBRIDGE) LOG  [MetaMask DEBUG]: MultichainBalancesController state persisted successfully
 (NOBRIDGE) LOG  [MetaMask DEBUG]: MultichainAssetsController state persisted successfully
 (NOBRIDGE) LOG  [MetaMask DEBUG]: MultichainBalancesController state persisted successfully
 (NOBRIDGE) LOG  [MetaMask DEBUG]: PerpsController state persisted successfully
 (NOBRIDGE) LOG  [MetaMask DEBUG]: PerpsController state persisted successfully
 (NOBRIDGE) LOG  [MetaMask DEBUG]: PerpsController state persisted successfully
 (NOBRIDGE) LOG  [MetaMask DEBUG]: MultichainBalancesController state persisted successfully
 (NOBRIDGE) LOG  [MetaMask DEBUG]: MultichainAssetsController state persisted successfully
 (NOBRIDGE) LOG  [MetaMask DEBUG]: MultichainBalancesController state persisted successfully
 (NOBRIDGE) LOG  [MetaMask DEBUG]: PerpsController state persisted successfully
 (NOBRIDGE) DEBUG  PerpsStreamProvider: Using stream manager: {"isE2EMockManager": false, "isRealManager": true, "isTestManager": false}
 (NOBRIDGE) LOG  [MetaMask DEBUG]: PerpsController state persisted successfully
 (NOBRIDGE) LOG  [MetaMask DEBUG]: PerpsController state persisted successfully
 (NOBRIDGE) LOG  [MetaMask DEBUG]: MultichainBalancesController state persisted successfully
 (NOBRIDGE) LOG  [MetaMask DEBUG]: PerpsController state persisted successfully
 (NOBRIDGE) LOG  [MetaMask DEBUG]: MultichainAssetsController state persisted successfully
 (NOBRIDGE) LOG  [MetaMask DEBUG]: MultichainBalancesController state persisted successfully
 (NOBRIDGE) LOG  [MetaMask DEBUG]: PerpsController state persisted successfully
 (NOBRIDGE) LOG  [MetaMask DEBUG]: PerpsController state persisted successfully
 (NOBRIDGE) LOG  [MetaMask DEBUG]: PerpsController state persisted successfully
 (NOBRIDGE) LOG  [MetaMask DEBUG]: PerpsController state persisted successfully
 (NOBRIDGE) LOG  [MetaMask DEBUG]: PerpsController state persisted successfully
 (NOBRIDGE) LOG  [MetaMask DEBUG]: MultichainBalancesController state persisted successfully
 (NOBRIDGE) LOG  [MetaMask DEBUG]: PerpsController state persisted successfully
 (NOBRIDGE) LOG  [MetaMask DEBUG]: MultichainAssetsController state persisted successfully
 (NOBRIDGE) LOG  [MetaMask DEBUG]: MultichainBalancesController state persisted successfully
 (NOBRIDGE) LOG  [MetaMask DEBUG]: PerpsController state persisted successfully
 (NOBRIDGE) LOG  [MetaMask DEBUG]: PerpsController state persisted successfully
 (NOBRIDGE) LOG  [MetaMask DEBUG]: PerpsController state persisted successfully
 (NOBRIDGE) LOG  [MetaMask DEBUG]: MultichainBalancesController state persisted successfully
 (NOBRIDGE) LOG  [MetaMask DEBUG]: MultichainAssetsController state persisted successfully
 (NOBRIDGE) LOG  [MetaMask DEBUG]: MultichainBalancesController state persisted successfully
 (NOBRIDGE) LOG  [MetaMask DEBUG]: PerpsController state persisted successfully
 (NOBRIDGE) WARN  [Error: premature close]
 (NOBRIDGE) LOG  [MetaMask DEBUG]: SnapController state persisted successfully
 (NOBRIDGE) LOG  [MetaMask DEBUG]: PerpsController state persisted successfully
 (NOBRIDGE) LOG  [MetaMask DEBUG]: MultichainBalancesController state persisted successfully
 (NOBRIDGE) LOG  [MetaMask DEBUG]: MultichainAssetsController state persisted successfully
 (NOBRIDGE) LOG  [MetaMask DEBUG]: MultichainBalancesController state persisted successfully
 (NOBRIDGE) LOG  [MetaMask DEBUG]: PerpsController state persisted successfully
 (NOBRIDGE) LOG  [MetaMask DEBUG]: PerpsController state persisted successfully
 (NOBRIDGE) LOG  [MetaMask DEBUG]: PerpsController state persisted successfully
 (NOBRIDGE) LOG  [MetaMask DEBUG]: PerpsController state persisted successfully
 (NOBRIDGE) DEBUG  PerpsStreamProvider: Using stream manager: {"isE2EMockManager": false, "isRealManager": true, "isTestManager": false}
 (NOBRIDGE) DEBUG  PerpsStreamProvider: Using stream manager: {"isE2EMockManager": false, "isRealManager": true, "isTestManager": false}
 (NOBRIDGE) DEBUG  PerpsStreamProvider: Using stream manager: {"isE2EMockManager": false, "isRealManager": true, "isTestManager": false}
 (NOBRIDGE) LOG  [MetaMask DEBUG]: PerpsController state persisted successfully

