    in View (created by Card)
    in Card (created by CardContainer)
    in CardContainer (created by CardStack)
    in RNSScreen (created by Animated(Anonymous))
    in Animated(Anonymous)
    in Suspender (created by Freeze)
    in Suspense (created by Freeze)
    in Freeze (created by DelayedFreeze)
    in DelayedFreeze
    in InnerScreen (created by Screen)
    in Screen (created by MaybeScreen)
    in MaybeScreen (created by CardStack)
    in RNSScreenContainer (created by ScreenContainer)
    in ScreenContainer (created by MaybeScreenContainer)
    in MaybeScreenContainer (created by CardStack)
    in RCTView (created by View)
    in View (created by Background)
    in Background (created by CardStack)
    in CardStack (created by HeaderShownContext)
    in RCTView (created by View)
    in View (created by SafeAreaProviderCompat)
    in SafeAreaProviderCompat (created by StackView)
    in RCTView (created by View)
    in View (created by GestureHandlerRootView)
    in GestureHandlerRootView (created by StackView)
    in StackView (created by StackNavigator)
    in PreventRemoveProvider (created by NavigationContent)
    in NavigationContent
    in Unknown (created by StackNavigator)
    in StackNavigator (created by AppFlow)
    in AppFlow (created by App)
    in WebSocketHealthToastProvider (created by App)
    in AccessRestrictedProvider (created by App)
    in App (created by Root)
    in HardwareWalletProvider (created by Root)
    in ToastContextWrapper (created by Root)
    in ControllersGate (created by Root)
    in StaticContainer
    in EnsureSingleNavigator (created by SceneView)
    in SceneView (created by CardContainer)
    in RCTView (created by View)
    in View (created by CardContainer)
    in RCTView (created by View)
    in View (created by CardContainer)
    in RCTView (created by View)
    in View
    in CardSheet (created by Card)
    in RCTView (created by View)
    in View (created by Animated(View))
    in Animated(View) (created by PanGestureHandler)
    in PanGestureHandler (created by PanGestureHandler)
    in PanGestureHandler (created by Card)
    in RCTView (created by View)
    in View (created by Animated(View))
    in Animated(View) (created by Card)
    in RCTView (created by View)
    in View (created by Card)
    in Card (created by CardContainer)
    in CardContainer (created by CardStack)
    in RNSScreen (created by Animated(Anonymous))
    in Animated(Anonymous)
    in Suspender (created by Freeze)
    in Suspense (created by Freeze)
    in Freeze (created by DelayedFreeze)
    in DelayedFreeze
    in InnerScreen (created by Screen)
    in Screen (created by MaybeScreen)
    in MaybeScreen (created by CardStack)
    in RNSScreenContainer (created by ScreenContainer)
    in ScreenContainer (created by MaybeScreenContainer)
    in MaybeScreenContainer (created by CardStack)
    in RCTView (created by View)
    in View (created by Background)
    in Background (created by CardStack)
    in CardStack (created by HeaderShownContext)
    in RCTView (created by View)
    in View (created by SafeAreaProviderCompat)
    in SafeAreaProviderCompat (created by StackView)
    in RCTView (created by View)
    in View (created by GestureHandlerRootView)
    in GestureHandlerRootView (created by StackView)
    in StackView (created by StackNavigator)
    in PreventRemoveProvider (created by NavigationContent)
    in NavigationContent
    in Unknown (created by StackNavigator)
    in StackNavigator (created by NavigationProvider)
    in EnsureSingleNavigator
    in BaseNavigationContainer
    in ThemeProvider
    in NavigationContainerInner (created by NavigationProvider)
    in NavigationProvider (created by Root)
    in ThemeProvider (created by ThemeProvider)
    in ThemeProvider (created by Root)
    in FeatureFlagOverrideProvider (created by Root)
    in QueryClientProvider (created by Root)
    in ErrorBoundary (created by Root)
    in PersistGate (created by Root)
    in Provider (created by Root)
    in RNCSafeAreaProvider (created by SafeAreaProvider)
    in SafeAreaProvider (created by Root)
    in Root (created by RootApp)
    in FeedbackWidgetProvider (created by RootApp)
    in ReactNativeProfiler (created by RootApp)
    in RCTView (created by View)
    in View (created by __Sentry.TouchEventBoundary)
    in __Sentry.TouchEventBoundary (created by RootApp)
    in RootApp
    in RCTView (created by View)
    in View (created by AppContainer)
    in RCTView (created by View)
    in View (created by AppContainer)
    in AppContainer
    in MetaMask(RootComponent)
 (NOBRIDGE) DEBUG  usePerpsLivePositions: Received first WebSocket update {"positionsCount": 2}
 (NOBRIDGE) DEBUG  Fetching market data for category: trending search: undefined offset: 0 limit: 5
 (NOBRIDGE) DEBUG  Getting markets via Polymarket API for category: trending search: undefined limit: 5 offset: 0
 (NOBRIDGE) DEBUG  PerpsController: Starting market data preload
 (NOBRIDGE) DEBUG  PerpsController: Fetching market data in background
 (NOBRIDGE) DEBUG  PerpsController: rest_preload_start
 (NOBRIDGE) DEBUG  [HyperLiquidProvider] Constructor complete {"allowlistMarkets": ["xyz:*"], "blocklistMarkets": ["demo"], "hasBatchCancel": true, "hasBatchClose": true, "hip3Enabled": true, "isTestnet": true, "protocolId": "hyperliquid"}
 (NOBRIDGE) DEBUG  Getting market data with prices via HyperLiquid SDK
 (NOBRIDGE) DEBUG  [ensureReady] Starting new initialization
 (NOBRIDGE) DEBUG  HyperLiquid: Creating transports {"isTestnet": true, "note": "SDK will auto-select endpoints based on isTestnet flag", "timestamp": "2026-04-16T08:05:42.887Z"}
 (NOBRIDGE) DEBUG  PerpsConnectionManager: State monitoring set up
 (NOBRIDGE) DEBUG  PerpsConnectionManager: Connection requested (refCount: 1, isConnected: false, isInitialized: false)
 (NOBRIDGE) DEBUG  PerpsConnectionManager: Starting 30000ms connection timeout
 (NOBRIDGE) DEBUG  PerpsConnectionManager: Initializing connection
 (NOBRIDGE) DEBUG  PerpsController: Initializing providers {"currentNetwork": "testnet", "existingProviders": [], "timestamp": "2026-04-16T08:05:42.906Z"}
 (NOBRIDGE) DEBUG  HyperLiquid: Disconnecting provider {"isTestnet": true, "timestamp": "2026-04-16T08:05:42.908Z"}
 (NOBRIDGE) DEBUG  HyperLiquidSubscriptionService: Clearing per-DEX caches {"dexAccountCacheSize": 0, "dexAssetCtxsCacheKeys": [], "dexAssetCtxsCacheSize": 0, "dexOrdersCacheSize": 0, "dexPositionsCacheKeys": [], "dexPositionsCacheSize": 0}
 (NOBRIDGE) DEBUG  HyperLiquid: Subscription service cleared (multi-DEX with individual subscriptions) {"timestamp": "2026-04-16T08:05:42.910Z"}
 (NOBRIDGE) DEBUG  Cleared all fee cache
 (NOBRIDGE) LOG  [MetaMask DEBUG]: [CashSection] not rendered flag=true geo=false reason=geo_ineligible
 (NOBRIDGE) DEBUG  PerpsStreamProvider: Using stream manager: {"isE2EMockManager": false, "isRealManager": true, "isTestManager": false}
 (NOBRIDGE) LOG  [MetaMask DEBUG]: Failed to resolve IPFS URL for http://127.0.0.1:8061/assets/?unstable_path=.%2Fapp%2Fimages/binance.png?platform=ios&hash=ca49ec01252eb864e31b2225b3e5924f
 (NOBRIDGE) LOG  [MetaMask DEBUG]: Failed to resolve IPFS URL for http://127.0.0.1:8061/assets/?unstable_path=.%2Fapp%2Fimages/eth-logo-new.png?platform=ios&hash=7c2aa150176b73ca6c22dc8cfcd92733
 (NOBRIDGE) LOG  [MetaMask DEBUG]: Failed to resolve IPFS URL for http://127.0.0.1:8061/assets/?unstable_path=.%2Fapp%2Fimages/eth-logo-new.png?platform=ios&hash=7c2aa150176b73ca6c22dc8cfcd92733
 (NOBRIDGE) INFO  TRACK event saved {"event": "Experiment Viewed", "properties": {"experiment_id": "cardCARD338AbtestAttentionBadge", "variation_id": "control"}, "type": "track"}
 (NOBRIDGE) INFO  TRACK event saved {"event": "Card Button Viewed", "properties": {"active_ab_tests": [[Object]]}, "type": "track"}
 (NOBRIDGE) INFO  IDENTIFY event saved {"traits": {"number_of_hd_entropies": 1}, "type": "identify", "userId": "2bf4a7d0-5112-402f-8d90-ee69fbda2cfe"}
 (NOBRIDGE) LOG  [MetaMask DEBUG]: [CashSection] not rendered flag=true geo=false reason=geo_ineligible
 (NOBRIDGE) DEBUG  PerpsStreamProvider: Using stream manager: {"isE2EMockManager": false, "isRealManager": true, "isTestManager": false}
 (NOBRIDGE) INFO  TRACK event saved {"event": "Home Viewed", "properties": {"app_session_id": "9c90c66d-b0b6-448a-88c7-53b2b8f865f7", "entry_point": "app_opened", "interaction_type": "section_viewed", "is_empty": false, "item_count": 4, "location": "home", "section_index": 0, "section_name": "tokens", "total_sections_loaded": 6, "visit_number": 1}, "type": "track"}
 (NOBRIDGE) DEBUG  HyperLiquid SDK clients initialized {"connectionState": "connected", "note": "Using WebSocket for InfoClient (default), HTTP fallback available", "testnet": true, "timestamp": "2026-04-16T08:05:43.328Z"}
 (NOBRIDGE) DEBUG  [HyperLiquidProvider] Clients initialized lazily
 (NOBRIDGE) DEBUG  HyperLiquidProvider: Building asset mapping {"allowlistMarkets": ["xyz:*"], "blocklistMarkets": ["demo"], "hip3Enabled": true}
 (NOBRIDGE) DEBUG  PerpsStreamProvider: Using stream manager: {"isE2EMockManager": false, "isRealManager": true, "isTestManager": false}
 (NOBRIDGE) INFO  TRACK event saved {"event": "Home Viewed", "properties": {"app_session_id": "9c90c66d-b0b6-448a-88c7-53b2b8f865f7", "entry_point": "app_opened", "interaction_type": "section_viewed", "is_empty": true, "item_count": 0, "location": "home", "section_index": 0, "section_name": "cash", "total_sections_loaded": 7, "visit_number": 1}, "type": "track"}
 (NOBRIDGE) DEBUG  wait:: waitForKeyChainUnlocked[WalletConnectV2::init] unlocked: true
 (NOBRIDGE) DEBUG  WalletConnectV2::init() chainId=1 currentRouteName=Wallet
 (NOBRIDGE) DEBUG  PositionStreamChannel: ensureReady: awaiting active connection
 (NOBRIDGE) DEBUG  AccountStreamChannel: ensureReady: awaiting active connection
 (NOBRIDGE) DEBUG  OrderStreamChannel: ensureReady: awaiting active connection
 (NOBRIDGE) DEBUG  MarketDataChannel: ensureReady: awaiting active connection
 (NOBRIDGE) LOG  [MetaMask DEBUG]: [ENGINE LOG] Engine+setupSnapProvider: Setup stream for Snap npm:@metamask/message-signing-snap
 (NOBRIDGE) LOG  [MetaMask DEBUG]: [SNAP BRIDGE] Initializing SnapBridge for Snap: npm:@metamask/message-signing-snap
 (NOBRIDGE) LOG  [MetaMask DEBUG]: [SNAP BRIDGE] Setting up provider connection
 (NOBRIDGE) LOG  [MetaMask DEBUG]: [SNAP BRIDGE] Setting up provider engine
 (NOBRIDGE) DEBUG  getRpcMethodMiddleware hostname=npm:@metamask/message-signing-snap channelId=undefined
 (NOBRIDGE) DEBUG  getRpcMethodMiddleware hostname=npm:@metamask/message-signing-snap channelId=undefined
 (NOBRIDGE) LOG  [MetaMask DEBUG]: [ENGINE LOG] Engine+setupSnapProvider: Setup stream for Snap npm:@metamask/bitcoin-wallet-snap
 (NOBRIDGE) LOG  [MetaMask DEBUG]: [SNAP BRIDGE] Initializing SnapBridge for Snap: npm:@metamask/bitcoin-wallet-snap
 (NOBRIDGE) LOG  [MetaMask DEBUG]: [SNAP BRIDGE] Setting up provider connection
 (NOBRIDGE) LOG  [MetaMask DEBUG]: [SNAP BRIDGE] Setting up provider engine
 (NOBRIDGE) DEBUG  getRpcMethodMiddleware hostname=npm:@metamask/bitcoin-wallet-snap channelId=undefined
 (NOBRIDGE) DEBUG  getRpcMethodMiddleware hostname=npm:@metamask/bitcoin-wallet-snap channelId=undefined
 (NOBRIDGE) LOG  [MetaMask DEBUG]: [ENGINE LOG] Engine+setupSnapProvider: Setup stream for Snap npm:@metamask/solana-wallet-snap
 (NOBRIDGE) LOG  [MetaMask DEBUG]: [SNAP BRIDGE] Initializing SnapBridge for Snap: npm:@metamask/solana-wallet-snap
 (NOBRIDGE) LOG  [MetaMask DEBUG]: [SNAP BRIDGE] Setting up provider connection
 (NOBRIDGE) LOG  [MetaMask DEBUG]: [SNAP BRIDGE] Setting up provider engine
 (NOBRIDGE) DEBUG  getRpcMethodMiddleware hostname=npm:@metamask/solana-wallet-snap channelId=undefined
 (NOBRIDGE) DEBUG  getRpcMethodMiddleware hostname=npm:@metamask/solana-wallet-snap channelId=undefined
 (NOBRIDGE) LOG  [MetaMask DEBUG]: [ENGINE LOG] Engine+setupSnapProvider: Setup stream for Snap npm:@metamask/tron-wallet-snap
 (NOBRIDGE) LOG  [MetaMask DEBUG]: [SNAP BRIDGE] Initializing SnapBridge for Snap: npm:@metamask/tron-wallet-snap
 (NOBRIDGE) LOG  [MetaMask DEBUG]: [SNAP BRIDGE] Setting up provider connection
 (NOBRIDGE) LOG  [MetaMask DEBUG]: [SNAP BRIDGE] Setting up provider engine
 (NOBRIDGE) DEBUG  getRpcMethodMiddleware hostname=npm:@metamask/tron-wallet-snap channelId=undefined
 (NOBRIDGE) DEBUG  getRpcMethodMiddleware hostname=npm:@metamask/tron-wallet-snap channelId=undefined
 (NOBRIDGE) LOG  [MetaMask DEBUG]: AccountsController state persisted successfully
 (NOBRIDGE) LOG  [MetaMask DEBUG]: CardController state persisted successfully
 (NOBRIDGE) LOG  [MetaMask DEBUG]: AccountTreeController state persisted successfully
 (NOBRIDGE) LOG  [MetaMask DEBUG]: SnapController state persisted successfully
 (NOBRIDGE) LOG  [MetaMask DEBUG]: PerpsController state persisted successfully
 (NOBRIDGE) WARN  Contentful SDK failed, falling back to direct fetch [AccessTokenInvalid: {
  "status": 401,
  "message": "The access token you sent could not be found or is invalid.",
  "details": {},
  "request": {
    "url": "https://preview.contentful.com:443/spaces/jdkgyfmyd9sw/environments/dev/entries",
    "headers": {
      "Accept": "application/json, text/plain, */*",
      "Content-Type": "application/vnd.contentful.delivery.v1+json",
      "Access-Control-Allow-Origin": "*",
      "Access-Control-Allow-Methods": "GET, POST, PUT, DELETE",
      "Access-Control-Allow-Headers": "Origin, X-Requested-With, Content-Type, Accept",
      "X-Contentful-User-Agent": "sdk contentful.js/11.5.23; platform ReactNative;",
      "Authorization": "Bearer ...yBDZI"
    },
    "method": "get"
  },
  "requestId": "b3c7a05c-f3cb-485d-a399-97cdc3c62412"
}]
 (NOBRIDGE) DEBUG  HyperLiquidProvider: Testnet - filtered to allowed DEXs {"allowedDexs": ["xyz"], "availableHip3Dexs": 203, "filteredDexs": ["xyz"]}
 (NOBRIDGE) DEBUG  HyperLiquidProvider: Available DEXs (market filtering applied at data layer) {"count": 1, "dexNames": ["xyz"]}
 (NOBRIDGE) DEBUG  HyperLiquidProvider: Starting asset mapping rebuild {"allowlistMarkets": ["xyz:*"], "blocklistMarkets": ["demo"], "dexs": [null, "xyz"], "hip3Enabled": true, "previousMapSize": 0, "timestamp": "2026-04-16T08:05:43.979Z"}
 (NOBRIDGE) DEBUG  Feature flags updated: {"allowlistMarkets": ["xyz:*"], "blocklistMarkets": ["demo"], "enabledDexs": ["xyz"], "hip3Enabled": true, "previousAllowlistMarkets": ["xyz:*"], "previousBlocklistMarkets": ["demo"], "previousEnabledDexs": [], "previousHip3Enabled": true}
 (NOBRIDGE) DEBUG  Establishing subscriptions for new DEXs: ["xyz"]
 (NOBRIDGE) LOG  [MetaMask DEBUG]: RampsController state persisted successfully
 (NOBRIDGE) LOG  [MetaMask DEBUG]: RemoteFeatureFlagController state persisted successfully
 (NOBRIDGE) INFO  TRACK event saved {"event": "DeFi Stats", "properties": {"breakdown": [], "totalMarketValueUSD": 0, "totalPositions": 0}, "type": "track"}
 (NOBRIDGE) DEBUG  PerpsStreamProvider: Using stream manager: {"isE2EMockManager": false, "isRealManager": true, "isTestManager": false}
 (NOBRIDGE) DEBUG  [SubscriptionService] DEX meta cache populated {"dex": "main", "universeSize": 207}
 (NOBRIDGE) DEBUG  [SubscriptionService] DEX assetCtxs cache populated {"ctxsCount": 207, "dex": "main"}
 (NOBRIDGE) DEBUG  [SubscriptionService] DEX meta cache populated {"dex": "xyz", "universeSize": 46}
 (NOBRIDGE) DEBUG  [SubscriptionService] DEX assetCtxs cache populated {"ctxsCount": 46, "dex": "xyz"}
 (NOBRIDGE) DEBUG  HyperLiquidProvider: Asset mapping built {"dexCount": 2, "hip3Sample": ["xyz:XYZ100", "xyz:TSLA", "xyz:NVDA", "xyz:GOLD", "xyz:HOOD", "xyz:INTC", "xyz:PLTR", "xyz:COIN", "xyz:META", "xyz:AAPL"], "mainDexSample": ["SOL", "APT", "ATOM", "BTC", "ETH"], "totalAssets": 253}
 (NOBRIDGE) DEBUG  [ensureReady] Initialization complete
 (NOBRIDGE) DEBUG  HyperLiquid: Disconnecting SDK clients {"connectionState": "disconnecting", "isTestnet": true, "timestamp": "2026-04-16T08:05:44.209Z"}
 (NOBRIDGE) DEBUG  HyperLiquid: WebSocket terminated {"reason": "TERMINATED_BY_USER", "timestamp": "2026-04-16T08:05:44.210Z"}
 (NOBRIDGE) DEBUG  [getMarketDataWithPrices] Using cached meta for main {"universeSize": 207}
 (NOBRIDGE) DEBUG  [getMarketDataWithPrices] No WS allMids snapshot, falling back to REST {"dexParam": "main"}
 (NOBRIDGE) DEBUG  [getMarketDataWithPrices] Using cached meta for xyz {"universeSize": 46}
 (NOBRIDGE) DEBUG  [getMarketDataWithPrices] No WS allMids snapshot, falling back to REST {"dexParam": "xyz"}
 (NOBRIDGE) LOG  [MetaMask DEBUG]: EarnController state persisted successfully
 (NOBRIDGE) DEBUG  [TeamsCache] Fetching teams for league: nfl, teams: ne, sea
 (NOBRIDGE) LOG  [MetaMask DEBUG]: CardController state persisted successfully
 (NOBRIDGE) DEBUG  HyperLiquid: Closed WebSocket transport {"timestamp": "2026-04-16T08:05:44.802Z"}
 (NOBRIDGE) DEBUG  HyperLiquid: SDK clients fully disconnected {"connectionState": "disconnected", "timestamp": "2026-04-16T08:05:44.802Z"}
 (NOBRIDGE) DEBUG  HyperLiquid: Provider fully disconnected {"timestamp": "2026-04-16T08:05:44.802Z"}
 (NOBRIDGE) DEBUG  PerpsController: Creating provider with HIP-3 configuration {"activeProvider": "hyperliquid", "hip3AllowlistMarkets": ["xyz:*"], "hip3BlocklistMarkets": ["demo"], "hip3ConfigSource": "remote", "hip3Enabled": true, "isTestnet": true}
 (NOBRIDGE) DEBUG  [HyperLiquidProvider] Constructor complete {"allowlistMarkets": ["xyz:*"], "blocklistMarkets": ["demo"], "hasBatchCancel": true, "hasBatchClose": true, "hip3Enabled": true, "isTestnet": true, "protocolId": "hyperliquid"}
 (NOBRIDGE) LOG  0.1.265
 (NOBRIDGE) DEBUG  [MYXClientService] Initialized with SDK {"brokerAddress": "configured", "chainId": 59141, "isTestnet": true, "wsConnected": true}
 (NOBRIDGE) DEBUG  [MYXProvider] Constructor complete {"hasMessenger": true, "isTestnet": true, "protocolId": "myx"}
 (NOBRIDGE) DEBUG  PerpsController: MYX provider registered {"isTestnet": true}
 (NOBRIDGE) DEBUG  PerpsStreamProvider: Using stream manager: {"isE2EMockManager": false, "isRealManager": true, "isTestManager": false}
 (NOBRIDGE) LOG  [MetaMask DEBUG]: [Braze] Identified user with profileId
 (NOBRIDGE) DEBUG  PerpsController: Using direct provider (hyperliquid)
 (NOBRIDGE) DEBUG  PerpsController: Providers initialized successfully {"activeProvider": "hyperliquid", "attempts": 1, "providerCount": 2, "timestamp": "2026-04-16T08:05:45.872Z"}
 (NOBRIDGE) DEBUG  PerpsConnectionManager: Validating connection with WebSocket health check ping
 (NOBRIDGE) DEBUG  HyperLiquid: Creating transports {"isTestnet": true, "note": "SDK will auto-select endpoints based on isTestnet flag", "timestamp": "2026-04-16T08:05:45.873Z"}
 (NOBRIDGE) LOG  [MetaMask DEBUG]: PredictController state persisted successfully
 (NOBRIDGE) LOG  [MetaMask DEBUG]: SnapController state persisted successfully
 (NOBRIDGE) LOG  [MetaMask DEBUG]: MultichainNetworkController state persisted successfully
 (NOBRIDGE) WARN  [mapContentfulEntriesToSlides] Invalid items format: undefined
 (NOBRIDGE) DEBUG  HyperLiquidProvider: Aggregated market data from all DEXs {"dexCount": 2, "hip3Markets": 46, "mainDexMarkets": 207, "totalMarkets": 253}
 (NOBRIDGE) DEBUG  Combined allMids price data: {"allKeys": ["#100", "#101", "#110", "#111", "#120", "#121", "#130", "#131", "#42400", "#42401", "#42410", "#42411", "#42660", "#42661", "#42870", "#42871", "#90", "#91", "0G", "2Z", "@1", "@10", "@100", "@1000", "@1001", "@1002", "@1003", "@1004", "@1005", "@1006", "@1007", "@1008", "@1009", "@101", "@1010", "@1011", "@1012", "@1013", "@1014", "@1015", "@1016", "@1017", "@1018", "@1019", "@102", "@1020", "@1021", "@1022", "@1023", "@1024", "@1025", "@1026", "@1027", "@1028", "@1029", "@103", "@1030", "@1031", "@1032", "@1033", "@1034", "@1035", "@1036", "@1037", "@1038", "@1039", "@104", "@1040", "@1041", "@1042", "@1043", "@1044", "@1045", "@1046", "@1047", "@1048", "@1049", "@105", "@1050", "@1051", "@1052", "@1053", "@1054", "@1055", "@1056", "@1057", "@1058", "@1059", "@106", "@1060", "@1061", "@1062", "@1063", "@1064", "@1065", "@1066", "@1067", "@1068", "@1069", "@107", "@1070", "@1071", "@1072", "@1073", "@1074", "@1075", "@1076", "@1077", "@1078", "@1079", "@108", "@1080", "@1081", "@1082", "@1083", "@1084", "@1085", "@1086", "@1087", "@1088", "@1089", "@109", "@1090", "@1091", "@1092", "@1093", "@1094", "@1095", "@1096", "@1097", "@1098", "@1099", "@11", "@110", "@1100", "@1101", "@1102", "@1103", "@1104", "@1105", "@1106", "@1107", "@1108", "@1109", "@111", "@1110", "@1111", "@1112", "@1113", "@1114", "@1115", "@1116", "@1117", "@1118", "@1119", "@112", "@1120", "@1121", "@1122", "@1123", "@1124", "@1125", "@1126", "@1127", "@1128", "@1129", "@113", "@1130", "@1131", "@1132", "@1133", "@1134", "@1135", "@1136", "@1137", "@1138", "@1139", "@114", "@1140", "@1141", "@1142", "@1143", "@1144", "@1145", "@1146", "@1147", "@1148", "@1149", "@115", "@1150", "@1151", "@1152", "@1153", "@1154", "@1155", "@1156", "@1157", "@1158", "@1159", "@116", "@1160", "@1161", "@1162", "@1163", "@1164", "@1165", "@1166", "@1167", "@1168", "@1169", "@117", "@1170", "@1171", "@1172", "@1173", "@1174", "@1175", "@1176", "@1177", "@1178", "@1179", "@118", "@1180", "@1181", "@1182", "@1183", "@1184", "@1185", "@1186", "@1187", "@1188", "@1189", "@119", "@1190", "@1191", "@1192", "@1193", "@1194", "@1195", "@1196", "@1197", "@1198", "@1199", "@12", "@120", "@1200", "@1201", "@1202", "@1203", "@1204", "@1205", "@1206", "@1207", "@1208", "@1209", "@121", "@1210", "@1211", "@1212", "@1213", "@1214", "@1215", "@1216", "@1217", "@1218", "@1219", "@122", "@1220", "@1221", "@1222", "@1223", "@1224", "@1225", "@1226", "@1227", "@1228", "@1229", "@123", "@1230", "@1231", "@1232", "@1233", "@1234", "@1235", "@1236", "@1237", "@1238", "@1239", "@124", "@1240", "@1241", "@1242", "@1243", "@1244", "@1245", "@1246", "@1247", "@1248", "@1249", "@125", "@1250", "@1251", "@1252", "@1253", "@1254", "@1255", "@1256", "@1257", "@1258", "@1259", "@126", "@1260", "@1261", "@1262", "@1263", "@1264", "@1265", "@1266", "@1267", "@1268", "@1269", "@127", "@1270", "@1271", "@1272", "@1273", "@1274", "@1275", "@1276", "@1277", "@1278", "@1279", "@128", "@1280", "@1281", "@1282", "@1283", "@1284", "@1285", "@1286", "@1287", "@1288", "@1289", "@129", "@1290", "@1291", "@1292", "@1293", "@1294", "@1295", "@1296", "@1297", "@1298", "@1299", "@13", "@130", "@1300", "@1301", "@1302", "@1303", "@1304", "@1305", "@1306", "@1307", "@1308", "@1309", "@131", "@1310", "@1311", "@1312", "@1313", "@1314", "@1315", "@1316", "@1317", "@1318", "@1319", "@132", "@1320", "@1321", "@1322", "@1323", "@1324", "@1325", "@1326", "@1327", "@1328", "@1329", "@133", "@1330", "@1331", "@1332", "@1333", "@1334", "@1335", "@1336", "@1337", "@1338", "@1339", "@134", "@1340", "@1341", "@1342", "@1343", "@1344", "@1345", "@1346", "@1347", "@1348", "@1349", "@135", "@1350", "@1351", "@1352", "@1353", "@1354", "@1355", "@1356", "@1357", "@1358", "@1359", "@136", "@1360", "@1361", "@1362", "@1363", "@1364", "@1365", "@1366", "@1367", "@1368", "@1369", "@137", "@1370", "@1371", "@1372", "@1373", "@1374", "@1375", "@1376", "@1377", "@1378", "@1379", "@138", "@1380", "@1381", "@1382", "@1383", "@1384", "@1385", "@1386", "@1387", "@1388", "@1389", "@139", "@1390", "@1391", "@1392", "@1393", "@1394", "@1395", "@1396", "@1397", "@1398", "@1399", "@14", "@140", "@1400", "@1401", "@1402", "@1403", "@1404", "@1405", "@1406", "@1407", "@1408", "@1409", "@141", "@1414", "@1415", "@1416", "@1417", "@1418", "@1419", "@142", "@1420", "@1421", "@1422", "@1423", "@1424", "@1425", "@1426", "@1427", "@1428", "@1429", "@143", "@1430", "@1431", "@1432", "@1433", "@1434", "@1435", "@1436", "@1437", "@1438", "@144", "@1441", "@145", "@1450", "@1451", "@1452", "@1453", "@1454", "@1455", "@1456", "@1457", "@1458", "@1459", "@146", "@1460", "@1461", "@1462", "@1463", "@1464", "@1465", "@1466", "@1467", "@1468", "@1469", "@147", "@1470", "@1471", "@1472", "@1473", "@1474", "@1475", "@1476", "@1477", "@1478", "@1479", "@148", "@1480", "@1481", "@1482", "@1483", "@1484", "@1485", "@1486", "@1487", "@1488", "@1489", "@149", "@1490", "@1491", "@1492", "@1493", "@1494", "@1495", "@1496", "@1497", "@1498", "@1499", "@15", "@150", "@1500", "@1501", "@1502", "@1503", "@1504", "@1505", "@1506", "@1507", "@1508", "@1509", "@151", "@1510", "@1511", "@1512", "@1513", "@1514", "@1515", "@1516", "@1517", "@1518", "@1519", "@152", "@1520", "@1521", "@1522", "@1523", "@1524", "@1525", "@1526", "@1527", "@1528", "@1529", "@153", "@1530", "@1531", "@1532", "@1533", "@1534", "@1535", "@1536", "@1537", "@1538", "@1539", "@154", "@1540", "@1541", "@1542", "@1543", "@1544", "@1545", "@1546", "@1547", "@1548", "@1549", "@155", "@1550", "@1551", "@1552", "@1553", "@1554", "@1555", "@1556", "@1557", "@1558", "@1559", "@156", "@1560", "@1561", "@1562", "@1563", "@1564", "@1565", "@1566", "@1567", "@1568", "@1569", "@157", "@1570", "@1571", "@1572", "@1573", "@1574", "@1575", "@1576", "@1577", "@1578", "@1579", "@158", "@1580", "@1581", "@1582", "@1583", "@1584", "@1585", "@1586", "@1587", "@1588", "@1589", "@159", "@1590", "@1591", "@1592", "@1593", "@1594", "@1595", "@1596", "@1597", "@1598", "@1599", "@16", "@160", "@1600", "@1601", "@1602", "@1603", "@1604", "@1605", "@1606", "@1607", "@1608", "@1609", "@161", "@1610", "@1611", "@1612", "@1613", "@1614", "@1615", "@1616", "@1617", "@1618", "@1619", "@162", "@1620", "@1621", "@1622", "@1623", "@1624", "@1625", "@1626", "@1627", "@1628", "@1629", "@163", "@1630", "@1631", "@1632", "@1633", "@1634", "@1635", "@1636", "@1637", "@1638", "@1639", "@164", "@1640", "@1641", "@1642", "@1643", "@1644", "@1645", "@1646", "@1647", "@1648", "@1649", "@165", "@1650", "@1651", "@1652", "@1653", "@1654", "@1655", "@1656", "@1657", "@1658", "@1659", "@166", "@1660", "@1661", "@1662", "@1663", "@1664", "@1665", "@1666", "@1667", "@1668", "@1669", "@167", "@1670", "@1671", "@1672", "@1673", "@1674", "@1675", "@1676", "@1677", "@1678", "@1679", "@168", "@1680", "@1681", "@1682", "@1683", "@1684", "@1685", "@1686", "@1687", "@1688", "@1689", "@169", "@1690", "@1691", "@1692", "@1693", "@1694", "@1695", "@1696", "@1697", "@1698", "@1699", "@17", "@170", "@1700", "@1701", "@1702", "@1703", "@1704", "@1705", "@1706", "@1707", "@1708", "@1709", "@171", "@1710", "@1711", "@1712", "@1713", "@1714", "@1715", "@1716", "@1717", "@1718", "@172", "@173", "@174", "@175", "@176", "@177", "@178", "@179", "@18", "@180", "@181", "@182", "@183", "@184", "@185", "@186", "@187", "@188", "@189", "@19", "@190", "@191", "@192", "@193", "@194", "@195", "@196", "@197", "@198", "@199", "@2", "@20", "@200", "@201", "@202", "@203", "@204", "@205", "@206", "@207", "@208", "@209", "@21", "@210", "@211", "@212", "@213", "@214", "@215", "@216", "@217", "@218", "@219", "@22", "@220", "@221", "@222", "@223", "@224", "@225", "@226", "@227", "@228", "@229", "@23", "@230", "@231", "@232", "@233", "@234", "@235", "@236", "@237", "@238", "@239", "@24", "@240", "@241", "@242", "@243", "@244", "@245", "@246", "@247", "@248", "@249", "@25", "@250", "@251", "@252", "@253", "@254", "@255", "@256", "@257", "@258", "@259", "@26", "@260", "@261", "@262", "@263", "@264", "@265", "@266", "@267", "@268", "@269", "@27", "@270", "@271", "@272", "@273", "@274", "@275", "@276", "@277", "@278", "@279", "@28", "@280", "@281", "@282", "@283", "@284", "@285", "@286", "@287", "@288", "@289", "@29", "@290", "@291", "@292", "@293", "@294", "@295", "@296", "@297", "@298", "@299", "@3", "@30", "@300", "@301", "@302", "@303", "@304", "@305", "@306", "@307", "@308", "@309", "@31", "@310", "@311", "@312", "@313", "@314", "@315", "@316", "@317", "@318", "@319", "@32", "@320", "@321", "@322", "@323", "@324", "@325", "@326", "@327", "@328", "@329", "@33", "@330", "@331", "@332", "@333", "@334", "@335", "@336", "@337", "@338", "@339", "@34", "@340", "@341", "@342", "@343", "@344", "@345", "@346", "@347", "@348", "@349", "@35", "@350", "@351", "@352", "@353", "@354", "@355", "@356", "@357", "@358", "@359", "@36", "@360", "@361", "@362", "@363", "@364", "@365", "@366", "@367", "@368", "@369", "@37", "@370", "@371", "@372", "@373", "@374", "@375", "@376", "@377", "@378", "@379", "@38", "@380", "@381", "@382", "@383", "@384", "@385", "@386", "@387", "@388", "@389", "@39", "@390", "@391", "@392", "@393", "@394", "@395", "@396", "@397", "@398", "@399", "@4", "@40", "@400", "@401", "@402", "@403", "@404", "@405", "@406", "@407", "@408", "@409", "@41", "@410", "@411", "@412", "@413", "@414", "@415", "@416", "@417", "@418", "@419", "@42", "@420", "@421", "@422", "@423", "@424", "@425", "@426", "@427", "@428", "@429", "@43", "@430", "@431", "@432", "@433", "@434", "@435", "@436", "@437", "@438", "@439", "@44", "@440", "@441", "@442", "@443", "@444", "@445", "@446", "@447", "@448", "@449", "@45", "@450", "@451", "@452", "@453", "@454", "@455", "@456", "@457", "@458", "@459", "@46", "@460", "@461", "@462", "@463", "@464", "@465", "@466", "@467", "@468", "@469", "@47", "@470", "@471", "@472", "@473", "@474", "@475", "@476", "@477", "@478", "@479", "@48", "@480", "@481", "@482", "@483", "@484", "@485", "@486", "@487", "@488", "@489", "@49", "@490", "@491", "@492", "@493", "@494", "@495", "@496", "@497", "@498", "@499", "@5", "@50", "@500", "@501", "@502", "@503", "@504", "@505", "@506", "@507", "@508", "@509", "@51", "@510", "@511", "@512", "@513", "@514", "@515", "@516", "@517", "@518", "@519", "@52", "@520", "@521", "@522", "@523", "@524", "@525", "@526", "@527", "@528", "@529", "@53", "@530", "@531", "@532", "@533", "@534", "@535", "@536", "@537", "@538", "@539", "@54", "@540", "@541", "@542", "@543", "@544", "@545", "@546", "@547", "@548", "@549", "@55", "@550", "@551", "@552", "@553", "@554", "@555", "@556", "@557", "@558", "@559", "@56", "@560", "@561", "@562", "@563", "@564", "@565", "@566", "@567", "@568", "@569", "@57", "@570", "@571", "@572", "@573", "@574", "@575", "@576", "@577", "@578", "@579", "@58", "@580", "@581", "@582", "@583", "@584", "@585", "@586", "@587", "@588", "@589", "@59", "@590", "@591", "@592", "@593", "@594", "@595", "@596", "@597", "@598", "@599", "@6", "@60", "@600", "@601", "@602", "@603", "@604", "@605", "@606", "@607", "@608", "@609", "@61", "@610", "@611", "@612", "@613", "@614", "@615", "@616", "@617", "@618", "@619", "@62", "@620", "@621", "@622", "@623", "@624", "@625", "@626", "@627", "@628", "@629", "@63", "@630", "@631", "@632", "@633", "@634", "@635", "@636", "@637", "@638", "@639", "@64", "@640", "@641", "@642", "@643", "@644", "@645", "@646", "@647", "@648", "@649", "@65", "@650", "@651", "@652", "@653", "@654", "@655", "@656", "@657", "@658", "@659", "@66", "@660", "@661", "@662", "@663", "@664", "@665", "@666", "@667", "@668", "@669", "@67", "@670", "@671", "@672", "@673", "@674", "@675", "@676", "@677", "@678", "@679", "@68", "@680", "@681", "@682", "@683", "@684", "@685", "@686", "@687", "@688", "@689", "@69", "@690", "@691", "@692", "@693", "@694", "@695", "@696", "@697", "@698", "@699", "@7", "@70", "@700", "@701", "@702", "@703", "@704", "@705", "@706", "@707", "@708", "@709", "@71", "@710", "@711", "@712", "@713", "@714", "@715", "@716", "@717", "@718", "@719", "@72", "@720", "@721", "@722", "@723", "@724", "@725", "@726", "@727", "@728", "@729", "@73", "@730", "@731", "@732", "@733", "@734", "@735", "@736", "@737", "@738", "@739", "@74", "@740", "@741", "@742", "@743", "@744", "@745", "@746", "@747", "@748", "@749", "@75", "@750", "@751", "@752", "@753", "@754", "@755", "@756", "@757", "@758", "@759", "@76", "@760", "@761", "@762", "@763", "@764", "@765", "@766", "@767", "@768", "@769", "@77", "@770", "@771", "@772", "@773", "@774", "@775", "@776", "@777", "@778", "@779", "@78", "@780", "@781", "@782", "@783", "@784", "@785", "@786", "@787", "@788", "@789", "@79", "@790", "@791", "@792", "@793", "@794", "@795", "@796", "@797", "@798", "@799", "@8", "@80", "@800", "@801", "@802", "@803", "@804", "@805", "@806", "@807", "@808", "@809", "@81", "@810", "@811", "@812", "@813", "@814", "@815", "@816", "@817", "@818", "@819", "@82", "@820", "@821", "@822", "@823", "@824", "@825", "@826", "@827", "@828", "@829", "@83", "@830", "@831", "@832", "@833", "@834", "@835", "@836", "@837", "@838", "@839", "@84", "@840", "@841", "@842", "@843", "@844", "@845", "@846", "@847", "@848", "@849", "@85", "@850", "@851", "@852", "@853", "@854", "@855", "@856", "@857", "@858", "@859", "@86", "@860", "@861", "@862", "@863", "@864", "@865", "@866", "@867", "@868", "@869", "@87", "@870", "@871", "@872", "@873", "@874", "@875", "@876", "@877", "@878", "@879", "@88", "@880", "@881", "@882", "@883", "@884", "@885", "@886", "@887", "@888", "@889", "@89", "@890", "@891", "@892", "@893", "@894", "@895", "@896", "@897", "@898", "@899", "@9", "@90", "@900", "@901", "@902", "@903", "@904", "@905", "@906", "@907", "@908", "@909", "@91", "@910", "@911", "@912", "@913", "@914", "@915", "@916", "@917", "@918", "@919", "@92", "@920", "@921", "@922", "@923", "@924", "@925", "@926", "@927", "@928", "@929", "@93", "@930", "@931", "@932", "@933", "@934", "@935", "@936", "@937", "@938", "@939", "@94", "@940", "@941", "@942", "@943", "@944", "@945", "@946", "@947", "@948", "@949", "@95", "@950", "@951", "@952", "@953", "@954", "@955", "@956", "@957", "@958", "@959", "@96", "@960", "@961", "@962", "@963", "@964", "@965", "@966", "@967", "@968", "@969", "@97", "@970", "@971", "@972", "@973", "@974", "@975", "@976", "@977", "@978", "@979", "@98", "@980", "@981", "@982", "@983", "@984", "@985", "@986", "@987", "@988", "@989", "@99", "@990", "@991", "@992", "@993", "@994", "@995", "@996", "@997", "@998", "@999", "AAVE", "ACE", "ADA", "AERO", "AI", "AI16Z", "AIXBT", "ALGO", "ALT", "ANIME", "APE", "APEX", "APT", "AR", "ARB", "ASTER", "ATOM", "AVAX", "AVNT", "AXL", "AXS", "AZTEC", "BABY", "BADGER", "BANANA", "BERA", "BIGTIME", "BIO", "BLAST", "BLUR", "BLZ", "BNB", "BRETT", "BSV", "BTC", "CAKE", "CANTO", "CATI", "CC", "CELO", "CHILLGUY", "CHZ", "COMP", "DASH", "DOGE", "DOOD", "DYDX", "DYM", "EIGEN", "ENS", "ETC", "ETH", "FARTCOIN", "FET", "FIL", "FOGO", "FRIEND", "FTM", "FTT", "FXS", "GALA", "GAS", "GMT", "GOAT", "GRASS", "GRIFFAIN", "HBAR", "HEMI", "HMSTR", "HPOS", "HYPE", "HYPER", "ICP", "ILV", "IMX", "INIT", "INJ", "IO", "IOTA", "IP", "JELLY", "JELLYJELLY", "JOE", "JTO", "JUP", "KAITO", "KAS", "LAUNCHCOIN", "LAYER", "LDO", "LINEA", "LISTA", "LIT", "MANTA", "MATIC", "MAV", "MAVIA", "ME", "MEGA", "MELANIA", "MEME", "MERL", "MET", "MEW", "MINA", "MKR", "MON", "MOODENG", "MORPHO", "MOVE", "NEAR", "NEIROETH", "NEO", "NFTI", "NIL", "NOT", "NTRN", "NXPC", "OM", "OMNI", "ONDO", "OP", "ORDI", "OX", "PANDORA", "PAXG", "PENDLE", "PENGU", "PEOPLE", "PIXEL", "PNUT", "POL", "POLYX", "POPCAT", "PROMPT", "PROVE", "PUMP", "PURR", "PURR/USDC", "PYTH", "RENDER", "REQ", "RESOLV", "REZ", "RLB", "RNDR", "RSR", "RUNE", "S", "SAGA", "SAND", "SCR", "SKR", "SKY", "SNX", "SOL", "SOPH", "SPX", "STABLE", "STBL", "STG", "STRAX", "STX", "SUI", "SUPER", "SUSHI", "SYRUP", "TAO", "TIA", "TNSR", "TON", "TRB", "TRUMP", "TST", "TURBO", "UMA", "UNIBOT", "USTC", "USUAL", "VET", "VINE", "VIRTUAL", "VVV", "W", "WCT", "WIF", "WLD", "WLFI", "XAI", "XLM", "XMR", "XPL", "YZY", "ZEC", "ZEN", "ZEREBRO", "ZETA", "ZK", "ZORA", "ZRO", "kBONK", "kDOGS", "kLUNC", "kNEIRO", "kPEPE", "kSHIB", "xyz:AAPL", "xyz:ALUMINIUM", "xyz:AMD", "xyz:AMZN", "xyz:BABA", "xyz:CL", "xyz:COIN", "xyz:COPPER", "xyz:COST", "xyz:CRCL", "xyz:CRWV", "xyz:DXY", "xyz:EUR", "xyz:GME", "xyz:GOLD", "xyz:GOOGL", "xyz:HOOD", "xyz:HYUNDAI", "xyz:INTC", "xyz:JP225", "xyz:JPY", "xyz:KR200", "xyz:LLY", "xyz:META", "xyz:MSFT", "xyz:MSTR", "xyz:MU", "xyz:NATGAS", "xyz:NFLX", "xyz:NVDA", "xyz:ORCL", "xyz:PALLADIUM", "xyz:PLATINUM", "xyz:PLTR", "xyz:RIVN", "xyz:SILVER", "xyz:SKHX", "xyz:SMSN", "xyz:SNDK", "xyz:SOFTBANK", "xyz:TSLA", "xyz:TSM", "xyz:URANIUM", "xyz:URNM", "xyz:USAR", "xyz:XYZ100"], "hip3Keys": ["xyz:AAPL", "xyz:ALUMINIUM", "xyz:AMD", "xyz:AMZN", "xyz:BABA", "xyz:CL", "xyz:COIN", "xyz:COPPER", "xyz:COST", "xyz:CRCL", "xyz:CRWV", "xyz:DXY", "xyz:EUR", "xyz:GME", "xyz:GOLD", "xyz:GOOGL", "xyz:HOOD", "xyz:HYUNDAI", "xyz:INTC", "xyz:JP225", "xyz:JPY", "xyz:KR200", "xyz:LLY", "xyz:META", "xyz:MSFT", "xyz:MSTR", "xyz:MU", "xyz:NATGAS", "xyz:NFLX", "xyz:NVDA", "xyz:ORCL", "xyz:PALLADIUM", "xyz:PLATINUM", "xyz:PLTR", "xyz:RIVN", "xyz:SILVER", "xyz:SKHX", "xyz:SMSN", "xyz:SNDK", "xyz:SOFTBANK", "xyz:TSLA", "xyz:TSM", "xyz:URANIUM", "xyz:URNM", "xyz:USAR", "xyz:XYZ100"], "hip3Prices": {"xyz:AAPL": "278.0", "xyz:ALUMINIUM": "3192.3", "xyz:AMD": "220.8", "xyz:AMZN": "233.75", "xyz:BABA": "155.0", "xyz:CL": "95.685", "xyz:COIN": "254.0", "xyz:COPPER": "5.85", "xyz:COST": "982.0", "xyz:CRCL": "80.0", "xyz:CRWV": "83.0", "xyz:DXY": "100.0", "xyz:EUR": "1.19", "xyz:GME": "23.0", "xyz:GOLD": "4699.5", "xyz:GOOGL": "306.0", "xyz:HOOD": "120.0", "xyz:HYUNDAI": "343.0", "xyz:INTC": "40.5", "xyz:JP225": "57000.0", "xyz:JPY": "156.0", "xyz:KR200": "800.0", "xyz:LLY": "1076.0", "xyz:META": "644.0", "xyz:MSFT": "475.0", "xyz:MSTR": "177.0", "xyz:MU": "330.0", "xyz:NATGAS": "2.88", "xyz:NFLX": "88.0", "xyz:NVDA": "198.0", "xyz:ORCL": "180.0", "xyz:PALLADIUM": "1390.0", "xyz:PLATINUM": "2026.5", "xyz:PLTR": "143.0", "xyz:RIVN": "14.04", "xyz:SILVER": "82.19", "xyz:SKHX": "400.6", "xyz:SMSN": "113.0", "xyz:SNDK": "370.0", "xyz:SOFTBANK": "31.0", "xyz:TSLA": "246.0", "xyz:TSM": "335.0", "xyz:URANIUM": "85.0", "xyz:URNM": "63.0", "xyz:USAR": "19.76", "xyz:XYZ100": "25547.0"}, "samplePrices": {"#100": "0.54", "#101": "0.46", "#110": "0.2", "#111": "0.8", "#120": "0.6"}, "totalKeys": 1976}
 (NOBRIDGE) DEBUG  PerpsController: rest_preload_end {"duration_ms": 3071, "markets": 253}
 (NOBRIDGE) DEBUG  PerpsController: Market data preloaded {"marketCount": 253}
 (NOBRIDGE) DEBUG  PerpsController: Fetching user data in background {"userAddress": "0x8dc623e964475d4d669da601fd15ea9125469003"}
 (NOBRIDGE) DEBUG  HyperLiquidProvider: Getting positions in standalone mode {"userAddress": "0x8dc623e964475d4d669da601fd15ea9125469003"}
 (NOBRIDGE) DEBUG  HyperLiquidProvider: Getting open orders in standalone mode {"userAddress": "0x8dc623e964475d4d669da601fd15ea9125469003"}
 (NOBRIDGE) DEBUG  HyperLiquidProvider: Getting account state in standalone mode {"userAddress": "0x8dc623e964475d4d669da601fd15ea9125469003"}
 (NOBRIDGE) DEBUG  [TeamsCache] Cached 2 teams for league: nfl
 (NOBRIDGE) DEBUG  Market data received: [{"category": "trending", "description": "This market will resolve according to the national team that wins the 2026 FIFA World Cup.

If at any point it becomes impossible for this team to win the FIFA World Cup based on the rules of FIFA (e.g., they are eliminated in the knockout stage), this market will resolve immediately to “No”.

If the 2026 FIFA World Cup is permanently canceled or has not been completed by October 13, 2026, 11:59 PM this market will resolve to “Other”.

The primary resolution source will be official information from FIFA, however, a consensus of credible reporting may also be used.", "endDate": "2026-07-20T00:00:00Z", "game": undefined, "id": "30615", "image": "https://polymarket-upload.s3.us-east-2.amazonaws.com/2026-fifa-world-cup-winner-595-8rgoVIZnbKgL.png", "liquidity": 145703889.91338, "outcomes": [[Object], [Object], [Object], [Object], [Object], [Object], [Object], [Object], [Object], [Object], [Object], [Object], [Object], [Object], [Object], [Object], [Object], [Object], [Object], [Object], [Object], [Object], [Object], [Object], [Object], [Object], [Object], [Object], [Object], [Object], [Object], [Object], [Object], [Object], [Object], [Object], [Object], [Object], [Object], [Object], [Object], [Object], [Object], [Object], [Object], [Object], [Object], [Object], [Object], [Object]], "providerId": "polymarket", "recurrence": "none", "slug": "2026-fifa-world-cup-winner-595", "status": "open", "tags": ["soccer", "sports", "fifa-world-cup", "2026-fifa-world-cup", "hide-from-new"], "title": "2026 FIFA World Cup Winner ", "volume": 659230360.6107768}, {"category": "trending", "description": "The FED interest rates are defined in this market by the upper bound of the target federal funds range. The decisions on the target federal fund range are made by the Federal Open Market Committee (FOMC) meetings.

This market will resolve to the amount of basis points the upper bound of the target federal funds rate is changed by versus the level it was prior to the Federal Reserve's April 2026 meeting.

If the target federal funds rate is changed to a level not expressed in the displayed options, the change will be rounded up to the nearest 25 and will resolve to the relevant bracket. (e.g. if there's a cut/increase of 12.5 bps it will be considered to be 25 bps)

The resolution source for this market is the FOMC’s statement after its meeting scheduled for April 28-29, 2026 according to the official calendar: https://www.federalreserve.gov/monetarypolicy/fomccalendars.htm.

The level and change of the target federal funds rate is also published at the official website of the Federal Reserve at https://www.federalreserve.gov/monetarypolicy/openmarket.htm.

This market may resolve as soon as the FOMC’s statement for their April meeting with relevant data is issued. If no statement is released by the end date of the next scheduled meeting, this market will resolve to the \"No change\" bracket.", "endDate": "2026-04-29T00:00:00Z", "game": undefined, "id": "75478", "image": "https://polymarket-upload.s3.us-east-2.amazonaws.com/jerome+powell+glasses1.png", "liquidity": 14162754.96468, "outcomes": [[Object], [Object], [Object], [Object]], "providerId": "polymarket", "recurrence": "monthly", "series": {"id": "35", "recurrence": "monthly", "slug": "fomc", "title": "FOMC"}, "slug": "fed-decision-in-april", "status": "open", "tags": ["economic-policy", "economy", "jerome-powell", "fed", "fed-rates", "politics", "fomc"], "title": "Fed decision in April?", "volume": 95915243.8279563}, {"category": "trending", "description": "This market will resolve to “Yes” if the Oklahoma City Thunder win the 2026 NBA Finals. Otherwise, this market will resolve to “No”.

This market will resolve to “No” if it becomes impossible for this team to win the 2026 NBA Finals based off the rules of the NBA.

The resolution source for this market will be information from the NBA.", "endDate": "2026-07-01T00:00:00Z", "game": undefined, "id": "27830", "image": "https://polymarket-upload.s3.us-east-2.amazonaws.com/nba-finals-points-leader-7g2ZEZvMXxLb.jpg", "liquidity": 8588427.23032, "outcomes": [[Object], [Object], [Object], [Object], [Object], [Object], [Object], [Object], [Object], [Object], [Object], [Object], [Object], [Object], [Object], [Object], [Object], [Object], [Object], [Object], [Object], [Object], [Object], [Object], [Object], [Object], [Object], [Object], [Object], [Object]], "providerId": "polymarket", "recurrence": "none", "slug": "2026-nba-champion", "status": "open", "tags": ["sports", "nba", "nba-finals", "basketball", "nba-champion"], "title": "2026 NBA Champion", "volume": 271585043.72841763}, {"category": "trending", "description": "This market will resolve to “Yes” if there is an official ceasefire agreement, defined as a publicly announced and mutually agreed halt in direct military engagement, between Israel and Hezbollah by the listed date, 11:59 PM ET.

If the agreement is officially reached before the resolution date, this market will resolve to “Yes,” regardless of whether the ceasefire officially takes effect after the resolution date.

Any form of informal understanding, backchannel communication, de-escalation without an announced agreement, or unilateral pause in hostilities will not be considered an official ceasefire. Humanitarian pauses, limited operational pauses, or temporary tactical stand-downs will not count toward the resolution of this market.

A broader peace deal, normalization agreement, or political framework will qualify only if it includes a publicly announced and mutually agreed halt in military engagement between the Israel and Hezbollah, effective on a specified date, or otherwise confirmed by an overwhelming consensus of credible reporting. Agreements that outline future negotiations or de-escalation measures without an explicit, dated commitment to stop fighting will not qualify.

This market’s resolution will be based on official statements from the Israeli Government and Hezbollah. However, a wide consensus of credible media reporting confirming that an official ceasefire agreement has been reached will suffice.", "endDate": "2026-06-30T00:00:00Z", "game": undefined, "id": "242420", "image": "https://polymarket-upload.s3.us-east-2.amazonaws.com/israel+lebanon+dove+flags.png", "liquidity": 98387.82005, "outcomes": [[Object], [Object], [Object], [Object]], "providerId": "polymarket", "recurrence": "none", "slug": "israel-x-hezbollah-ceasefire-by", "status": "open", "tags": ["iran", "israel", "geopolitics", "diplomacy-ceasefire", "lebanon"], "title": "Israel x Hezbollah ceasefire by...?", "volume": 11493805.955950966}, {"category": "trending", "description": "This market will resolve to \"Yes\" if neither the US nor Israel initiates a drone, missile, or air strike on Iranian soil or any official Iranian embassy or consulate on a full calendar day by the listed date, Iran Standard Time (GMT+3:30). Otherwise, this market will resolve to \"No\".

If the date/time of a qualifying strike cannot be confirmed by a consensus of credible reporting by the end of the third calendar day after the listed date, the respective market will resolve to \"Yes\" regardless of whether a strike is later confirmed to have occurred. 

For the purposes of this market, a qualifying \"strike\" is defined as the use of aerial bombs, drones or missiles (including cruise or ballistic missiles) launched by US or Israeli military forces that impact Iranian ground territory or any official Iranian embassy or consulate (e.g., if a weapons depot on Iranian soil is hit by an US/Israeli missile, this will qualify).

Missiles or drones that are intercepted and surface-to-air missile strikes will not be considered, regardless of whether they land on Iranian territory or cause damage.

Actions such as artillery fire, small arms fire, FPV or ATGM strikes directly, ground incursions, naval shelling, cyberattacks, or other operations conducted by US/Israeli ground operatives will not be considered.

The resolution source will be a consensus of credible reporting.", "endDate": "2026-04-30T00:00:00Z", "game": undefined, "id": "303908", "image": "https://polymarket-upload.s3.us-east-2.amazonaws.com/military-action-against-iran-ends-on-FXbnxn2PkUY3.jpg", "liquidity": 10332478.57329, "outcomes": [[Object], [Object], [Object], [Object], [Object], [Object], [Object], [Object], [Object], [Object], [Object], [Object], [Object], [Object], [Object], [Object], [Object], [Object], [Object], [Object], [Object], [Object], [Object], [Object], [Object], [Object], [Object], [Object], [Object], [Object]], "providerId": "polymarket", "recurrence": "monthly", "series": {"id": "11417", "recurrence": "monthly", "slug": "military-action-against-iran-ends-by", "title": "Military action against Iran ends by"}, "slug": "military-action-against-iran-ends-by-522", "status": "open", "tags": ["middle-east", "israel-x-iran", "geopolitics", "military-strikes", "iran", "strike", "trump-iran", "politics"], "title": "Military action against Iran ends by...?", "volume": 29863885.09747202}]
 (NOBRIDGE) LOG  [MetaMask DEBUG]: CurrencyRateController state persisted successfully
 (NOBRIDGE) LOG  [MetaMask DEBUG]: TokenRatesController state persisted successfully
 (NOBRIDGE) LOG  onOPen
 (NOBRIDGE) LOG  [MetaMask DEBUG]: PerpsController state persisted successfully
 (NOBRIDGE) DEBUG  HyperLiquid SDK clients initialized {"connectionState": "connected", "note": "Using WebSocket for InfoClient (default), HTTP fallback available", "testnet": true, "timestamp": "2026-04-16T08:05:46.343Z"}
 (NOBRIDGE) DEBUG  [HyperLiquidProvider] Clients initialized lazily
 (NOBRIDGE) DEBUG  HyperLiquid: WebSocket health check ping starting (timeout: 5000ms)
 (NOBRIDGE) DEBUG  HyperLiquid: WebSocket health check ping succeeded
 (NOBRIDGE) DEBUG  PerpsConnectionManager: Connection timeout cleared
 (NOBRIDGE) DEBUG  PERPSMARK_SENTRY_WS PerpsConn: Connection established {"duration": "3440ms", "metric": "perps.websocket.connection_establishment"}
 (NOBRIDGE) DEBUG  PerpsConnectionManager: Successfully connected
 (NOBRIDGE) DEBUG  PerpsConnectionManager: Pre-loading WebSocket subscriptions via StreamManager
 (NOBRIDGE) DEBUG  PerpsStreamManager: Using controller preloaded market data {"marketCount": 253}
 (NOBRIDGE) DEBUG  Perps: Market data received (first load) {"cacheHit": false, "marketCount": 253, "source": "fresh_fetch", "timeToDataMs": 3510}
 (NOBRIDGE) DEBUG  Perps: Market data received (first load) {"cacheHit": false, "marketCount": 253, "source": "fresh_fetch", "timeToDataMs": 3511}
 (NOBRIDGE) DEBUG  Perps: Market data received (first load) {"cacheHit": false, "marketCount": 253, "source": "fresh_fetch", "timeToDataMs": 3512}
 (NOBRIDGE) DEBUG  Perps: Market data received (first load) {"cacheHit": false, "marketCount": 253, "source": "fresh_fetch", "timeToDataMs": 3513}
 (NOBRIDGE) DEBUG  Perps: Market data received (first load) {"cacheHit": false, "marketCount": 253, "source": "fresh_fetch", "timeToDataMs": 3513}
 (NOBRIDGE) DEBUG  [ensureReady] Starting new initialization
 (NOBRIDGE) DEBUG  HyperLiquidProvider: Building asset mapping {"allowlistMarkets": ["xyz:*"], "blocklistMarkets": ["demo"], "hip3Enabled": true}
 (NOBRIDGE) DEBUG  Waiting for DEX discovery before creating subscriptions...
 (NOBRIDGE) LOG  [MetaMask DEBUG]: EarnController state persisted successfully
 (NOBRIDGE) LOG  [MetaMask DEBUG]: PredictController state persisted successfully
 (NOBRIDGE) DEBUG  HyperLiquidProvider: Testnet - filtered to allowed DEXs {"allowedDexs": ["xyz"], "availableHip3Dexs": 203, "filteredDexs": ["xyz"]}
 (NOBRIDGE) DEBUG  HyperLiquidProvider: Testnet - filtered to allowed DEXs {"allowedDexs": ["xyz"], "availableHip3Dexs": 203, "filteredDexs": ["xyz"]}
 (NOBRIDGE) DEBUG  HyperLiquidProvider: Testnet - filtered to allowed DEXs {"allowedDexs": ["xyz"], "availableHip3Dexs": 203, "filteredDexs": ["xyz"]}
 (NOBRIDGE) DEBUG  PerpsConnectionManager: Pre-loading complete with persistent subscriptions
 (NOBRIDGE) DEBUG  PERPSMARK_SENTRY_WS PerpsConn: Connection with preload completed {"duration": "3557ms", "metric": "perps.websocket.connection_with_preload"}
 (NOBRIDGE) DEBUG  PerpsStreamManager: Using cached market data {"cacheAgeMs": 115, "cacheAgeSeconds": 0, "cacheValidForMs": 299885, "marketCount": 253, "providerId": "hyperliquid"}
 (NOBRIDGE) DEBUG  Perps: Market data updated {"marketCount": 253}
 (NOBRIDGE) DEBUG  Perps: Market data updated {"marketCount": 253}
 (NOBRIDGE) DEBUG  Perps: Market data updated {"marketCount": 253}
 (NOBRIDGE) DEBUG  Perps: Market data updated {"marketCount": 253}
 (NOBRIDGE) DEBUG  Perps: Market data updated {"marketCount": 253}
 (NOBRIDGE) LOG  RNFS:scrypt(131072, 8, 1
 (NOBRIDGE) DEBUG  WC2Manager::constructor() {"addListener": [Function bound addListener], "canGoBack": [Function bound ], "dispatch": [Function bound ], "getCurrentOptions": [Function bound ], "getCurrentRoute": [Function bound ], "getParent": [Function bound getParent], "getRootState": [Function bound ], "getState": [Function bound getState], "goBack": [Function bound ], "isFocused": [Function bound isFocused], "isReady": [Function bound isReady], "navigate": [Function anonymous], "removeListener": [Function bound removeListener], "reset": [Function anonymous], "resetRoot": [Function bound ], "setOptions": [Function bound setOptions], "setParams": [Function bound ]}
 (NOBRIDGE) DEBUG  SDKConnect::init() - starting deeplinking service
 (NOBRIDGE) DEBUG  SDKConnect::init()[Nav/App] - starting
 (NOBRIDGE) DEBUG  DeeplinkProtocolService:: initialized
 (NOBRIDGE) DEBUG  HyperLiquidProvider: standalone positions fetched {"count": 2}
 (NOBRIDGE) DEBUG  HyperLiquidProvider: standalone open orders fetched {"count": 2}
 (NOBRIDGE) WARN  [TypeError: Network request failed]
 (NOBRIDGE) WARN  [TypeError: Network request failed]
 (NOBRIDGE) DEBUG  HyperLiquidProvider: standalone account state fetched {"totalBalance": "872.230963"}
 (NOBRIDGE) DEBUG  PerpsController: User data preloaded {"orderCount": 2, "positionCount": 2, "totalBalance": "872.230963"}
 (NOBRIDGE) WARN  [MetaMask DEBUG]: [TypeError: Network request failed] [Component Stack]
 (NOBRIDGE) LOG  [MetaMask DEBUG]: UserStorageController state persisted successfully
 (NOBRIDGE) LOG  [MetaMask DEBUG]: MultichainAssetsRatesController state persisted successfully
 (NOBRIDGE) LOG  [MetaMask DEBUG]: PerpsController state persisted successfully
 (NOBRIDGE) LOG  [MetaMask DEBUG]: CardController state persisted successfully
 (NOBRIDGE) DEBUG  SDKConnect::init() - waited 1000ms - keep initializing
 (NOBRIDGE) DEBUG  SDKConnect::init() - connections length=0 approvedHosts length=0
 (NOBRIDGE) DEBUG  SDKConnect::init() - valid connections length=0 {}
 (NOBRIDGE) DEBUG  SDKConnect::init() - done
 (NOBRIDGE) DEBUG  SDKConnect::postInit() - check keychain unlocked=true
 (NOBRIDGE) DEBUG  wait:: waitForKeyChainUnlocked[init] unlocked: true
 (NOBRIDGE) DEBUG  SDKConnect::postInit() - currentRouteName=Wallet
 (NOBRIDGE) DEBUG  SDKConnect::postInit() - currentRouteName=Wallet - start reconnectAll
 (NOBRIDGE) DEBUG  SDKConnect::postInit() - keychain unlocked -- wait for reconnectAll
 (NOBRIDGE) DEBUG  SDKConnect::reconnectAll paused=false reconnected=false
 (NOBRIDGE) DEBUG  SDKConnect::reconnectAll - channelIds=0 - done
 (NOBRIDGE) DEBUG  SDKConnect::postInit() - done
 (NOBRIDGE) LOG  RNFS:script finished in 1690ms
 (NOBRIDGE) DEBUG  HyperLiquidProvider: Testnet - filtered to allowed DEXs {"allowedDexs": ["xyz"], "availableHip3Dexs": 203, "filteredDexs": ["xyz"]}
 (NOBRIDGE) DEBUG  HyperLiquidProvider: Available DEXs (market filtering applied at data layer) {"count": 1, "dexNames": ["xyz"]}
 (NOBRIDGE) DEBUG  HyperLiquidProvider: Starting asset mapping rebuild {"allowlistMarkets": ["xyz:*"], "blocklistMarkets": ["demo"], "dexs": [null, "xyz"], "hip3Enabled": true, "previousMapSize": 0, "timestamp": "2026-04-16T08:05:48.191Z"}
 (NOBRIDGE) DEBUG  Feature flags updated: {"allowlistMarkets": ["xyz:*"], "blocklistMarkets": ["demo"], "enabledDexs": ["xyz"], "hip3Enabled": true, "previousAllowlistMarkets": ["xyz:*"], "previousBlocklistMarkets": ["demo"], "previousEnabledDexs": [], "previousHip3Enabled": true}
 (NOBRIDGE) DEBUG  Establishing subscriptions for new DEXs: ["xyz"]
 (NOBRIDGE) DEBUG  DEX discovery complete, proceeding with subscriptions {"enabledDexs": ["xyz"]}
 (NOBRIDGE) DEBUG  [ensureClearinghouseStateSubscription] Waiting for pending subscription for DEX: xyz
 (NOBRIDGE) DEBUG  webData3 subscription established for OI caps (main + HIP-3)
 (NOBRIDGE) DEBUG  clearinghouseState subscription established for DEX: xyz
 (NOBRIDGE) DEBUG  [ensureOpenOrdersSubscription] Waiting for pending subscription for DEX: xyz
 (NOBRIDGE) DEBUG  Waiting for all DEXs to send initial data {"expected": ["", "xyz"], "initialized": ["xyz"]}
 (NOBRIDGE) DEBUG  clearinghouseState subscription established for DEX: main
 (NOBRIDGE) DEBUG  PERPSMARK_SENTRY_WS PerpsWS: First position data received {"duration": "2022ms", "metric": "perps.websocket.first_position_data"}
 (NOBRIDGE) DEBUG  PERPSMARK_SENTRY_WS PerpsWS: First order data received {"duration": "2022ms"}
 (NOBRIDGE) DEBUG  PERPSMARK_SENTRY_WS PerpsWS: First account data received {"duration": "2022ms"}
 (NOBRIDGE) LOG  [MetaMask DEBUG]: AccountTreeController state persisted successfully
 (NOBRIDGE) DEBUG  openOrders subscription established for DEX: main
 (NOBRIDGE) DEBUG  openOrders subscription established for DEX: xyz
 (NOBRIDGE) DEBUG  Established user data subscriptions for new DEX: xyz
 (NOBRIDGE) DEBUG  HIP-3 user data subscriptions established for 2 DEXs
 (NOBRIDGE) DEBUG  PerpsStreamProvider: Using stream manager: {"isE2EMockManager": false, "isRealManager": true, "isTestManager": false}
 (NOBRIDGE) DEBUG  [SubscriptionService] DEX meta cache populated {"dex": "main", "universeSize": 207}
 (NOBRIDGE) DEBUG  [SubscriptionService] DEX assetCtxs cache populated {"ctxsCount": 207, "dex": "main"}
 (NOBRIDGE) DEBUG  [SubscriptionService] DEX meta cache populated {"dex": "xyz", "universeSize": 46}
 (NOBRIDGE) DEBUG  [SubscriptionService] DEX assetCtxs cache populated {"ctxsCount": 46, "dex": "xyz"}
 (NOBRIDGE) DEBUG  HyperLiquidProvider: Asset mapping built {"dexCount": 2, "hip3Sample": ["xyz:XYZ100", "xyz:TSLA", "xyz:NVDA", "xyz:GOLD", "xyz:HOOD", "xyz:INTC", "xyz:PLTR", "xyz:COIN", "xyz:META", "xyz:AAPL"], "mainDexSample": ["SOL", "APT", "ATOM", "BTC", "ETH"], "totalAssets": 253}
 (NOBRIDGE) DEBUG  [ensureReady] Initialization complete
 (NOBRIDGE) DEBUG  HyperLiquidProvider: Fetching markets from DEXs {"dexCount": 2, "skipFilters": false}
 (NOBRIDGE) DEBUG  [getCachedMeta] Using cached meta response {"dex": "main", "universeSize": 207}
 (NOBRIDGE) DEBUG  [getCachedMeta] Using cached meta response {"dex": "xyz", "universeSize": 46}
 (NOBRIDGE) DEBUG  HyperLiquidProvider: Fetched markets for DEX {"dex": "main", "marketCount": 207, "skipCache": false, "skipFilters": false}
 (NOBRIDGE) DEBUG  HyperLiquidProvider: Fetched markets for DEX {"dex": "xyz", "marketCount": 46, "skipCache": false, "skipFilters": false}
 (NOBRIDGE) DEBUG  PriceStreamChannel: Pre-warming with all market symbols {"symbolCount": 253, "symbols": ["SOL", "APT", "ATOM", "BTC", "ETH", "MATIC", "BNB", "AVAX", "GMT", "DYDX"]}
 (NOBRIDGE) DEBUG  Using cached meta for  {"dex": "", "firstAssetSample": "SOL", "universeCount": 207}
 (NOBRIDGE) DEBUG  Using cached meta for xyz {"dex": "xyz", "firstAssetSample": "xyz:XYZ100", "universeCount": 46}
 (NOBRIDGE) DEBUG  HyperLiquid: Global allMids subscription established
 (NOBRIDGE) DEBUG  assetCtxs subscription established for main DEX
 (NOBRIDGE) DEBUG  assetCtxs subscription established for DEX: xyz
 (NOBRIDGE) DEBUG  PerpsStreamProvider: Using stream manager: {"isE2EMockManager": false, "isRealManager": true, "isTestManager": false}
 (NOBRIDGE) LOG  [MetaMask DEBUG]: PerpsController state persisted successfully
 (NOBRIDGE) LOG  [MetaMask DEBUG]: TransactionController state persisted successfully
 (NOBRIDGE) LOG  [MetaMask DEBUG]: AccountTreeController state persisted successfully
 (NOBRIDGE) LOG  [MetaMask DEBUG]: MultichainBalancesController state persisted successfully

