 (NOBRIDGE) LOG  [MetaMask DEBUG]: GasFeeController state persisted successfully
 (NOBRIDGE) LOG  [MetaMask DEBUG]: MultichainBalancesController state persisted successfully
 (NOBRIDGE) LOG  [MetaMask DEBUG]: MultichainAssetsController state persisted successfully
 (NOBRIDGE) LOG  [MetaMask DEBUG]: MultichainBalancesController state persisted successfully
 (NOBRIDGE) DEBUG  usePerpsOrderValidation: Validating order params {"currentPrice": 2367.45, "existingPositionLeverage": undefined, "isBuy": true, "leverage": 3, "orderType": "market", "price": undefined, "size": "0.0043", "symbol": "ETH", "usdAmount": "10"}
 (NOBRIDGE) DEBUG  Validating USD amount (source of truth): {"minimumRequired": 10, "usdAmount": 10}
 (NOBRIDGE) DEBUG  usePerpsOrderValidation: Validation result {"isValid": true}
 (NOBRIDGE) DEBUG  usePerpsOrderValidation: Validating order params {"currentPrice": 2367.4, "existingPositionLeverage": undefined, "isBuy": true, "leverage": 3, "orderType": "market", "price": undefined, "size": "0.0043", "symbol": "ETH", "usdAmount": "10"}
 (NOBRIDGE) DEBUG  Validating USD amount (source of truth): {"minimumRequired": 10, "usdAmount": 10}
 (NOBRIDGE) DEBUG  usePerpsOrderValidation: Validation result {"isValid": true}
 (NOBRIDGE) LOG  [MetaMask DEBUG]: GasFeeController state persisted successfully
 (NOBRIDGE) LOG  [MetaMask DEBUG]: TransactionController state persisted successfully
 (NOBRIDGE) DEBUG  usePerpsOrderValidation: Validating order params {"currentPrice": 2367.3, "existingPositionLeverage": undefined, "isBuy": true, "leverage": 3, "orderType": "market", "price": undefined, "size": "0.0043", "symbol": "ETH", "usdAmount": "10"}
 (NOBRIDGE) DEBUG  Validating USD amount (source of truth): {"minimumRequired": 10, "usdAmount": 10}
 (NOBRIDGE) DEBUG  usePerpsOrderValidation: Validation result {"isValid": true}
 (NOBRIDGE) LOG  [MetaMask DEBUG]: PerpsController state persisted successfully
 (NOBRIDGE) DEBUG  usePerpsOrderValidation: Validating order params {"currentPrice": 2367.25, "existingPositionLeverage": undefined, "isBuy": true, "leverage": 3, "orderType": "market", "price": undefined, "size": "0.0043", "symbol": "ETH", "usdAmount": "10"}
 (NOBRIDGE) DEBUG  Validating USD amount (source of truth): {"minimumRequired": 10, "usdAmount": 10}
 (NOBRIDGE) DEBUG  usePerpsOrderValidation: Validation result {"isValid": true}
 (NOBRIDGE) LOG  [MetaMask DEBUG]: PerpsController state persisted successfully
 (NOBRIDGE) DEBUG  usePerpsOrderValidation: Validating order params {"currentPrice": 2367.3, "existingPositionLeverage": undefined, "isBuy": true, "leverage": 3, "orderType": "market", "price": undefined, "size": "0.0043", "symbol": "ETH", "usdAmount": "10"}
 (NOBRIDGE) DEBUG  Validating USD amount (source of truth): {"minimumRequired": 10, "usdAmount": 10}
 (NOBRIDGE) DEBUG  usePerpsOrderValidation: Validation result {"isValid": true}
 (NOBRIDGE) LOG  [MetaMask DEBUG]: GasFeeController state persisted successfully
 (NOBRIDGE) LOG  [MetaMask DEBUG]: TransactionController state persisted successfully
 (NOBRIDGE) LOG  [MetaMask DEBUG]: PerpsController state persisted successfully
 (NOBRIDGE) DEBUG  usePerpsOrderValidation: Validating order params {"currentPrice": 2367.1, "existingPositionLeverage": undefined, "isBuy": true, "leverage": 3, "orderType": "market", "price": undefined, "size": "0.0043", "symbol": "ETH", "usdAmount": "10"}
 (NOBRIDGE) DEBUG  Validating USD amount (source of truth): {"minimumRequired": 10, "usdAmount": 10}
 (NOBRIDGE) DEBUG  usePerpsOrderValidation: Validation result {"isValid": true}
 (NOBRIDGE) DEBUG  usePerpsOrderValidation: Validating order params {"currentPrice": 2366.95, "existingPositionLeverage": undefined, "isBuy": true, "leverage": 3, "orderType": "market", "price": undefined, "size": "0.0043", "symbol": "ETH", "usdAmount": "10"}
 (NOBRIDGE) DEBUG  Validating USD amount (source of truth): {"minimumRequired": 10, "usdAmount": 10}
 (NOBRIDGE) DEBUG  usePerpsOrderValidation: Validation result {"isValid": true}
 (NOBRIDGE) LOG  [MetaMask DEBUG]: PerpsController state persisted successfully
 (NOBRIDGE) DEBUG  usePerpsOrderValidation: Validating order params {"currentPrice": 2366.85, "existingPositionLeverage": undefined, "isBuy": true, "leverage": 3, "orderType": "market", "price": undefined, "size": "0.0043", "symbol": "ETH", "usdAmount": "10"}
 (NOBRIDGE) DEBUG  Validating USD amount (source of truth): {"minimumRequired": 10, "usdAmount": 10}
 (NOBRIDGE) DEBUG  usePerpsOrderValidation: Validation result {"isValid": true}
 (NOBRIDGE) LOG  [MetaMask DEBUG]: GasFeeController state persisted successfully
 (NOBRIDGE) DEBUG  usePerpsOrderValidation: Validating order params {"currentPrice": 2367.2, "existingPositionLeverage": undefined, "isBuy": true, "leverage": 3, "orderType": "market", "price": undefined, "size": "0.0043", "symbol": "ETH", "usdAmount": "10"}
 (NOBRIDGE) DEBUG  Validating USD amount (source of truth): {"minimumRequired": 10, "usdAmount": 10}
 (NOBRIDGE) DEBUG  usePerpsOrderValidation: Validation result {"isValid": true}
 (NOBRIDGE) LOG  [MetaMask DEBUG]: TransactionController state persisted successfully
 (NOBRIDGE) DEBUG  usePerpsOrderValidation: Validating order params {"currentPrice": 2367.5, "existingPositionLeverage": undefined, "isBuy": true, "leverage": 3, "orderType": "market", "price": undefined, "size": "0.0043", "symbol": "ETH", "usdAmount": "10"}
 (NOBRIDGE) DEBUG  Validating USD amount (source of truth): {"minimumRequired": 10, "usdAmount": 10}
 (NOBRIDGE) DEBUG  usePerpsOrderValidation: Validation result {"isValid": true}
 (NOBRIDGE) DEBUG  usePerpsOrderValidation: Validating order params {"currentPrice": 2367.55, "existingPositionLeverage": undefined, "isBuy": true, "leverage": 3, "orderType": "market", "price": undefined, "size": "0.0043", "symbol": "ETH", "usdAmount": "10"}
 (NOBRIDGE) DEBUG  Validating USD amount (source of truth): {"minimumRequired": 10, "usdAmount": 10}
 (NOBRIDGE) DEBUG  usePerpsOrderValidation: Validation result {"isValid": true}
 (NOBRIDGE) DEBUG  usePerpsOrderValidation: Validating order params {"currentPrice": 2367.65, "existingPositionLeverage": undefined, "isBuy": true, "leverage": 3, "orderType": "market", "price": undefined, "size": "0.0043", "symbol": "ETH", "usdAmount": "10"}
 (NOBRIDGE) DEBUG  Validating USD amount (source of truth): {"minimumRequired": 10, "usdAmount": 10}
 (NOBRIDGE) DEBUG  usePerpsOrderValidation: Validation result {"isValid": true}
 (NOBRIDGE) LOG  [MetaMask DEBUG]: GasFeeController state persisted successfully
 (NOBRIDGE) LOG  [MetaMask DEBUG]: MultichainBalancesController state persisted successfully
 (NOBRIDGE) LOG  [MetaMask DEBUG]: MultichainAssetsController state persisted successfully
 (NOBRIDGE) LOG  [MetaMask DEBUG]: MultichainBalancesController state persisted successfully
 (NOBRIDGE) DEBUG  usePerpsOrderValidation: Validating order params {"currentPrice": 2367.7, "existingPositionLeverage": undefined, "isBuy": true, "leverage": 3, "orderType": "market", "price": undefined, "size": "0.0043", "symbol": "ETH", "usdAmount": "10"}
 (NOBRIDGE) DEBUG  Validating USD amount (source of truth): {"minimumRequired": 10, "usdAmount": 10}
 (NOBRIDGE) DEBUG  usePerpsOrderValidation: Validation result {"isValid": true}
 (NOBRIDGE) LOG  [MetaMask DEBUG]: GasFeeController state persisted successfully
 (NOBRIDGE) LOG  [MetaMask DEBUG]: TransactionController state persisted successfully
 (NOBRIDGE) LOG  [MetaMask DEBUG]: PerpsController state persisted successfully
 (NOBRIDGE) DEBUG  usePerpsOrderValidation: Validating order params {"currentPrice": 2367.75, "existingPositionLeverage": undefined, "isBuy": true, "leverage": 3, "orderType": "market", "price": undefined, "size": "0.0043", "symbol": "ETH", "usdAmount": "10"}
 (NOBRIDGE) DEBUG  Validating USD amount (source of truth): {"minimumRequired": 10, "usdAmount": 10}
 (NOBRIDGE) DEBUG  usePerpsOrderValidation: Validation result {"isValid": true}
 (NOBRIDGE) DEBUG  usePerpsOrderValidation: Validating order params {"currentPrice": 2367.9, "existingPositionLeverage": undefined, "isBuy": true, "leverage": 3, "orderType": "market", "price": undefined, "size": "0.0043", "symbol": "ETH", "usdAmount": "10"}
 (NOBRIDGE) DEBUG  Validating USD amount (source of truth): {"minimumRequired": 10, "usdAmount": 10}
 (NOBRIDGE) DEBUG  usePerpsOrderValidation: Validation result {"isValid": true}
 (NOBRIDGE) LOG  [MetaMask DEBUG]: PerpsController state persisted successfully
 (NOBRIDGE) DEBUG  usePerpsOrderValidation: Validating order params {"currentPrice": 2367.95, "existingPositionLeverage": undefined, "isBuy": true, "leverage": 3, "orderType": "market", "price": undefined, "size": "0.0043", "symbol": "ETH", "usdAmount": "10"}
 (NOBRIDGE) DEBUG  Validating USD amount (source of truth): {"minimumRequired": 10, "usdAmount": 10}
 (NOBRIDGE) DEBUG  usePerpsOrderValidation: Validation result {"isValid": true}
 (NOBRIDGE) DEBUG  usePerpsOrderValidation: Validating order params {"currentPrice": 2368.1, "existingPositionLeverage": undefined, "isBuy": true, "leverage": 3, "orderType": "market", "price": undefined, "size": "0.0043", "symbol": "ETH", "usdAmount": "10"}
 (NOBRIDGE) DEBUG  Validating USD amount (source of truth): {"minimumRequired": 10, "usdAmount": 10}
 (NOBRIDGE) DEBUG  usePerpsOrderValidation: Validation result {"isValid": true}
 (NOBRIDGE) LOG  [MetaMask DEBUG]: GasFeeController state persisted successfully
 (NOBRIDGE) DEBUG  usePerpsOrderValidation: Validating order params {"currentPrice": 2368.3, "existingPositionLeverage": undefined, "isBuy": true, "leverage": 3, "orderType": "market", "price": undefined, "size": "0.0043", "symbol": "ETH", "usdAmount": "10"}
 (NOBRIDGE) DEBUG  Validating USD amount (source of truth): {"minimumRequired": 10, "usdAmount": 10}
 (NOBRIDGE) DEBUG  usePerpsOrderValidation: Validation result {"isValid": true}
 (NOBRIDGE) DEBUG  usePerpsOrderValidation: Validating order params {"currentPrice": 2368.35, "existingPositionLeverage": undefined, "isBuy": true, "leverage": 3, "orderType": "market", "price": undefined, "size": "0.0043", "symbol": "ETH", "usdAmount": "10"}
 (NOBRIDGE) DEBUG  Validating USD amount (source of truth): {"minimumRequired": 10, "usdAmount": 10}
 (NOBRIDGE) DEBUG  usePerpsOrderValidation: Validation result {"isValid": true}
 (NOBRIDGE) LOG  [MetaMask DEBUG]: GasFeeController state persisted successfully
 (NOBRIDGE) LOG  [MetaMask DEBUG]: TransactionController state persisted successfully
 (NOBRIDGE) DEBUG  usePerpsOrderValidation: Validating order params {"currentPrice": 2368.3, "existingPositionLeverage": undefined, "isBuy": true, "leverage": 3, "orderType": "market", "price": undefined, "size": "0.0043", "symbol": "ETH", "usdAmount": "10"}
 (NOBRIDGE) DEBUG  Validating USD amount (source of truth): {"minimumRequired": 10, "usdAmount": 10}
 (NOBRIDGE) DEBUG  usePerpsOrderValidation: Validation result {"isValid": true}
 (NOBRIDGE) DEBUG  usePerpsOrderValidation: Validating order params {"currentPrice": 2368.15, "existingPositionLeverage": undefined, "isBuy": true, "leverage": 3, "orderType": "market", "price": undefined, "size": "0.0043", "symbol": "ETH", "usdAmount": "10"}
 (NOBRIDGE) DEBUG  Validating USD amount (source of truth): {"minimumRequired": 10, "usdAmount": 10}
 (NOBRIDGE) DEBUG  usePerpsOrderValidation: Validation result {"isValid": true}
 (NOBRIDGE) LOG  [MetaMask DEBUG]: TransactionController state persisted successfully
 (NOBRIDGE) DEBUG  usePerpsOrderValidation: Validating order params {"currentPrice": 2368.2, "existingPositionLeverage": undefined, "isBuy": true, "leverage": 3, "orderType": "market", "price": undefined, "size": "0.0043", "symbol": "ETH", "usdAmount": "10"}
 (NOBRIDGE) DEBUG  Validating USD amount (source of truth): {"minimumRequired": 10, "usdAmount": 10}
 (NOBRIDGE) DEBUG  usePerpsOrderValidation: Validation result {"isValid": true}
 (NOBRIDGE) DEBUG  usePerpsOrderValidation: Validating order params {"currentPrice": 2368.35, "existingPositionLeverage": undefined, "isBuy": true, "leverage": 3, "orderType": "market", "price": undefined, "size": "0.0043", "symbol": "ETH", "usdAmount": "10"}
 (NOBRIDGE) DEBUG  Validating USD amount (source of truth): {"minimumRequired": 10, "usdAmount": 10}
 (NOBRIDGE) DEBUG  usePerpsOrderValidation: Validation result {"isValid": true}
 (NOBRIDGE) LOG  [MetaMask DEBUG]: GasFeeController state persisted successfully
 (NOBRIDGE) LOG  [MetaMask DEBUG]: TransactionController state persisted successfully
 (NOBRIDGE) LOG  [MetaMask DEBUG]: PerpsController state persisted successfully
 (NOBRIDGE) LOG  [MetaMask DEBUG]: CurrencyRateController state persisted successfully
 (NOBRIDGE) LOG  [MetaMask DEBUG]: MultichainAssetsRatesController state persisted successfully
 (NOBRIDGE) LOG  [MetaMask DEBUG]: GasFeeController state persisted successfully
 (NOBRIDGE) DEBUG  usePerpsOrderValidation: Validating order params {"currentPrice": 2368.65, "existingPositionLeverage": undefined, "isBuy": true, "leverage": 3, "orderType": "market", "price": undefined, "size": "0.0043", "symbol": "ETH", "usdAmount": "10"}
 (NOBRIDGE) DEBUG  Validating USD amount (source of truth): {"minimumRequired": 10, "usdAmount": 10}
 (NOBRIDGE) DEBUG  usePerpsOrderValidation: Validation result {"isValid": true}
 (NOBRIDGE) LOG  [MetaMask DEBUG]: MultichainAssetsController state persisted successfully
 (NOBRIDGE) LOG  [MetaMask DEBUG]: MultichainBalancesController state persisted successfully
 (NOBRIDGE) LOG  [MetaMask DEBUG]: PerpsController state persisted successfully
 (NOBRIDGE) DEBUG  usePerpsOrderValidation: Validating order params {"currentPrice": 2368.85, "existingPositionLeverage": undefined, "isBuy": true, "leverage": 3, "orderType": "market", "price": undefined, "size": "0.0043", "symbol": "ETH", "usdAmount": "10"}
 (NOBRIDGE) DEBUG  Validating USD amount (source of truth): {"minimumRequired": 10, "usdAmount": 10}
 (NOBRIDGE) DEBUG  usePerpsOrderValidation: Validation result {"isValid": true}
 (NOBRIDGE) DEBUG  usePerpsOrderValidation: Validating order params {"currentPrice": 2369.3, "existingPositionLeverage": undefined, "isBuy": true, "leverage": 3, "orderType": "market", "price": undefined, "size": "0.0043", "symbol": "ETH", "usdAmount": "10"}
 (NOBRIDGE) DEBUG  Validating USD amount (source of truth): {"minimumRequired": 10, "usdAmount": 10}
 (NOBRIDGE) DEBUG  usePerpsOrderValidation: Validation result {"isValid": true}
 (NOBRIDGE) DEBUG  usePerpsOrderValidation: Validating order params {"currentPrice": 2369.2, "existingPositionLeverage": undefined, "isBuy": true, "leverage": 3, "orderType": "market", "price": undefined, "size": "0.0043", "symbol": "ETH", "usdAmount": "10"}
 (NOBRIDGE) DEBUG  Validating USD amount (source of truth): {"minimumRequired": 10, "usdAmount": 10}
 (NOBRIDGE) DEBUG  usePerpsOrderValidation: Validation result {"isValid": true}
 (NOBRIDGE) LOG  [MetaMask DEBUG]: GasFeeController state persisted successfully
 (NOBRIDGE) LOG  [MetaMask DEBUG]: PerpsController state persisted successfully
 (NOBRIDGE) LOG  [MetaMask DEBUG]: TransactionController state persisted successfully
 (NOBRIDGE) DEBUG  usePerpsOrderValidation: Validating order params {"currentPrice": 2369.15, "existingPositionLeverage": undefined, "isBuy": true, "leverage": 3, "orderType": "market", "price": undefined, "size": "0.0043", "symbol": "ETH", "usdAmount": "10"}
 (NOBRIDGE) DEBUG  Validating USD amount (source of truth): {"minimumRequired": 10, "usdAmount": 10}
 (NOBRIDGE) DEBUG  usePerpsOrderValidation: Validation result {"isValid": true}
 (NOBRIDGE) DEBUG  usePerpsOrderValidation: Validating order params {"currentPrice": 2368.95, "existingPositionLeverage": undefined, "isBuy": true, "leverage": 3, "orderType": "market", "price": undefined, "size": "0.0043", "symbol": "ETH", "usdAmount": "10"}
 (NOBRIDGE) DEBUG  Validating USD amount (source of truth): {"minimumRequired": 10, "usdAmount": 10}
 (NOBRIDGE) DEBUG  usePerpsOrderValidation: Validation result {"isValid": true}
 (NOBRIDGE) DEBUG  usePerpsOrderValidation: Validating order params {"currentPrice": 2368.85, "existingPositionLeverage": undefined, "isBuy": true, "leverage": 3, "orderType": "market", "price": undefined, "size": "0.0043", "symbol": "ETH", "usdAmount": "10"}
 (NOBRIDGE) DEBUG  Validating USD amount (source of truth): {"minimumRequired": 10, "usdAmount": 10}
 (NOBRIDGE) DEBUG  usePerpsOrderValidation: Validation result {"isValid": true}
 (NOBRIDGE) LOG  [MetaMask DEBUG]: PerpsController state persisted successfully
 (NOBRIDGE) DEBUG  usePerpsOrderValidation: Validating order params {"currentPrice": 2368.75, "existingPositionLeverage": undefined, "isBuy": true, "leverage": 3, "orderType": "market", "price": undefined, "size": "0.0043", "symbol": "ETH", "usdAmount": "10"}
 (NOBRIDGE) DEBUG  Validating USD amount (source of truth): {"minimumRequired": 10, "usdAmount": 10}
 (NOBRIDGE) DEBUG  usePerpsOrderValidation: Validation result {"isValid": true}
 (NOBRIDGE) DEBUG  usePerpsOrderValidation: Validating order params {"currentPrice": 2368.65, "existingPositionLeverage": undefined, "isBuy": true, "leverage": 3, "orderType": "market", "price": undefined, "size": "0.0043", "symbol": "ETH", "usdAmount": "10"}
 (NOBRIDGE) DEBUG  Validating USD amount (source of truth): {"minimumRequired": 10, "usdAmount": 10}
 (NOBRIDGE) DEBUG  usePerpsOrderValidation: Validation result {"isValid": true}
 (NOBRIDGE) LOG  [MetaMask DEBUG]: GasFeeController state persisted successfully
 (NOBRIDGE) LOG  [MetaMask DEBUG]: PerpsController state persisted successfully
 (NOBRIDGE) LOG  [MetaMask DEBUG]: GasFeeController state persisted successfully
 (NOBRIDGE) LOG  [MetaMask DEBUG]: TransactionController state persisted successfully
 (NOBRIDGE) DEBUG  usePerpsOrderValidation: Validating order params {"currentPrice": 2368.5, "existingPositionLeverage": undefined, "isBuy": true, "leverage": 3, "orderType": "market", "price": undefined, "size": "0.0043", "symbol": "ETH", "usdAmount": "10"}
 (NOBRIDGE) DEBUG  Validating USD amount (source of truth): {"minimumRequired": 10, "usdAmount": 10}
 (NOBRIDGE) DEBUG  usePerpsOrderValidation: Validation result {"isValid": true}
 (NOBRIDGE) DEBUG  usePerpsOrderValidation: Validating order params {"currentPrice": 2368.45, "existingPositionLeverage": undefined, "isBuy": true, "leverage": 3, "orderType": "market", "price": undefined, "size": "0.0043", "symbol": "ETH", "usdAmount": "10"}
 (NOBRIDGE) DEBUG  Validating USD amount (source of truth): {"minimumRequired": 10, "usdAmount": 10}
 (NOBRIDGE) DEBUG  usePerpsOrderValidation: Validation result {"isValid": true}
 (NOBRIDGE) LOG  [MetaMask DEBUG]: PerpsController state persisted successfully
 (NOBRIDGE) DEBUG  usePerpsOrderValidation: Validating order params {"currentPrice": 2368.6, "existingPositionLeverage": undefined, "isBuy": true, "leverage": 3, "orderType": "market", "price": undefined, "size": "0.0043", "symbol": "ETH", "usdAmount": "10"}
 (NOBRIDGE) DEBUG  Validating USD amount (source of truth): {"minimumRequired": 10, "usdAmount": 10}
 (NOBRIDGE) DEBUG  usePerpsOrderValidation: Validation result {"isValid": true}
 (NOBRIDGE) DEBUG  usePerpsOrderValidation: Validating order params {"currentPrice": 2369.2, "existingPositionLeverage": undefined, "isBuy": true, "leverage": 3, "orderType": "market", "price": undefined, "size": "0.0043", "symbol": "ETH", "usdAmount": "10"}
 (NOBRIDGE) DEBUG  Validating USD amount (source of truth): {"minimumRequired": 10, "usdAmount": 10}
 (NOBRIDGE) DEBUG  usePerpsOrderValidation: Validation result {"isValid": true}
 (NOBRIDGE) DEBUG  usePerpsOrderValidation: Validating order params {"currentPrice": 2368.4, "existingPositionLeverage": undefined, "isBuy": true, "leverage": 3, "orderType": "market", "price": undefined, "size": "0.0043", "symbol": "ETH", "usdAmount": "10"}
 (NOBRIDGE) DEBUG  Validating USD amount (source of truth): {"minimumRequired": 10, "usdAmount": 10}
 (NOBRIDGE) DEBUG  usePerpsOrderValidation: Validation result {"isValid": true}
 (NOBRIDGE) LOG  [MetaMask DEBUG]: PerpsController state persisted successfully
 (NOBRIDGE) LOG  [MetaMask DEBUG]: GasFeeController state persisted successfully
 (NOBRIDGE) LOG  [MetaMask DEBUG]: TransactionController state persisted successfully
 (NOBRIDGE) DEBUG  usePerpsOrderValidation: Validating order params {"currentPrice": 2368.5, "existingPositionLeverage": undefined, "isBuy": true, "leverage": 3, "orderType": "market", "price": undefined, "size": "0.0043", "symbol": "ETH", "usdAmount": "10"}
 (NOBRIDGE) DEBUG  Validating USD amount (source of truth): {"minimumRequired": 10, "usdAmount": 10}
 (NOBRIDGE) DEBUG  usePerpsOrderValidation: Validation result {"isValid": true}
 (NOBRIDGE) LOG  [MetaMask DEBUG]: GasFeeController state persisted successfully
 (NOBRIDGE) LOG  [MetaMask DEBUG]: MultichainBalancesController state persisted successfully
 (NOBRIDGE) DEBUG  usePerpsOrderValidation: Validating order params {"currentPrice": 2368.6, "existingPositionLeverage": undefined, "isBuy": true, "leverage": 3, "orderType": "market", "price": undefined, "size": "0.0043", "symbol": "ETH", "usdAmount": "10"}
 (NOBRIDGE) DEBUG  Validating USD amount (source of truth): {"minimumRequired": 10, "usdAmount": 10}
 (NOBRIDGE) DEBUG  usePerpsOrderValidation: Validation result {"isValid": true}
 (NOBRIDGE) LOG  [MetaMask DEBUG]: SnapController state persisted successfully
 (NOBRIDGE) LOG  [MetaMask DEBUG]: MultichainAssetsController state persisted successfully
 (NOBRIDGE) LOG  [MetaMask DEBUG]: MultichainBalancesController state persisted successfully
 (NOBRIDGE) LOG  [MetaMask DEBUG]: PerpsController state persisted successfully
 (NOBRIDGE) LOG  [MetaMask DEBUG]: PerpsController state persisted successfully
 (NOBRIDGE) DEBUG  usePerpsOrderValidation: Validating order params {"currentPrice": 2368.5, "existingPositionLeverage": undefined, "isBuy": true, "leverage": 3, "orderType": "market", "price": undefined, "size": "0.0043", "symbol": "ETH", "usdAmount": "10"}
 (NOBRIDGE) DEBUG  Validating USD amount (source of truth): {"minimumRequired": 10, "usdAmount": 10}
 (NOBRIDGE) DEBUG  usePerpsOrderValidation: Validation result {"isValid": true}
 (NOBRIDGE) LOG  [MetaMask DEBUG]: GasFeeController state persisted successfully
 (NOBRIDGE) LOG  [MetaMask DEBUG]: TransactionController state persisted successfully
 (NOBRIDGE) DEBUG  usePerpsOrderValidation: Validating order params {"currentPrice": 2368.4, "existingPositionLeverage": undefined, "isBuy": true, "leverage": 3, "orderType": "market", "price": undefined, "size": "0.0043", "symbol": "ETH", "usdAmount": "10"}
 (NOBRIDGE) DEBUG  Validating USD amount (source of truth): {"minimumRequired": 10, "usdAmount": 10}
 (NOBRIDGE) DEBUG  usePerpsOrderValidation: Validation result {"isValid": true}
 (NOBRIDGE) DEBUG  usePerpsOrderValidation: Validating order params {"currentPrice": 2368.6, "existingPositionLeverage": undefined, "isBuy": true, "leverage": 3, "orderType": "market", "price": undefined, "size": "0.0043", "symbol": "ETH", "usdAmount": "10"}
 (NOBRIDGE) DEBUG  Validating USD amount (source of truth): {"minimumRequired": 10, "usdAmount": 10}
 (NOBRIDGE) DEBUG  usePerpsOrderValidation: Validation result {"isValid": true}
 (NOBRIDGE) LOG  [MetaMask DEBUG]: GasFeeController state persisted successfully
 (NOBRIDGE) LOG  [MetaMask DEBUG]: GasFeeController state persisted successfully
 (NOBRIDGE) LOG  [MetaMask DEBUG]: TransactionController state persisted successfully
 (NOBRIDGE) DEBUG  usePerpsOrderValidation: Validating order params {"currentPrice": 2368.45, "existingPositionLeverage": undefined, "isBuy": true, "leverage": 3, "orderType": "market", "price": undefined, "size": "0.0043", "symbol": "ETH", "usdAmount": "10"}
 (NOBRIDGE) DEBUG  Validating USD amount (source of truth): {"minimumRequired": 10, "usdAmount": 10}
 (NOBRIDGE) DEBUG  usePerpsOrderValidation: Validation result {"isValid": true}
 (NOBRIDGE) LOG  [MetaMask DEBUG]: PerpsController state persisted successfully
 (NOBRIDGE) DEBUG  usePerpsOrderValidation: Validating order params {"currentPrice": 2368.25, "existingPositionLeverage": undefined, "isBuy": true, "leverage": 3, "orderType": "market", "price": undefined, "size": "0.0043", "symbol": "ETH", "usdAmount": "10"}
 (NOBRIDGE) DEBUG  Validating USD amount (source of truth): {"minimumRequired": 10, "usdAmount": 10}
 (NOBRIDGE) DEBUG  usePerpsOrderValidation: Validation result {"isValid": true}
 (NOBRIDGE) LOG  [MetaMask DEBUG]: GasFeeController state persisted successfully
 (NOBRIDGE) LOG  [MetaMask DEBUG]: MultichainBalancesController state persisted successfully
 (NOBRIDGE) LOG  [MetaMask DEBUG]: TransactionController state persisted successfully
 (NOBRIDGE) LOG  [MetaMask DEBUG]: GasFeeController state persisted successfully
 (NOBRIDGE) LOG  [MetaMask DEBUG]: MultichainAssetsController state persisted successfully
 (NOBRIDGE) LOG  [MetaMask DEBUG]: MultichainBalancesController state persisted successfully
 (NOBRIDGE) DEBUG  usePerpsOrderValidation: Validating order params {"currentPrice": 2368.25, "existingPositionLeverage": undefined, "isBuy": true, "leverage": 3, "orderType": "market", "price": undefined, "size": "0.0043", "symbol": "ETH", "usdAmount": "10"}
 (NOBRIDGE) DEBUG  Validating USD amount (source of truth): {"minimumRequired": 10, "usdAmount": 10}
 (NOBRIDGE) DEBUG  usePerpsOrderValidation: Validation result {"isValid": true}
 (NOBRIDGE) LOG  [MetaMask DEBUG]: TransactionController state persisted successfully
 (NOBRIDGE) LOG  [MetaMask DEBUG]: PerpsController state persisted successfully
 (NOBRIDGE) LOG  [MetaMask DEBUG]: TransactionController state persisted successfully
 (NOBRIDGE) DEBUG  usePerpsOrderValidation: Validating order params {"currentPrice": 2368.15, "existingPositionLeverage": undefined, "isBuy": true, "leverage": 3, "orderType": "market", "price": undefined, "size": "0.0043", "symbol": "ETH", "usdAmount": "10"}
 (NOBRIDGE) DEBUG  Validating USD amount (source of truth): {"minimumRequired": 10, "usdAmount": 10}
 (NOBRIDGE) DEBUG  usePerpsOrderValidation: Validation result {"isValid": true}
 (NOBRIDGE) DEBUG  usePerpsOrderValidation: Validating order params {"currentPrice": 2368.3, "existingPositionLeverage": undefined, "isBuy": true, "leverage": 3, "orderType": "market", "price": undefined, "size": "0.0043", "symbol": "ETH", "usdAmount": "10"}
 (NOBRIDGE) DEBUG  Validating USD amount (source of truth): {"minimumRequired": 10, "usdAmount": 10}
 (NOBRIDGE) DEBUG  usePerpsOrderValidation: Validation result {"isValid": true}
 (NOBRIDGE) DEBUG  PerpsStreamProvider: Using stream manager: {"isE2EMockManager": false, "isRealManager": true, "isTestManager": false}
 (NOBRIDGE) DEBUG  CandleStreamChannel: Disconnecting WebSocket (no subscribers) {"cacheKey": "ETH-1h"}
 (NOBRIDGE) DEBUG  CandleStreamChannel: Disconnecting WebSocket (no subscribers) {"cacheKey": "ETH-15m"}
 (NOBRIDGE) DEBUG  TradingViewChart: Ignoring mismatched candleData Expected: BTC, Got: ETH
 (NOBRIDGE) DEBUG  [ensureReady] Reusing existing initialization promise
 (NOBRIDGE) DEBUG  PerpsController: Saving pending trade configuration {"config": {"amount": "10", "leverage": 3, "limitPrice": undefined, "orderType": "market", "selectedPaymentToken": null, "stopLossPrice": undefined, "takeProfitPrice": undefined}, "network": "testnet", "symbol": "ETH", "timestamp": "2026-04-16T00:53:25.068Z"}
 (NOBRIDGE) DEBUG  PerpsStreamProvider: Using stream manager: {"isE2EMockManager": false, "isRealManager": true, "isTestManager": false}
 (NOBRIDGE) DEBUG  HyperLiquidProvider: Getting markets with symbol filter {"symbolCount": 1}
 (NOBRIDGE) DEBUG  [getCachedMeta] Using cached meta response {"dex": "main", "universeSize": 207}
 (NOBRIDGE) DEBUG  HyperLiquidProvider: Fetched markets for DEX {"dex": "main", "marketCount": 207, "skipCache": false, "skipFilters": false}
 (NOBRIDGE) DEBUG  HyperLiquid: Market data subscription established for BTC
 (NOBRIDGE) DEBUG  PerpsController: Saving pending trade configuration {"config": {"amount": "10", "leverage": 3, "limitPrice": undefined, "orderType": "market", "selectedPaymentToken": null, "stopLossPrice": undefined, "takeProfitPrice": undefined}, "network": "testnet", "symbol": "ETH", "timestamp": "2026-04-16T00:53:25.338Z"}
 (NOBRIDGE) DEBUG  usePerpsLiveFills: Unsubscribing
 (NOBRIDGE) INFO  TRACK event saved {"event": "Transaction Rejected", "properties": {"account_hardware_type": null, "account_type": "MetaMask", "chain_id": "0xa4b1", "dapp_host_name": "metamask", "eip7702_upgrade_rejection": false, "eip7702_upgrade_transaction": false, "error": "User rejected the request.", "gas_estimation_failed": false, "gas_fee_presented": "medium", "gas_insufficient_native_asset": false, "gas_payment_tokens_available": [], "is_smart_transaction": true, "is_smart_transactions_available": true, "is_smart_transactions_user_opt_in": true, "mm_pay_amount_input_type": "manual", "source": "MetaMask Mobile", "status": "rejected", "transaction_contract_method": ["transfer"], "transaction_envelope_type": "0x2", "transaction_internal_id": "a8bdab30-392d-11f1-bc6d-f7a60e9b24ac", "transaction_type": "perps_deposit_and_order"}, "type": "track"}
 (NOBRIDGE) DEBUG  CandleStreamChannel: WebSocket subscription established {"cacheKey": "BTC-1h", "interval": "1h", "symbol": "BTC"}
 (NOBRIDGE) DEBUG  CandleStreamChannel: WebSocket subscription established {"cacheKey": "BTC-15m", "interval": "15m", "symbol": "BTC"}
 (NOBRIDGE) LOG  [MetaMask DEBUG]: TransactionController state persisted successfully
 (NOBRIDGE) LOG  [MetaMask DEBUG]: PerpsController state persisted successfully
 (NOBRIDGE) DEBUG  [useComplianceGate] Wallet not blocked, proceeding
 (NOBRIDGE) DEBUG  DepositService: Preparing deposit transaction
 (NOBRIDGE) DEBUG  DepositService: Deposit transaction prepared {"assetChainId": "0xa4b1", "depositId": "deposit-d827862c-5272-49bd-b4f2-b8e13e2d41dc", "from": "0x8dc623e964475d4d669da601fd15ea9125469003", "to": "0xaf88d065e77c8cC2239327C5EDb3A432268e5831"}
 (NOBRIDGE) INFO  TRACK event saved {"event": "Perp UI Interaction", "properties": {"ab_test_button_color": "monochrome", "asset": "BTC", "direction": "long", "interaction_type": "tap", "timestamp": 1776300807063}, "type": "track"}
 (NOBRIDGE) INFO  TRACK event saved {"event": "Transaction Added", "properties": {"account_hardware_type": null, "account_type": "MetaMask", "chain_id": "0xa4b1", "dapp_host_name": "metamask", "eip7702_upgrade_transaction": false, "gas_estimation_failed": true, "gas_fee_presented": "not_loaded", "gas_insufficient_native_asset": false, "is_smart_transaction": true, "is_smart_transactions_available": true, "is_smart_transactions_user_opt_in": true, "source": "MetaMask Mobile", "status": "unapproved", "transaction_contract_method": ["transfer"], "transaction_envelope_type": "0x2", "transaction_internal_id": "adb2efa0-392e-11f1-bc6d-f7a60e9b24ac", "transaction_type": "perps_deposit_and_order"}, "type": "track"}
 (NOBRIDGE) DEBUG  PerpsStreamProvider: Using stream manager: {"isE2EMockManager": false, "isRealManager": true, "isTestManager": false}
 (NOBRIDGE) DEBUG  Generating leverage options for maxLeverage: 40
 (NOBRIDGE) DEBUG  Available leverage options: 2, 5, 10, 20, 40
 (NOBRIDGE) DEBUG  usePerpsLivePositions: Received first WebSocket update {"positionsCount": 1}
 (NOBRIDGE) DEBUG  usePerpsLiveFills: Subscribing with no throttle (instant updates)
 (NOBRIDGE) DEBUG  usePerpsLiveFills: Received first WebSocket update {"count": 30}
 (NOBRIDGE) DEBUG  usePerpsLiveFills: Received fill update {"count": 30}
 (NOBRIDGE) DEBUG  Perps: Market data received (first load) {"cacheHit": true, "marketCount": 253, "source": "cache", "timeToDataMs": 0}
 (NOBRIDGE) DEBUG  PerpsStreamManager: Cache miss or stale {"cacheAgeMs": 849389, "cacheDurationMs": 300000, "cacheExpired": true, "hasCached": true, "providerId": "hyperliquid"}
 (NOBRIDGE) DEBUG  HyperLiquid Fee Calculation Started {"amount": "10", "baseFeeRate": 0.00045, "baseMakerRate": 0.00015, "baseTakerRate": 0.00045, "hip3Multiplier": 1, "isHip3Asset": false, "isMaker": false, "orderType": "market", "symbol": "BTC"}
 (NOBRIDGE) LOG  [MetaMask DEBUG]: RewardsController: Fetching fresh season metadata via API call for type current
 (NOBRIDGE) DEBUG  [ensureReady] Reusing existing initialization promise
 (NOBRIDGE) DEBUG  usePerpsLivePositions: Received first WebSocket update {"positionsCount": 1}
 (NOBRIDGE) DEBUG  [ensureReady] Reusing existing initialization promise
 (NOBRIDGE) LOG  [MetaMask DEBUG]: Failed to resolve IPFS URL for http://127.0.0.1:8061/assets/?unstable_path=.%2Fapp%2Fimages/perps-pay-token-icon.png?platform=ios&hash=e3c84351c35359caf8f88111c397b318
 (NOBRIDGE) DEBUG  User Address Retrieved {"network": "testnet", "userAddress": "0x8dc623e964475d4d669da601fd15ea9125469003"}
 (NOBRIDGE) DEBUG  Fetching Fresh Fee Rates from HyperLiquid API {"cacheHit": false, "userAddress": "0x8dc623e964475d4d669da601fd15ea9125469003"}
 (NOBRIDGE) DEBUG  HyperLiquidProvider: Getting markets with symbol filter {"symbolCount": 1}
 (NOBRIDGE) DEBUG  [getCachedMeta] Using cached meta response {"dex": "main", "universeSize": 207}
 (NOBRIDGE) DEBUG  HyperLiquidProvider: Getting markets with symbol filter {"symbolCount": 1}
 (NOBRIDGE) DEBUG  [getCachedMeta] Using cached meta response {"dex": "main", "universeSize": 207}
 (NOBRIDGE) DEBUG  HyperLiquidProvider: Fetched markets for DEX {"dex": "main", "marketCount": 207, "skipCache": false, "skipFilters": false}
 (NOBRIDGE) DEBUG  HyperLiquidProvider: Fetched markets for DEX {"dex": "main", "marketCount": 207, "skipCache": false, "skipFilters": false}
 (NOBRIDGE) INFO  TRACK event saved {"event": "Perp Screen Viewed", "properties": {"ab_test_button_color": "monochrome", "asset": "BTC", "direction": "long", "open_position": 0, "screen_type": "trading", "source": "perp_asset_screen", "timestamp": 1776300807703}, "type": "track"}
 (NOBRIDGE) INFO  TRACK event saved {"event": "Perp UI Interaction", "properties": {"asset": "BTC", "direction": "long", "interaction_type": "order_type_viewed", "leverage_used": 3, "order_size": 10, "order_type": "market", "timestamp": 1776300807706}, "type": "track"}
 (NOBRIDGE) DEBUG  HyperLiquid userFees API Response {"activeReferralDiscount": "0.04", "activeStakingDiscount": {"bpsOfMaxSupply": "0.0", "discount": "0.0"}, "userAddRate": "0.00015", "userCrossRate": "0.00045"}
 (NOBRIDGE) DEBUG  Fee Discount Calculation {"discounts": {"referral": "4.0%", "staking": "0.0%", "total": "4.0%"}, "rates": {"after": {"maker": "0.0144%", "taker": "0.0432%"}, "before": {"maker": "0.0150%", "taker": "0.0450%"}}}
 (NOBRIDGE) DEBUG  Fee Rates Validated and Cached {"cacheExpiry": "2026-04-16T00:58:28.163Z", "discountApplied": true, "hip3Multiplier": 1, "isHip3Asset": false, "selectedRate": 0.000432, "selectedRatePercentage": "0.0432%"}
 (NOBRIDGE) DEBUG  Final Fee Calculation Result {"amount": "10", "fees": {"metamaskRate": "0.1000%", "protocolRate": "0.0432%", "totalAmount": 0.014320000000000001, "totalRate": "0.1432%"}, "orderType": "market", "usingFallbackRates": false}
 (NOBRIDGE) DEBUG  Rewards: Fetching fee discount via controller {"address": "0x8Dc623E964475D4d669da601Fd15ea9125469003", "caipAccountId": "eip155:1:0x8Dc623E964475D4d669da601Fd15ea9125469003"}
 (NOBRIDGE) LOG  [MetaMask DEBUG]: RewardsController: Fetching fresh perps discount data via API call for eip155:1:0x8Dc623E964475D4d669da601Fd15ea9125469003
 (NOBRIDGE) LOG  [MetaMask DEBUG]: PerpsController state persisted successfully
 (NOBRIDGE) LOG  [MetaMask DEBUG]: TransactionController state persisted successfully
 (NOBRIDGE) DEBUG  [ensureReady] Reusing existing initialization promise
 (NOBRIDGE) DEBUG  TopOfBookStreamChannel: Subscribing to top of book {"symbol": "BTC"}
 (NOBRIDGE) DEBUG  HyperLiquidProvider: Getting markets with symbol filter {"symbolCount": 1}
 (NOBRIDGE) DEBUG  [getCachedMeta] Using cached meta response {"dex": "main", "universeSize": 207}
 (NOBRIDGE) DEBUG  HyperLiquidProvider: Fetched markets for DEX {"dex": "main", "marketCount": 207, "skipCache": false, "skipFilters": false}
 (NOBRIDGE) DEBUG  PERPSMARK_SENTRY PerpsScreen: Perps Order View completed {"context": {}, "endConditions": 3, "metric": "Perps Order View"}
 (NOBRIDGE) DEBUG  usePerpsOrderValidation: Validating order params {"currentPrice": 75044, "existingPositionLeverage": undefined, "isBuy": true, "leverage": 3, "orderType": "market", "price": undefined, "size": "0.00014", "symbol": "BTC", "usdAmount": "10"}
 (NOBRIDGE) DEBUG  Validating USD amount (source of truth): {"minimumRequired": 10, "usdAmount": 10}
 (NOBRIDGE) DEBUG  [getCachedMeta] Using cached meta response {"dex": "main", "universeSize": 207}
 (NOBRIDGE) DEBUG  usePerpsOrderValidation: Validation result {"isValid": true}
 (NOBRIDGE) DEBUG  HyperLiquid: BBO subscription established for BTC
 (NOBRIDGE) LOG  [MetaMask DEBUG]: RewardsController: Failed to check active season: No valid season metadata could be found for type: current
 (NOBRIDGE) LOG  [MetaMask DEBUG]: GasFeeController state persisted successfully
 (NOBRIDGE) LOG  [MetaMask DEBUG]: TransactionController state persisted successfully
 (NOBRIDGE) LOG  [MetaMask DEBUG]: PerpsController state persisted successfully
 (NOBRIDGE) DEBUG  Rewards: Fee discount bips fetched via controller {"address": "0x8Dc623E964475D4d669da601Fd15ea9125469003", "discountBips": 0, "duration": "1386ms"}
 (NOBRIDGE) DEBUG  Rewards: Calculating points with discounted fee {"actualFeeUSD": 0.01, "adjustedRate": 0.001, "amount": 10, "discountPercentage": 0, "originalRate": 0.001}
 (NOBRIDGE) DEBUG  Rewards: Points estimation request via controller {"estimatePointsDto": {"account": "eip155:1:0x8Dc623E964475D4d669da601Fd15ea9125469003", "activityContext": {"perpsContext": [Object]}, "activityType": "PERPS"}, "isClose": false, "size": 10, "symbol": "BTC"}
 (NOBRIDGE) LOG  [MetaMask DEBUG]: RewardsController: Fetching fresh season metadata via API call for type current
 (NOBRIDGE) LOG  [MetaMask DEBUG]: CurrencyRateController state persisted successfully
 (NOBRIDGE) LOG  [MetaMask DEBUG]: GasFeeController state persisted successfully
 (NOBRIDGE) LOG  [MetaMask DEBUG]: TokenRatesController state persisted successfully
 (NOBRIDGE) LOG  [MetaMask DEBUG]: TransactionController state persisted successfully
 (NOBRIDGE) DEBUG  usePredictBalance: Loaded balance {"balance": 0}
 (NOBRIDGE) LOG  [MetaMask DEBUG]: RewardsController state persisted successfully
 (NOBRIDGE) LOG  [MetaMask DEBUG]: MultichainAssetsRatesController state persisted successfully
 (NOBRIDGE) LOG  [MetaMask DEBUG]: RewardsController: Failed to check active season: No valid season metadata could be found for type: current
 (NOBRIDGE) DEBUG  Rewards: Points estimated via controller {"bonusBips": 0, "duration": "1458ms", "isClose": false, "pointsEstimate": 0, "size": 10, "symbol": "BTC"}
 (NOBRIDGE) DEBUG  Rewards: Cached points calculation parameters {"address": "0x8Dc623E964475D4d669da601Fd15ea9125469003", "basePointsPerDollar": 0, "bonusBips": 0, "cacheExpiry": "2026-04-16T00:58:29.550Z"}
 (NOBRIDGE) LOG  [MetaMask DEBUG]: RewardsController: Fetching fresh season metadata via API call for type current
 (NOBRIDGE) LOG  [MetaMask DEBUG]: PredictController state persisted successfully
 (NOBRIDGE) LOG  [MetaMask DEBUG]: RewardsController: Failed to check active season: No valid season metadata could be found for type: current
 (NOBRIDGE) DEBUG  PerpsStreamProvider: Using stream manager: {"isE2EMockManager": false, "isRealManager": true, "isTestManager": false}
 (NOBRIDGE) DEBUG  CandleStreamChannel: Disconnecting WebSocket (no subscribers) {"cacheKey": "BTC-1h"}
 (NOBRIDGE) DEBUG  CandleStreamChannel: Disconnecting WebSocket (no subscribers) {"cacheKey": "BTC-15m"}
 (NOBRIDGE) DEBUG  TradingViewChart: Ignoring mismatched candleData Expected: ETH, Got: BTC
 (NOBRIDGE) DEBUG  [ensureReady] Reusing existing initialization promise
 (NOBRIDGE) DEBUG  PerpsController: Saving pending trade configuration {"config": {"amount": "10", "leverage": 3, "limitPrice": undefined, "orderType": "market", "selectedPaymentToken": null, "stopLossPrice": undefined, "takeProfitPrice": undefined}, "network": "testnet", "symbol": "BTC", "timestamp": "2026-04-16T00:53:32.809Z"}
 (NOBRIDGE) DEBUG  PerpsStreamProvider: Using stream manager: {"isE2EMockManager": false, "isRealManager": true, "isTestManager": false}
 (NOBRIDGE) DEBUG  HyperLiquidProvider: Getting markets with symbol filter {"symbolCount": 1}
 (NOBRIDGE) DEBUG  [getCachedMeta] Using cached meta response {"dex": "main", "universeSize": 207}
 (NOBRIDGE) DEBUG  HyperLiquidProvider: Fetched markets for DEX {"dex": "main", "marketCount": 207, "skipCache": false, "skipFilters": false}
 (NOBRIDGE) LOG  [MetaMask DEBUG]: TransactionController state persisted successfully
 (NOBRIDGE) DEBUG  HyperLiquid: Market data subscription established for ETH
 (NOBRIDGE) DEBUG  PerpsController: Saving pending trade configuration {"config": {"amount": "10", "leverage": 3, "limitPrice": undefined, "orderType": "market", "selectedPaymentToken": null, "stopLossPrice": undefined, "takeProfitPrice": undefined}, "network": "testnet", "symbol": "BTC", "timestamp": "2026-04-16T00:53:33.220Z"}
 (NOBRIDGE) DEBUG  usePerpsLiveFills: Unsubscribing
 (NOBRIDGE) INFO  TRACK event saved {"event": "Transaction Rejected", "properties": {"account_hardware_type": null, "account_type": "MetaMask", "chain_id": "0xa4b1", "dapp_host_name": "metamask", "eip7702_upgrade_rejection": false, "eip7702_upgrade_transaction": false, "error": "User rejected the request.", "gas_estimation_failed": true, "gas_fee_presented": "not_loaded", "gas_insufficient_native_asset": false, "gas_payment_tokens_available": [], "is_smart_transaction": true, "is_smart_transactions_available": true, "is_smart_transactions_user_opt_in": true, "mm_pay_amount_input_type": "manual", "source": "MetaMask Mobile", "status": "rejected", "transaction_contract_method": ["transfer"], "transaction_envelope_type": "0x2", "transaction_internal_id": "adb2efa0-392e-11f1-bc6d-f7a60e9b24ac", "transaction_type": "perps_deposit_and_order"}, "type": "track"}
 (NOBRIDGE) DEBUG  CandleStreamChannel: WebSocket subscription established {"cacheKey": "ETH-1h", "interval": "1h", "symbol": "ETH"}
 (NOBRIDGE) DEBUG  CandleStreamChannel: WebSocket subscription established {"cacheKey": "ETH-15m", "interval": "15m", "symbol": "ETH"}
 (NOBRIDGE) LOG  [MetaMask DEBUG]: TransactionController state persisted successfully
 (NOBRIDGE) LOG  [MetaMask DEBUG]: PerpsController state persisted successfully
 (NOBRIDGE) DEBUG  [useComplianceGate] Wallet not blocked, proceeding
 (NOBRIDGE) DEBUG  DepositService: Preparing deposit transaction
 (NOBRIDGE) DEBUG  DepositService: Deposit transaction prepared {"assetChainId": "0xa4b1", "depositId": "deposit-660d18a4-3d54-4bde-9f35-9875071efc64", "from": "0x8dc623e964475d4d669da601fd15ea9125469003", "to": "0xaf88d065e77c8cC2239327C5EDb3A432268e5831"}
 (NOBRIDGE) INFO  TRACK event saved {"event": "Perp UI Interaction", "properties": {"ab_test_button_color": "monochrome", "asset": "ETH", "direction": "long", "interaction_type": "tap", "timestamp": 1776300814913}, "type": "track"}
 (NOBRIDGE) INFO  TRACK event saved {"event": "Transaction Added", "properties": {"account_hardware_type": null, "account_type": "MetaMask", "chain_id": "0xa4b1", "dapp_host_name": "metamask", "eip7702_upgrade_transaction": false, "gas_estimation_failed": true, "gas_fee_presented": "not_loaded", "gas_insufficient_native_asset": false, "is_smart_transaction": true, "is_smart_transactions_available": true, "is_smart_transactions_user_opt_in": true, "source": "MetaMask Mobile", "status": "unapproved", "transaction_contract_method": ["transfer"], "transaction_envelope_type": "0x2", "transaction_internal_id": "b2621fd0-392e-11f1-bc6d-f7a60e9b24ac", "transaction_type": "perps_deposit_and_order"}, "type": "track"}
 (NOBRIDGE) DEBUG  PerpsStreamProvider: Using stream manager: {"isE2EMockManager": false, "isRealManager": true, "isTestManager": false}
 (NOBRIDGE) DEBUG  Generating leverage options for maxLeverage: 25
 (NOBRIDGE) DEBUG  Available leverage options: 2, 5, 10, 20
 (NOBRIDGE) DEBUG  usePerpsLivePositions: Received first WebSocket update {"positionsCount": 1}
 (NOBRIDGE) DEBUG  usePerpsLiveFills: Subscribing with no throttle (instant updates)
 (NOBRIDGE) DEBUG  usePerpsLiveFills: Received first WebSocket update {"count": 30}
 (NOBRIDGE) DEBUG  usePerpsLiveFills: Received fill update {"count": 30}
 (NOBRIDGE) DEBUG  Perps: Market data received (first load) {"cacheHit": true, "marketCount": 253, "source": "cache", "timeToDataMs": 0}
 (NOBRIDGE) DEBUG  PerpsStreamManager: Cache miss or stale {"cacheAgeMs": 857289, "cacheDurationMs": 300000, "cacheExpired": true, "hasCached": true, "providerId": "hyperliquid"}
 (NOBRIDGE) DEBUG  HyperLiquid Fee Calculation Started {"amount": "10", "baseFeeRate": 0.00045, "baseMakerRate": 0.00015, "baseTakerRate": 0.00045, "hip3Multiplier": 1, "isHip3Asset": false, "isMaker": false, "orderType": "market", "symbol": "ETH"}
 (NOBRIDGE) LOG  [MetaMask DEBUG]: RewardsController: Fetching fresh season metadata via API call for type current
 (NOBRIDGE) DEBUG  [ensureReady] Reusing existing initialization promise
 (NOBRIDGE) DEBUG  usePerpsLivePositions: Received first WebSocket update {"positionsCount": 1}
 (NOBRIDGE) DEBUG  [ensureReady] Reusing existing initialization promise
 (NOBRIDGE) LOG  [MetaMask DEBUG]: Failed to resolve IPFS URL for http://127.0.0.1:8061/assets/?unstable_path=.%2Fapp%2Fimages/perps-pay-token-icon.png?platform=ios&hash=e3c84351c35359caf8f88111c397b318
 (NOBRIDGE) DEBUG  User Address Retrieved {"network": "testnet", "userAddress": "0x8dc623e964475d4d669da601fd15ea9125469003"}
 (NOBRIDGE) DEBUG  📦 Using Cached Fee Rates {"cacheAge": "8s", "cacheExpiry": "2026-04-16T00:58:28.163Z", "cacheHit": true, "hip3Multiplier": 1, "isHip3Asset": false, "perpsMakerRate": 0.00014399999999999998, "perpsTakerRate": 0.000432, "selectedRate": 0.000432, "spotMakerRate": 0.000384, "spotTakerRate": 0.000672}
 (NOBRIDGE) DEBUG  Final Fee Calculation Result {"amount": "10", "fees": {"metamaskRate": "0.1000%", "protocolRate": "0.0432%", "totalAmount": 0.014320000000000001, "totalRate": "0.1432%"}, "orderType": "market", "usingFallbackRates": false}
 (NOBRIDGE) DEBUG  HyperLiquidProvider: Getting markets with symbol filter {"symbolCount": 1}
 (NOBRIDGE) DEBUG  [getCachedMeta] Using cached meta response {"dex": "main", "universeSize": 207}
 (NOBRIDGE) DEBUG  HyperLiquidProvider: Getting markets with symbol filter {"symbolCount": 1}
 (NOBRIDGE) DEBUG  [getCachedMeta] Using cached meta response {"dex": "main", "universeSize": 207}
 (NOBRIDGE) DEBUG  HyperLiquidProvider: Fetched markets for DEX {"dex": "main", "marketCount": 207, "skipCache": false, "skipFilters": false}
 (NOBRIDGE) DEBUG  HyperLiquidProvider: Fetched markets for DEX {"dex": "main", "marketCount": 207, "skipCache": false, "skipFilters": false}
 (NOBRIDGE) DEBUG  Rewards: Using cached fee discount {"address": "0x8Dc623E964475D4d669da601Fd15ea9125469003", "cacheAge": "6s", "discountBips": 0}
 (NOBRIDGE) DEBUG  Rewards: Calculating points with discounted fee {"actualFeeUSD": 0.01, "adjustedRate": 0.001, "amount": 10, "discountPercentage": 0, "originalRate": 0.001}
 (NOBRIDGE) DEBUG  Rewards: Points estimation request via controller {"estimatePointsDto": {"account": "eip155:1:0x8Dc623E964475D4d669da601Fd15ea9125469003", "activityContext": {"perpsContext": [Object]}, "activityType": "PERPS"}, "isClose": false, "size": 10, "symbol": "ETH"}
 (NOBRIDGE) LOG  [MetaMask DEBUG]: RewardsController: Fetching fresh season metadata via API call for type current
 (NOBRIDGE) INFO  TRACK event saved {"event": "Perp Screen Viewed", "properties": {"ab_test_button_color": "monochrome", "asset": "ETH", "direction": "long", "open_position": 0, "screen_type": "trading", "source": "perp_asset_screen", "timestamp": 1776300815602}, "type": "track"}
 (NOBRIDGE) INFO  TRACK event saved {"event": "Perp UI Interaction", "properties": {"asset": "ETH", "direction": "long", "interaction_type": "order_type_viewed", "leverage_used": 3, "order_size": 10, "order_type": "market", "timestamp": 1776300815605}, "type": "track"}
 (NOBRIDGE) LOG  [MetaMask DEBUG]: PerpsController state persisted successfully
 (NOBRIDGE) LOG  [MetaMask DEBUG]: TransactionController state persisted successfully
 (NOBRIDGE) LOG  [MetaMask DEBUG]: RewardsController: Failed to check active season: No valid season metadata could be found for type: current
 (NOBRIDGE) LOG  [MetaMask DEBUG]: RewardsController: Failed to check active season: No valid season metadata could be found for type: current
 (NOBRIDGE) DEBUG  Rewards: Points estimated via controller {"bonusBips": 0, "duration": "599ms", "isClose": false, "pointsEstimate": 0, "size": 10, "symbol": "ETH"}
 (NOBRIDGE) DEBUG  Rewards: Cached points calculation parameters {"address": "0x8Dc623E964475D4d669da601Fd15ea9125469003", "basePointsPerDollar": 0, "bonusBips": 0, "cacheExpiry": "2026-04-16T00:58:35.865Z"}
 (NOBRIDGE) DEBUG  [ensureReady] Reusing existing initialization promise
 (NOBRIDGE) DEBUG  TopOfBookStreamChannel: Subscribing to top of book {"symbol": "ETH"}
 (NOBRIDGE) LOG  [MetaMask DEBUG]: RewardsController: Fetching fresh season metadata via API call for type current
 (NOBRIDGE) DEBUG  HyperLiquidProvider: Getting markets with symbol filter {"symbolCount": 1}
 (NOBRIDGE) DEBUG  [getCachedMeta] Using cached meta response {"dex": "main", "universeSize": 207}
 (NOBRIDGE) DEBUG  HyperLiquidProvider: Fetched markets for DEX {"dex": "main", "marketCount": 207, "skipCache": false, "skipFilters": false}
 (NOBRIDGE) DEBUG  PERPSMARK_SENTRY PerpsScreen: Perps Order View completed {"context": {}, "endConditions": 3, "metric": "Perps Order View"}
 (NOBRIDGE) DEBUG  usePerpsOrderValidation: Validating order params {"currentPrice": 2368.25, "existingPositionLeverage": undefined, "isBuy": true, "leverage": 3, "orderType": "market", "price": undefined, "size": "0.0043", "symbol": "ETH", "usdAmount": "10"}
 (NOBRIDGE) DEBUG  Validating USD amount (source of truth): {"minimumRequired": 10, "usdAmount": 10}
 (NOBRIDGE) DEBUG  usePerpsOrderValidation: Validation result {"isValid": true}
 (NOBRIDGE) DEBUG  HyperLiquid: BBO subscription established for ETH
 (NOBRIDGE) LOG  [MetaMask DEBUG]: RewardsController: Failed to check active season: No valid season metadata could be found for type: current
 (NOBRIDGE) LOG  [MetaMask DEBUG]: GasFeeController state persisted successfully
 (NOBRIDGE) LOG  [MetaMask DEBUG]: TransactionController state persisted successfully
 (NOBRIDGE) LOG  [MetaMask DEBUG]: PerpsController state persisted successfully
 (NOBRIDGE) LOG  [MetaMask DEBUG]: GasFeeController state persisted successfully
 (NOBRIDGE) LOG  [MetaMask DEBUG]: CurrencyRateController state persisted successfully
 (NOBRIDGE) LOG  [MetaMask DEBUG]: TokenRatesController state persisted successfully
 (NOBRIDGE) LOG  [MetaMask DEBUG]: TransactionController state persisted successfully
 (NOBRIDGE) LOG  [MetaMask DEBUG]: MultichainAssetsRatesController state persisted successfully
 (NOBRIDGE) LOG  [MetaMask DEBUG]: TransactionController state persisted successfully
 (NOBRIDGE) DEBUG  PerpsStreamProvider: Using stream manager: {"isE2EMockManager": false, "isRealManager": true, "isTestManager": false}
 (NOBRIDGE) DEBUG  CandleStreamChannel: Disconnecting WebSocket (no subscribers) {"cacheKey": "ETH-1h"}
 (NOBRIDGE) DEBUG  CandleStreamChannel: Disconnecting WebSocket (no subscribers) {"cacheKey": "ETH-15m"}
 (NOBRIDGE) DEBUG  TradingViewChart: Ignoring mismatched candleData Expected: SOL, Got: ETH
 (NOBRIDGE) DEBUG  Getting user fills via HyperLiquid SDK: {"startTime": 1768524820034}
 (NOBRIDGE) DEBUG  [ensureReady] Reusing existing initialization promise
 (NOBRIDGE) DEBUG  PerpsController: Saving pending trade configuration {"config": {"amount": "10", "leverage": 3, "limitPrice": undefined, "orderType": "market", "selectedPaymentToken": null, "stopLossPrice": undefined, "takeProfitPrice": undefined}, "network": "testnet", "symbol": "ETH", "timestamp": "2026-04-16T00:53:40.036Z"}
 (NOBRIDGE) DEBUG  PerpsStreamProvider: Using stream manager: {"isE2EMockManager": false, "isRealManager": true, "isTestManager": false}
 (NOBRIDGE) DEBUG  HyperLiquidProvider: Getting markets with symbol filter {"symbolCount": 1}
 (NOBRIDGE) DEBUG  [getCachedMeta] Using cached meta response {"dex": "main", "universeSize": 207}
 (NOBRIDGE) DEBUG  HyperLiquidProvider: Fetched markets for DEX {"dex": "main", "marketCount": 207, "skipCache": false, "skipFilters": false}
 (NOBRIDGE) DEBUG  HyperLiquid: Market data subscription established for SOL
 (NOBRIDGE) DEBUG  PerpsController: Saving pending trade configuration {"config": {"amount": "10", "leverage": 3, "limitPrice": undefined, "orderType": "market", "selectedPaymentToken": null, "stopLossPrice": undefined, "takeProfitPrice": undefined}, "network": "testnet", "symbol": "ETH", "timestamp": "2026-04-16T00:53:40.312Z"}
 (NOBRIDGE) DEBUG  usePerpsLiveFills: Unsubscribing
 (NOBRIDGE) INFO  TRACK event saved {"event": "Transaction Rejected", "properties": {"account_hardware_type": null, "account_type": "MetaMask", "chain_id": "0xa4b1", "dapp_host_name": "metamask", "eip7702_upgrade_rejection": false, "eip7702_upgrade_transaction": false, "error": "User rejected the request.", "gas_estimation_failed": true, "gas_fee_presented": "not_loaded", "gas_insufficient_native_asset": false, "gas_payment_tokens_available": [], "is_smart_transaction": true, "is_smart_transactions_available": true, "is_smart_transactions_user_opt_in": true, "mm_pay_amount_input_type": "manual", "source": "MetaMask Mobile", "status": "rejected", "transaction_contract_method": ["transfer"], "transaction_envelope_type": "0x2", "transaction_internal_id": "b2621fd0-392e-11f1-bc6d-f7a60e9b24ac", "transaction_type": "perps_deposit_and_order"}, "type": "track"}
 (NOBRIDGE) DEBUG  User fills received: {"count": 129}
 (NOBRIDGE) DEBUG  CandleStreamChannel: WebSocket subscription established {"cacheKey": "SOL-1h", "interval": "1h", "symbol": "SOL"}
 (NOBRIDGE) DEBUG  CandleStreamChannel: WebSocket subscription established {"cacheKey": "SOL-15m", "interval": "15m", "symbol": "SOL"}
 (NOBRIDGE) LOG  [MetaMask DEBUG]: TransactionController state persisted successfully
 (NOBRIDGE) LOG  [MetaMask DEBUG]: PerpsController state persisted successfully

