
Recipe: PR 42156 TP/SL clear buttons in perps order entry

Connecting to existing browser via CDP on port 6665...
[cdp] Found extension ID from existing service worker: hebhblbkkdabgoldnojllkipeoacjioc

Pre-conditions:
  [[32mOK[0m] wallet.unlocked (66ms)
  [[32mOK[0m] perps.feature_enabled (1ms)

Nodes:
  [[32mPASS[0m] nav-detail (4ms)
  [[32mPASS[0m] wait-detail (52ms)
  [[32mPASS[0m] setup-navigate-btc-market (81ms)
  [[32mPASS[0m] setup-open-long-order (86ms)
  [[32mPASS[0m] setup-wait-order-entry (60ms)
  [[32mPASS[0m] setup-set-order-size (44ms)
  [[32mPASS[0m] setup-scroll-auto-close (32ms)
  [[32mPASS[0m] setup-enable-auto-close (3ms)
  [[32mPASS[0m] setup-wait-tpsl-inputs (45ms)
  [[32mPASS[0m] ac5-assert-clear-hidden-initially (1ms)
  [[32mPASS[0m] ac5-screenshot-empty-auto-close (119ms)
  [[32mPASS[0m] ac1-enter-tp-price (57ms)
  [[32mPASS[0m] ac1-wait-tp-clear (0ms)
  [[32mPASS[0m] ac1-assert-tp-clear-layout (0ms)
  [[32mPASS[0m] ac1-scroll-tp-clear-layout (1ms)
  [[32mPASS[0m] ac1-screenshot-tp-clear-layout (78ms)
  [[32mPASS[0m] ac2-click-tp-clear (90ms)
  [[32mPASS[0m] ac2-wait-tp-cleared (1ms)
  [[32mPASS[0m] ac2-assert-tp-cleared (0ms)
  [[32mPASS[0m] ac2-screenshot-tp-cleared (95ms)
  [[32mPASS[0m] ac3-enter-sl-price (99ms)
  [[32mPASS[0m] ac3-wait-sl-clear (1ms)
  [[32mPASS[0m] ac3-assert-sl-clear-layout (1ms)
  [[32mPASS[0m] ac3-scroll-sl-clear-layout (1ms)
  [[32mPASS[0m] ac3-screenshot-sl-clear-layout (96ms)
  [[32mPASS[0m] ac4-click-sl-clear (145ms)
  [[32mPASS[0m] ac4-wait-sl-cleared (0ms)
  [[32mPASS[0m] ac4-assert-sl-cleared (0ms)
  [[32mPASS[0m] ac4-screenshot-sl-cleared (124ms)
  [[32mPASS[0m] ac5-assert-clear-hidden-after-clears (1ms)
  [[32mPASS[0m] ac5-screenshot-clear-hidden-final (117ms)

[32m29/29 passed[0m in 1435ms
