Running recipe: Mobile perps decimal parity expanded
Team: perps
Pre-conditions: wallet.unlocked, perps.feature_enabled
Setup: 4 step(s)
Teardown: 1 step(s)
Workflow nodes: 89

Pre-conditions: PASS

Setup hooks:
[setup-account] call perps/select-account
  > Running recipe: Select — switch to account 0x8dc623e964475d4d669da601fd15ea9125469003 and verify
  > Team: perps
  > Pre-conditions: wallet.unlocked
  > Workflow nodes: 3

Pre-conditions: PASS

[switch-account] select account 0x8dc623e964475d4d669da601fd15ea9125469003
  result: {"address":"0x8dc623e964475d4d669da601fd15ea9125469003","id":"0285a92b-905c-4814-8a16-52fe1db60357","name":"","switched":true}
  PASS

[wait-switch] wait for condition
  result: {"address":"0x8dc623e964475d4d669da601fd15ea9125469003"}
  PASS

----------------------------------------
Results: 2/2 passed
Recipe: PASS

  flow: perps/select-account
  PASS

[setup-testnet] call perps/setup-testnet
  > Running recipe: Setup — enable testnet and verify market data loads
  > Team: perps
  > Pre-conditions: wallet.unlocked, perps.feature_enabled
  > Workflow nodes: 4

Pre-conditions: PASS

[enable-testnet] toggle testnet=true
  result: {"ok":true,"already":true}
  PASS

[wait-reload] wait for condition
  result: {"isTestnet":true}
  PASS

[verify-markets] eval ref markets
  result: [{"symbol":"SOL","price":"$85.512","change24h":"+2.32%"},{"symbol":"APT","price":"$0.9031","change24h":"+4.21%"},{"symbol":"ATOM","price":"$1.7759","change24h":"+1.34%"},{"symbol":"BTC","price":"$75,265","change24h":"-0....
  PASS

----------------------------------------
Results: 3/3 passed
Recipe: PASS

  flow: perps/setup-testnet
  PASS

[setup-clear-eth] eval_async
  result: {"cleared":true}
  PASS

[setup-wait-no-eth] wait for condition
  result: {"found":false}
  PASS

[btc-nav-market] navigate to PerpsMarketDetails
  result: {"navigated":"PerpsMarketDetails","params":{"market":{"symbol":"BTC","name":"BTC","price":"0","change24h":"0","change24hPercent":"0","volume":"0","maxLeverage":"100"}},"previousRoute":{"key":"PerpsMarketDetails-yg63UIrim...
  PASS

[btc-wait-market] wait for PerpsMarketDetails
  result: {"route":"PerpsMarketDetails"}
  PASS

[btc-market-extract] eval_sync
  result: {"symbol":"BTC","screen":"market_detail","price":"$75,244","change":"-0.62%","oracle":null}
  PASS

[btc-open-order] press perps-market-details-long-button
  result: {"ok":true,"testId":"perps-market-details-long-button","deviceName":"mm-1"}
  PASS

[btc-wait-order] wait for perps-amount-display-touchable
  result: {"visible":true}
  PASS

[btc-press-amount] press perps-amount-display-touchable
  result: {"ok":true,"testId":"perps-amount-display-touchable","deviceName":"mm-1"}
  PASS

[btc-wait-keypad] wait for keypad-delete-button
  result: {"visible":true}
  PASS

[btc-clear-keypad] clear keypad x8
  result: {"ok":true,"deleted":8}
  PASS

[btc-type-amount] type 11
  result: {"ok":true,"value":"11"}
  PASS

[btc-press-done] press perps-order-view-keypad-done
  result: {"ok":true,"testId":"perps-order-view-keypad-done","deviceName":"mm-1"}
  PASS

[btc-wait-summary] wait 500ms
  waited 500ms
  PASS

[btc-order-extract] eval_sync
  result: {"symbol":"BTC","screen":"order_entry","price":"$75,240","change":"-0.65%","margin":"$3.75","liquidationPrice":"$50,795","fees":"$11"}
  PASS

[eth-nav-market] navigate to PerpsMarketDetails
  result: {"navigated":"PerpsMarketDetails","params":{"market":{"symbol":"ETH","name":"ETH","price":"0","change24h":"0","change24hPercent":"0","volume":"0","maxLeverage":"100"}},"previousRoute":{"key":"RedesignedConfirmations-IfLo...
  PASS

[eth-wait-market] wait for PerpsMarketDetails
  result: {"route":"PerpsMarketDetails"}
  PASS

[eth-market-extract] eval_sync
  result: {"symbol":"ETH","screen":"market_detail","price":"$2,368.9","change":"+1.62%","oracle":null}
  PASS

[eth-open-order] press perps-market-details-long-button
  result: {"ok":true,"testId":"perps-market-details-long-button","deviceName":"mm-1"}
  PASS

[eth-wait-order] wait for perps-amount-display-touchable
  result: {"visible":true}
  PASS

[eth-press-amount] press perps-amount-display-touchable
  result: {"ok":true,"testId":"perps-amount-display-touchable","deviceName":"mm-1"}
  PASS

[eth-wait-keypad] wait for keypad-delete-button
  result: {"visible":true}
  PASS

[eth-clear-keypad] clear keypad x8
  result: {"ok":true,"deleted":8}
  PASS

[eth-type-amount] type 11
  result: {"ok":true,"value":"11"}
  PASS

[eth-press-done] press perps-order-view-keypad-done
  result: {"ok":true,"testId":"perps-order-view-keypad-done","deviceName":"mm-1"}
  PASS

[eth-wait-summary] wait 500ms
  waited 500ms
  PASS

[eth-order-extract] eval_sync
  result: {"symbol":"ETH","screen":"order_entry","price":"$2,368.3","change":"+1.62%","margin":"$3.70","liquidationPrice":"$1,611.1","fees":"$11"}
  PASS

[sol-nav-market] navigate to PerpsMarketDetails
  result: {"navigated":"PerpsMarketDetails","params":{"market":{"symbol":"SOL","name":"SOL","price":"0","change24h":"0","change24hPercent":"0","volume":"0","maxLeverage":"100"}},"previousRoute":{"key":"RedesignedConfirmations-bv4h...
  PASS

[sol-wait-market] wait for PerpsMarketDetails
  result: {"route":"PerpsMarketDetails"}
  PASS

[sol-market-extract] eval_sync
  result: {"symbol":"SOL","screen":"market_detail","price":"$85.485","change":"+2.32%","oracle":null}
  PASS

[fartcoin-nav-market] navigate to PerpsMarketDetails
  result: {"navigated":"PerpsMarketDetails","params":{"market":{"symbol":"FARTCOIN","name":"FARTCOIN","price":"0","change24h":"0","change24hPercent":"0","volume":"0","maxLeverage":"100"}},"previousRoute":{"key":"PerpsMarketDetails...
  PASS

[fartcoin-wait-market] wait for PerpsMarketDetails
  result: {"route":"PerpsMarketDetails"}
  PASS

[fartcoin-market-extract] eval_sync
  result: {"symbol":"FARTCOIN","screen":"market_detail","price":"$0.20296","change":"+7.89%","oracle":null}
  PASS

[pump-nav-market] navigate to PerpsMarketDetails
  result: {"navigated":"PerpsMarketDetails","params":{"market":{"symbol":"PUMP","name":"PUMP","price":"0","change24h":"0","change24hPercent":"0","volume":"0","maxLeverage":"100"}},"previousRoute":{"key":"PerpsMarketDetails-yg63UIr...
  PASS

[pump-wait-market] wait for PerpsMarketDetails
  result: {"route":"PerpsMarketDetails"}
  PASS

[pump-market-extract] eval_sync
  result: {"symbol":"PUMP","screen":"market_detail","price":"$0.001899","change":"+6.58%","oracle":null}
  PASS

[eth-open-position] call perps/trade-open-market
  > Running recipe: Trade — market long ETH $11
  > Team: perps
  > Pre-conditions: wallet.unlocked, perps.ready_to_trade, perps.sufficient_balance
  > Workflow nodes: 14

Pre-conditions: PASS

[nav] navigate to PerpsMarketDetails
  result: {"navigated":"PerpsMarketDetails","params":{"market":{"symbol":"ETH","name":"ETH","price":"0","change24h":"0","change24hPercent":"0","volume":"0","maxLeverage":"100"}},"previousRoute":{"key":"PerpsMarketDetails-yg63UIrim...
  PASS

[wait-render] wait for perps-market-details-long-button
  result: {"visible":true}
  PASS

[press-side] press perps-market-details-long-button
  result: {"ok":true,"testId":"perps-market-details-long-button","deviceName":"mm-1"}
  PASS

[wait-form] wait for RedesignedConfirmations
  result: {"route":"RedesignedConfirmations"}
  PASS

[press-amount] press perps-amount-display-touchable
  result: {"ok":true,"testId":"perps-amount-display-touchable","deviceName":"mm-1"}
  PASS

[wait-keypad] wait for keypad-delete-button
  result: {"visible":true}
  PASS

[clear-keypad] clear keypad x8
  result: {"ok":true,"deleted":8}
  PASS

[type-amount] type 11
  result: {"ok":true,"value":"11"}
  PASS

[assert-amount] eval_sync
  result: {"v":"$11"}
  PASS

[press-done] press perps-order-view-keypad-done
  result: {"ok":true,"testId":"perps-order-view-keypad-done","deviceName":"mm-1"}
  PASS

[wait-summary] wait for perps-order-view-place-order-button
  result: {"visible":true}
  PASS

[place-order] press perps-order-view-place-order-button
  result: {"ok":true,"testId":"perps-order-view-place-order-button","deviceName":"mm-1"}
  PASS

[wait-order-placed] wait for RedesignedConfirmations
  result: {"route":"PerpsMarketDetails"}
  PASS

----------------------------------------
Results: 13/13 passed
Recipe: PASS

  flow: perps/trade-open-market
  PASS

[eth-wait-position] wait for condition
  result: {"found":true}
